================================================================================
[2022-06-09 13:33:03.371] /anyfive.ipims.share.login.act.RetrieveLoginUserSearchList.do
/ipims/share/login/login => /retrieveLoginUserSearchList
/ipims/share/login/login => /retrieveLoginUserSearchList/searchText
SELECT COUNT(1) AS TOTAL_COUNT FROM (
SELECT DECODE(D.USER_ID, NULL,B.EMP_NO, D.EMP_NO) EMP_NO
     , FN_COM_CODE_NAME('SYSTEM_TYPE', A.SYSTEM_TYPE, 'ko-kr', 'ko-kr') SYSTEM_TYPE_NAME
     , A.EMP_HNAME
     , FN_DIVISN_NAME(B.DIVISN_CODE) DIVISN_NAME
     , DECODE(D.USER_ID, NULL,C.DEPT_NAME, FN_OFFICE_NAME(D.OFFICE_CODE)) DEPT_NAME
     , A.EMP_ENAME
     , A.LOGIN_ID
     , A.LOGIN_PW
     , FN_COM_CODE_NAME('HT_CODE', A.HT_CODE, 'ko-kr', 'ko-kr') HT_CODE_NAME
FROM   TB_USR_MST A
     , TB_USR_PATENT B
     , TB_ORG_DEPT C
     , TB_USR_OFFICE D
WHERE  A.USER_ID = B.USER_ID(+)
AND    B.DEPT_CODE = C.DEPT_CODE(+)
AND    A.USER_ID = D.USER_ID(+)
AND    A.USER_ID NOT IN (SELECT USER_ID FROM TB_USR_OUT_INVENTOR)
AND    (UPPER(A.LOGIN_ID) LIKE '%'||UPPER('특허')||'%' OR
        UPPER(A.EMP_HNAME) LIKE '%'||UPPER('특허')||'%' OR
        UPPER(B.EMP_NO) LIKE '%'||UPPER('특허')||'%' OR
        UPPER(D.EMP_NO) LIKE '%'||UPPER('특허')||'%'
       )
) TEMP__1
Result : 1 Row(s) Selected
Laptime : 0.355
================================================================================
[2022-06-09 13:33:03.649] /anyfive.ipims.share.login.act.RetrieveLoginUserSearchList.do
/ipims/share/login/login => /retrieveLoginUserSearchList
/ipims/share/login/login => /retrieveLoginUserSearchList/searchText
SELECT TEMP__2.* FROM (SELECT ROW_NUMBER() OVER(ORDER BY "EMP_HNAME" ASC) AS ROW_NUM, TEMP__1.* FROM (
SELECT DECODE(D.USER_ID, NULL,B.EMP_NO, D.EMP_NO) EMP_NO
     , FN_COM_CODE_NAME('SYSTEM_TYPE', A.SYSTEM_TYPE, 'ko-kr', 'ko-kr') SYSTEM_TYPE_NAME
     , A.EMP_HNAME
     , FN_DIVISN_NAME(B.DIVISN_CODE) DIVISN_NAME
     , DECODE(D.USER_ID, NULL,C.DEPT_NAME, FN_OFFICE_NAME(D.OFFICE_CODE)) DEPT_NAME
     , A.EMP_ENAME
     , A.LOGIN_ID
     , A.LOGIN_PW
     , FN_COM_CODE_NAME('HT_CODE', A.HT_CODE, 'ko-kr', 'ko-kr') HT_CODE_NAME
FROM   TB_USR_MST A
     , TB_USR_PATENT B
     , TB_ORG_DEPT C
     , TB_USR_OFFICE D
WHERE  A.USER_ID = B.USER_ID(+)
AND    B.DEPT_CODE = C.DEPT_CODE(+)
AND    A.USER_ID = D.USER_ID(+)
AND    A.USER_ID NOT IN (SELECT USER_ID FROM TB_USR_OUT_INVENTOR)
AND    (UPPER(A.LOGIN_ID) LIKE '%'||UPPER('특허')||'%' OR
        UPPER(A.EMP_HNAME) LIKE '%'||UPPER('특허')||'%' OR
        UPPER(B.EMP_NO) LIKE '%'||UPPER('특허')||'%' OR
        UPPER(D.EMP_NO) LIKE '%'||UPPER('특허')||'%'
       )
) TEMP__1) TEMP__2 WHERE TEMP__2.ROW_NUM > 0 AND TEMP__2.ROW_NUM <= 50
Result : 1 Row(s) Selected
Laptime : 0.274
================================================================================
[2022-06-09 13:33:04.827] /anyfive.ipims.share.login.act.Login.do
/ipims/share/login/login => /retrieveLogin
SELECT A.SYSTEM_TYPE
     , A.USER_ID
     , B.EMP_NO
     , A.LOGIN_PW
     , A.EMP_HNAME
     , A.EMP_ENAME
     , A.EMP_CNAME
     , A.MAIL_ADDR
     , A.PW_ERR_CNT
     , A.HT_CODE
     , B.DIVISN_CODE
     , FN_DIVISN_NAME(B.DIVISN_CODE) DIVISN_NAME
     , B.DEPT_CODE
     , FN_DEPT_NAME(B.DEPT_CODE) DEPT_NAME
     , C.OFFICE_CODE
     , FN_OFFICE_NAME(C.OFFICE_CODE) OFFICE_NAME
FROM   TB_USR_MST A
     , TB_USR_PATENT B
     , TB_USR_OFFICE C
WHERE  A.USER_ID = B.USER_ID(+)
AND    A.USER_ID = C.USER_ID(+)
AND    A.LOGIN_ID = 'pat1'
AND    A.SYSTEM_TYPE = NVL('', A.SYSTEM_TYPE)
Result : 1 Row(s) Selected
Laptime : 0.029
================================================================================
[2022-06-09 13:33:04.833] /anyfive.ipims.share.login.act.Login.do
/ipims/share/login/login => /retrieveLogin
SELECT A.SYSTEM_TYPE
     , A.USER_ID
     , B.EMP_NO
     , A.LOGIN_PW
     , A.EMP_HNAME
     , A.EMP_ENAME
     , A.EMP_CNAME
     , A.MAIL_ADDR
     , A.PW_ERR_CNT
     , A.HT_CODE
     , B.DIVISN_CODE
     , FN_DIVISN_NAME(B.DIVISN_CODE) DIVISN_NAME
     , B.DEPT_CODE
     , FN_DEPT_NAME(B.DEPT_CODE) DEPT_NAME
     , C.OFFICE_CODE
     , FN_OFFICE_NAME(C.OFFICE_CODE) OFFICE_NAME
FROM   TB_USR_MST A
     , TB_USR_PATENT B
     , TB_USR_OFFICE C
WHERE  A.USER_ID = B.USER_ID(+)
AND    A.USER_ID = C.USER_ID(+)
AND    A.LOGIN_ID = 'pat1'
AND    A.SYSTEM_TYPE = NVL('', A.SYSTEM_TYPE)
Result : 1 Row(s) Selected
Laptime : 0.004
================================================================================
[2022-06-09 13:33:04.879] /anyfive.ipims.share.login.act.Login.do
/ipims/share/login/login => /updateLastLoginDatetime
UPDATE TB_USR_MST SET
       LAST_LOGIN_DATETIME = SYSDATE
WHERE  USER_ID = 'P000000001'
Result : 1 Row(s) Executed
Laptime : 0.045
================================================================================
[2022-06-09 13:33:04.915] /anyfive.ipims.share.login.act.Login.do
/ipims/share/login/login => /retrieveLoginUserMenuGroupList
SELECT GROUP_CODE
FROM   TB_MNU_GROUP_USER
WHERE  USER_ID = 'P000000001'
UNION
SELECT 'COM' GROUP_CODE
FROM   DUAL
Result : 3 Row(s) Selected
Laptime : 0.032
================================================================================
[2022-06-09 13:33:05.724] /anyfive.ipims.share.menu.act.RetrieveMenuList.do
/ipims/share/menu/menu => /retrieveMenuList_PATENT
SELECT A.MENU_CODE
     , DECODE(A.MENU_CODE_PRIOR, 'ROOT',NULL, A.MENU_CODE_PRIOR) MENU_CODE_PRIOR
     , NVL(B.MENU_NAME, C.MENU_NAME) MENU_NAME
     , A.MENU_LEVEL - 1 MENU_LEVEL
     , A.MENU_PATH
FROM   TB_MNU_MENU A
     , (SELECT MENU_CODE
             , MENU_NAME
        FROM   TB_MNU_MENU_NAME
        WHERE  SYSTEM_TYPE = 'PATENT'
        AND    LANG_CODE = 'ko-kr'
       ) B
     , (SELECT MENU_CODE
             , MENU_NAME
        FROM   TB_MNU_MENU_NAME
        WHERE  SYSTEM_TYPE = 'PATENT'
        AND    LANG_CODE = 'ko-kr'
       ) C
WHERE  A.MENU_CODE IN (SELECT MENU_CODE
                       FROM   TB_MNU_GROUP_MENU
                       WHERE  SYSTEM_TYPE = 'PATENT'
                       AND    GROUP_CODE = 'COM'
                       UNION ALL
                       SELECT MENU_CODE
                       FROM   TB_MNU_GROUP_MENU
                       WHERE  SYSTEM_TYPE = 'PATENT'
                       AND    GROUP_CODE IN (SELECT GROUP_CODE
                                             FROM   TB_MNU_GROUP_USER
                                             WHERE  USER_ID = 'P000000001'
                                            )
                      )
AND    A.SYSTEM_TYPE = 'PATENT'
AND    A.MENU_CODE = B.MENU_CODE(+)
AND    A.MENU_CODE = C.MENU_CODE(+)
AND    A.USE_YN = '1'
ORDER  BY MENU_LEVEL, MENU_ORD
Result : 229 Row(s) Selected
Laptime : 0.122
================================================================================
[2022-06-09 13:33:06.676] /anyfive.ipims.share.board.act.RetrieveBoardConfig.do
/ipims/share/board/board => /retrieveBoardConfig
/ipims/share/board/board => /retrieveBoardConfig/brdId
SELECT A.MENU_CODE
     , A.BRD_ID
     , NVL(C.MENU_NAME, D.MENU_NAME) MENU_NAME
     , A.WRITE_AVAIL
     , A.ANS_AVAIL
     , A.READ_CNT_DISP
     , A.NOTICE_PERIOD
     , A.FILE_POLICY
FROM   TB_BRD_MGT A
     , TB_MNU_MENU B
     , (SELECT MENU_CODE
             , MENU_NAME
        FROM   TB_MNU_MENU_NAME
        WHERE  SYSTEM_TYPE = 'PATENT'
        AND    LANG_CODE = 'ko-kr'
       ) C
     , (SELECT MENU_CODE
             , MENU_NAME
        FROM   TB_MNU_MENU_NAME
        WHERE  SYSTEM_TYPE = 'PATENT'
        AND    LANG_CODE = 'ko-kr'
       ) D
WHERE  A.SYSTEM_TYPE = B.SYSTEM_TYPE(+)
AND    A.MENU_CODE = B.MENU_CODE(+)
AND    A.MENU_CODE = C.MENU_CODE(+)
AND    A.MENU_CODE = D.MENU_CODE(+)
AND    A.SYSTEM_TYPE = 'PATENT'
AND    A.BRD_ID = 'PAT_NOTICE'
AND    EXISTS (SELECT 1
               FROM   TB_MNU_GROUP_MENU
               WHERE  SYSTEM_TYPE = A.SYSTEM_TYPE
               AND    MENU_CODE = A.MENU_CODE
               AND    GROUP_CODE = 'COM'
              )
Result : 0 Row(s) Selected
Laptime : 0.192
================================================================================
[2022-06-09 13:33:06.879] /anyfive.ipims.patent.home.act.RetrievePatentCountList.do
/ipims/patent/home/patent => /retrievePatentCountList
/ipims/patent/home/patent => /retrievePatentCountList_ALL
/ipims/patent/home/patent => /retrievePatentCountList/union
/ipims/patent/home/patent => /retrievePatentCountList_REG
/ipims/patent/home/patent => /retrievePatentCountList/union
/ipims/patent/home/patent => /retrievePatentCountList_APP
SELECT 'ALL' ID, COUNT(1) CNT FROM (
SELECT A.* FROM TB_APP_MST A
               ,TB_MAPP_APP_MAN B
WHERE A.REF_ID = B.REF_ID
  AND APP_NO IS NOT NULL
  AND A.RIGHT_DIV IN ('10','20')
  AND B.APP_MAN_CODE IN ('P0006','P0016')
  AND A.STATUS NOT IN ('10INT-0056','10INT-0083','10EXT-0088')
  AND A.INOUT_DIV = 'INT'
UNION ALL
SELECT A.* FROM TB_APP_MST A
              , TB_APP_MST_EXT B
              , TB_APP_EXT_GRP C
              , TB_MAPP_APP_MAN D
WHERE A.REF_ID = B.REF_ID
  AND B.GRP_ID(+) = C.GRP_ID
  AND C.GRP_ID = D.REF_ID
  AND APP_NO IS NOT NULL
  AND A.RIGHT_DIV IN ('10','20')
  AND D.APP_MAN_CODE IN ('P0006','P0016')
  AND A.STATUS NOT IN ('10INT-0056','10INT-0083','10EXT-0088')
  AND A.INOUT_DIV = 'EXT'
) A
UNION ALL
SELECT 'REG' ID, COUNT(1) CNT FROM (
SELECT A.* FROM TB_APP_MST A
               ,TB_MAPP_APP_MAN B
WHERE A.REF_ID = B.REF_ID
  AND A.APP_NO IS NOT NULL
  AND A.REG_NO IS NOT NULL
  AND A.RIGHT_DIV IN ('10','20')
  AND B.APP_MAN_CODE IN ('P0006','P0016')
  AND A.STATUS NOT IN ('10INT-0056','10INT-0083','10EXT-0088')
  AND A.INOUT_DIV = 'INT'
UNION ALL
SELECT A.* FROM TB_APP_MST A
              , TB_APP_MST_EXT B
              , TB_APP_EXT_GRP C
              , TB_MAPP_APP_MAN D
WHERE A.REF_ID = B.REF_ID
  AND B.GRP_ID(+) = C.GRP_ID
  AND C.GRP_ID = D.REF_ID
  AND A.APP_NO IS NOT NULL
  AND A.REG_NO IS NOT NULL
  AND A.RIGHT_DIV IN ('10','20')
  AND D.APP_MAN_CODE IN ('P0006','P0016')
  AND A.STATUS NOT IN ('10INT-0056','10INT-0083','10EXT-0088')
  AND A.INOUT_DIV = 'EXT'
) A
UNION ALL
SELECT 'APP' ID, COUNT(1) CNT FROM (
SELECT A.* FROM TB_APP_MST A
               ,TB_MAPP_APP_MAN B
WHERE A.REF_ID = B.REF_ID
  AND A.APP_NO IS NOT NULL
  AND A.REG_NO IS NULL
  AND A.RIGHT_DIV IN ('10','20')
  AND B.APP_MAN_CODE IN ('P0006','P0016')
  AND A.STATUS NOT IN ('10INT-0056','10INT-0083','10EXT-0088')
  AND A.INOUT_DIV = 'INT'
UNION ALL
SELECT A.* FROM TB_APP_MST A
              , TB_APP_MST_EXT B
              , TB_APP_EXT_GRP C
              , TB_MAPP_APP_MAN D
WHERE A.REF_ID = B.REF_ID
  AND B.GRP_ID(+) = C.GRP_ID
  AND C.GRP_ID = D.REF_ID
  AND APP_NO IS NOT NULL
  AND A.REG_NO IS NULL
  AND A.RIGHT_DIV IN ('10','20')
  AND D.APP_MAN_CODE IN ('P0006','P0016')
  AND A.STATUS NOT IN ('10INT-0056','10INT-0083','10EXT-0088')
  AND A.INOUT_DIV = 'EXT'
) A
Result : 3 Row(s) Selected
Laptime : 0.467
================================================================================
[2022-06-09 13:33:06.891] /anyfive.ipims.patent.statistic.viewchart.act.RetrieveMainNationChartPopList.do
/ipims/patent/statistic/viewchart => /retrieveMainNationChartList
SELECT TOTAL.CODE, TOTAL.TO_APP, TOTAL.TO_REG, Y.Y_APP, Y.Y_REG
FROM
(
SELECT APP1.CODE,NVL(APP1.APP,'0')TO_APP,NVL(REG1.REG,'0')TO_REG
FROM
(SELECT DECODE(COUNTRY_CODE,'KR','한국','US','미국','CN','중국','TW','대만','JP','일본','PC','PCT','EP','유럽','DE','독일','ETC','기타','기타')CODE,COUNT(*)APP
FROM TB_APP_MST A , TB_MAPP_APP_MAN B
WHERE A.REF_ID = B.REF_ID
AND A.REG_NO IS NULL
AND A.APP_NO IS NOT NULL
AND A.RIGHT_DIV IN ('10','20')
AND B.APP_MAN_CODE IN ('P0006','P0016')
AND A.STATUS NOT IN ('10INT-0056','20INT-0056','10INT-0083','10EXT-0083')
AND A.INOUT_DIV = 'INT'
GROUP BY COUNTRY_CODE
UNION ALL
SELECT DECODE(COUNTRY_CODE,'KR','한국','US','미국','CN','중국','TW','대만','JP','일본','PC','PCT','EP','유럽','DE','독일','ETC','기타','기타')CODE,COUNT(*)APP
from TB_APP_MST A
             , TB_APP_MST_EXT B
             , TB_APP_EXT_GRP C
             , TB_MAPP_APP_MAN D
where A.REF_ID = B.REF_ID
ANd B.GRP_ID(+) = C.GRP_ID
AND C.GRP_ID = D.REF_ID
AND A.REG_NO IS NULL
AND A.APP_NO IS NOT NULL
AND A.RIGHT_DIV IN ('10','20')
AND D.APP_MAN_CODE IN ('P0006','P0016')
AND A.STATUS NOT IN ('10INT-0056','20INT-0056','10INT-0083','10EXT-0083')
AND A.INOUT_DIV = 'EXT'
GROUP BY COUNTRY_CODE
)APP1,
(SELECT DECODE(COUNTRY_CODE,'KR','한국','US','미국','CN','중국','TW','대만','JP','일본','PC','PCT','EP','유럽','DE','독일','ETC','기타','기타')CODE,COUNT(*)REG
FROM TB_APP_MST A , TB_MAPP_APP_MAN B
WHERE A.REF_ID = B.REF_ID
AND A.REG_NO IS NOT NULL
AND A.RIGHT_DIV IN ('10','20')
AND B.APP_MAN_CODE IN ('P0006','P0016')
AND A.STATUS NOT IN ('10INT-0056','20INT-0056','10INT-0083','10EXT-0083')
AND A.INOUT_DIV = 'INT'
AND COUNTRY_CODE ='KR'
GROUP BY COUNTRY_CODE
UNION ALL
SELECT DECODE(COUNTRY_CODE,'KR','한국','US','미국','CN','중국','TW','대만','JP','일본','PC','PCT','EP','유럽','DE','독일','ETC','기타','기타')CODE,COUNT(*)REG
from TB_APP_MST A
             , TB_APP_MST_EXT B
             , TB_APP_EXT_GRP C
             , TB_MAPP_APP_MAN D
where A.REF_ID = B.REF_ID
ANd B.GRP_ID(+) = C.GRP_ID
AND C.GRP_ID = D.REF_ID
AND A.REG_NO IS NOT NULL
AND A.RIGHT_DIV IN ('10','20')
AND D.APP_MAN_CODE IN ('P0006','P0016')
AND A.INOUT_DIV = 'EXT'
AND A.STATUS NOT IN ('10INT-0056','20INT-0056','10INT-0083','10EXT-0083')
GROUP BY COUNTRY_CODE
)REG1
WHERE APP1.CODE = REG1.CODE(+)
)TOTAL,
(
SELECT APP1.CODE,NVL(APP1.APP,'0')Y_APP,NVL(REG1.REG,'0')Y_REG
FROM
(SELECT DECODE(COUNTRY_CODE,'KR','한국','US','미국','CN','중국','TW','대만','JP','일본','PC','PCT','EP','유럽','DE','독일','ETC','기타','기타')CODE,COUNT(*)APP
FROM TB_APP_MST A , TB_MAPP_APP_MAN B
WHERE A.REF_ID = B.REF_ID
AND A.REG_NO IS NULL
AND A.APP_NO IS NOT NULL
AND A.RIGHT_DIV IN ('10','20')
AND B.APP_MAN_CODE IN ('P0006','P0016')
AND A.STATUS NOT IN ('10INT-0056','20INT-0056','10INT-0083','10EXT-0083')
AND A.INOUT_DIV = 'INT'
AND COUNTRY_CODE ='KR'
AND SUBSTR(A.APP_DATE,1,4) = TO_CHAR(SYSDATE,'YYYY')
GROUP BY COUNTRY_CODE
UNION ALL
SELECT DECODE(COUNTRY_CODE,'KR','한국','US','미국','CN','중국','TW','대만','JP','일본','PC','PCT','EP','유럽','DE','독일','ETC','기타','기타')CODE,COUNT(*)APP
from TB_APP_MST A
             , TB_APP_MST_EXT B
             , TB_APP_EXT_GRP C
             , TB_MAPP_APP_MAN D
where A.REF_ID = B.REF_ID
ANd B.GRP_ID(+) = C.GRP_ID
AND C.GRP_ID = D.REF_ID
AND A.REG_NO IS NULL
AND A.APP_NO IS NOT NULL
AND A.RIGHT_DIV IN ('10','20')
AND D.APP_MAN_CODE IN ('P0006','P0016')
AND A.INOUT_DIV = 'EXT'
AND SUBSTR(A.APP_DATE,1,4) = TO_CHAR(SYSDATE,'YYYY')
GROUP BY COUNTRY_CODE
)APP1,
(SELECT DECODE(COUNTRY_CODE,'KR','한국','US','미국','CN','중국','TW','대만','JP','일본','PC','PCT','EP','유럽','DE','독일','ETC','기타','기타')CODE,COUNT(*)REG
FROM TB_APP_MST A , TB_MAPP_APP_MAN B
WHERE A.REF_ID = B.REF_ID
AND A.REG_NO IS NOT NULL
AND A.RIGHT_DIV IN ('10','20')
AND B.APP_MAN_CODE IN ('P0006','P0016')
AND A.STATUS NOT IN ('10INT-0056','20INT-0056','10INT-0083','10EXT-0083')
AND A.INOUT_DIV = 'INT'
AND COUNTRY_CODE ='KR'
AND SUBSTR(A.REG_DATE,1,4) = TO_CHAR(SYSDATE,'YYYY')
GROUP BY COUNTRY_CODE
UNION ALL
SELECT DECODE(COUNTRY_CODE,'KR','한국','US','미국','CN','중국','TW','대만','JP','일본','PC','PCT','EP','유럽','DE','독일','ETC','기타','기타')CODE,COUNT(*)REG
from TB_APP_MST A
             , TB_APP_MST_EXT B
             , TB_APP_EXT_GRP C
             , TB_MAPP_APP_MAN D
where A.REF_ID = B.REF_ID
ANd B.GRP_ID(+) = C.GRP_ID
AND C.GRP_ID = D.REF_ID
AND A.REG_NO IS NOT NULL
AND A.RIGHT_DIV IN ('10','20')
AND D.APP_MAN_CODE IN ('P0006','P0016')
AND A.INOUT_DIV = 'EXT'
AND SUBSTR(A.REG_DATE,1,4) = TO_CHAR(SYSDATE,'YYYY')
GROUP BY COUNTRY_CODE
)REG1
WHERE APP1.CODE = REG1.CODE(+)
)Y
WHERE TOTAL.CODE = Y.CODE(+)
ORDER BY TO_APP DESC
Result : 0 Row(s) Selected
Laptime : 0.636
================================================================================
[2022-06-09 13:33:06.968] /anyfive.ipims.patent.home.act.RetrieveBoardList.do
/ipims/patent/home/board => /retrieveBoardList
SELECT *
FROM   (SELECT BRD_ID
             , BRD_NO
             , SUBJECT
             , RE_LEVEL
             , CRE_DATE
        FROM   TB_BRD_LIST
        WHERE  BRD_ID = 'PAT_NOTICE'
          AND ((SYSDATE BETWEEN NOTICE_START AND NOTICE_END) OR NOTICE_END IS NULL)
        ORDER BY RE_PARENT DESC, RE_ORDER ASC
       ) A
WHERE  ROWNUM <= 5
Result : 0 Row(s) Selected
Laptime : 0.059
================================================================================
[2022-06-09 13:33:07.244] /anyfive.ipims.patent.statistic.viewchart.act.RetrieveMainTechChartPopList.do
/ipims/patent/statistic/viewchart => /retrieveMainTechChartList
SELECT DECODE(Z.TECH_CODE, 1, '반도체', 2, 'SOLAR CELL', 3, 'LCD', 4, 'OLED', 5, '공통',6,'기타', 7,'주요부품',8,'일반구성품') TECH_CODE,
       Z.KR, Z.US, Z.CN, Z.TW, Z.JP, Z.PCT, Z.EP, Z.DE
FROM (
SELECT KR.TECH_CODE
,NVL(KR.CNT,'0') KR
,NVL(US.CNT,'0') US
,NVL(CN.CNT,'0') CN
,NVL(TW.CNT,'0') TW
,NVL(JP.CNT,'0') JP
,NVL(PC.CNT,'0') PCT
,NVL(EP.CNT,'0') EP
,NVL(DE.CNT,'0') DE
FROM
(SELECT TECH.TECH_CODE,COUNT(DISTINCT(US_APP.REF_ID))CNT
FROM
(SELECT A.* FROM TB_APP_MST A
             ,TB_MAPP_APP_MAN B
WHERE A.REF_ID = B.REF_ID
AND A.APP_NO IS NOT NULL
AND A.RIGHT_DIV IN ('10','20')
AND B.APP_MAN_CODE IN ('P0006','P0016')
AND A.INOUT_DIV = 'INT'
AND A.COUNTRY_CODE ='KR'
AND A.ABD_YN != '1'
AND A.STATUS NOT IN ('10INT-0056','20INT-0056','10INT-0083','10EXT-0083') ) US_APP,
(SELECT SUBSTR(TECH_CODE,1,1)TECH_CODE,REF_ID
FROM TB_MAPP_TECH_CLS TECH
GROUP BY  SUBSTR(TECH_CODE,1,1),REF_ID)TECH
WHERE US_APP.REF_ID = TECH.REF_ID
GROUP BY TECH.TECH_CODE)KR,
(SELECT TECH.TECH_CODE,COUNT(DISTINCT(US_APP.REF_ID))CNT
FROM
(SELECT A.* FROM TB_APP_MST A
             , TB_APP_MST_EXT B
             , TB_APP_EXT_GRP C
             , TB_MAPP_APP_MAN D
WHERE A.REF_ID = B.REF_ID
AND B.GRP_ID(+) = C.GRP_ID
AND C.GRP_ID = D.REF_ID
AND A.APP_NO IS NOT NULL
AND A.RIGHT_DIV IN ('10','20')
AND A.ABD_YN != '1'
AND D.APP_MAN_CODE IN ('P0006','P0016')
AND A.INOUT_DIV = 'EXT'
AND A.COUNTRY_CODE ='US'
AND A.STATUS NOT IN ('10INT-0056','20INT-0056','10INT-0083','10EXT-0083') ) US_APP,
(SELECT SUBSTR(TECH_CODE,1,1)TECH_CODE,REF_ID
FROM TB_MAPP_TECH_CLS TECH
GROUP BY  SUBSTR(TECH_CODE,1,1),REF_ID)TECH
WHERE US_APP.REF_ID = TECH.REF_ID
GROUP BY TECH.TECH_CODE)US
,
(SELECT TECH.TECH_CODE,COUNT(DISTINCT(US_APP.REF_ID))CNT
FROM
(SELECT A.* FROM TB_APP_MST A
             , TB_APP_MST_EXT B
             , TB_APP_EXT_GRP C
             , TB_MAPP_APP_MAN D
WHERE A.REF_ID = B.REF_ID
AND B.GRP_ID(+) = C.GRP_ID
AND C.GRP_ID = D.REF_ID
AND A.APP_NO IS NOT NULL
AND A.RIGHT_DIV IN ('10','20')
AND A.ABD_YN != '1'
AND D.APP_MAN_CODE IN ('P0006','P0016')
AND A.INOUT_DIV = 'EXT'
AND A.COUNTRY_CODE ='CN'
AND A.STATUS NOT IN ('10INT-0056','20INT-0056','10INT-0083','10EXT-0083') ) US_APP,
(SELECT SUBSTR(TECH_CODE,1,1)TECH_CODE,REF_ID
FROM TB_MAPP_TECH_CLS TECH
GROUP BY  SUBSTR(TECH_CODE,1,1),REF_ID)TECH
WHERE US_APP.REF_ID = TECH.REF_ID
GROUP BY TECH.TECH_CODE)CN
,
(SELECT TECH.TECH_CODE,COUNT(DISTINCT(US_APP.REF_ID))CNT
FROM
(SELECT A.* FROM TB_APP_MST A
             , TB_APP_MST_EXT B
             , TB_APP_EXT_GRP C
             , TB_MAPP_APP_MAN D
WHERE A.REF_ID = B.REF_ID
AND B.GRP_ID(+) = C.GRP_ID
AND C.GRP_ID = D.REF_ID
AND A.APP_NO IS NOT NULL
AND A.RIGHT_DIV IN ('10','20')
AND A.ABD_YN != '1'
AND D.APP_MAN_CODE IN ('P0006','P0016')
AND A.INOUT_DIV = 'EXT'
AND A.COUNTRY_CODE ='TW'
AND A.STATUS NOT IN ('10INT-0056','20INT-0056','10INT-0083','10EXT-0083') ) US_APP,
(SELECT SUBSTR(TECH_CODE,1,1)TECH_CODE,REF_ID
FROM TB_MAPP_TECH_CLS TECH
GROUP BY  SUBSTR(TECH_CODE,1,1),REF_ID)TECH
WHERE US_APP.REF_ID = TECH.REF_ID
GROUP BY TECH.TECH_CODE)TW
,
(SELECT TECH.TECH_CODE,COUNT(DISTINCT(US_APP.REF_ID))CNT
FROM
(SELECT A.* FROM TB_APP_MST A
             , TB_APP_MST_EXT B
             , TB_APP_EXT_GRP C
             , TB_MAPP_APP_MAN D
WHERE A.REF_ID = B.REF_ID
AND B.GRP_ID(+) = C.GRP_ID
AND C.GRP_ID = D.REF_ID
AND A.APP_NO IS NOT NULL
AND A.RIGHT_DIV IN ('10','20')
AND A.ABD_YN != '1'
AND D.APP_MAN_CODE IN ('P0006','P0016')
AND A.INOUT_DIV = 'EXT'
AND A.COUNTRY_CODE ='JP'
AND A.STATUS NOT IN ('10INT-0056','20INT-0056','10INT-0083','10EXT-0083') ) US_APP,
(SELECT SUBSTR(TECH_CODE,1,1)TECH_CODE,REF_ID
FROM TB_MAPP_TECH_CLS TECH
GROUP BY  SUBSTR(TECH_CODE,1,1),REF_ID)TECH
WHERE US_APP.REF_ID = TECH.REF_ID
GROUP BY TECH.TECH_CODE)JP
,
(SELECT TECH.TECH_CODE,COUNT(DISTINCT(US_APP.REF_ID))CNT
FROM
(SELECT A.* FROM TB_APP_MST A
             , TB_APP_MST_EXT B
             , TB_APP_EXT_GRP C
             , TB_MAPP_APP_MAN D
WHERE A.REF_ID = B.REF_ID
AND B.GRP_ID(+) = C.GRP_ID
AND C.GRP_ID = D.REF_ID
AND A.APP_NO IS NOT NULL
AND A.RIGHT_DIV IN ('10','20')
AND A.ABD_YN != '1'
AND D.APP_MAN_CODE IN ('P0006','P0016')
AND A.INOUT_DIV = 'EXT'
AND A.COUNTRY_CODE ='PC'
AND A.STATUS NOT IN ('10INT-0056','20INT-0056','10INT-0083','10EXT-0083') ) US_APP,
(SELECT SUBSTR(TECH_CODE,1,1)TECH_CODE,REF_ID
FROM TB_MAPP_TECH_CLS TECH
GROUP BY  SUBSTR(TECH_CODE,1,1),REF_ID)TECH
WHERE US_APP.REF_ID = TECH.REF_ID
GROUP BY TECH.TECH_CODE)PC
,
(SELECT TECH.TECH_CODE,COUNT(DISTINCT(US_APP.REF_ID))CNT
FROM
(SELECT A.* FROM TB_APP_MST A
             , TB_APP_MST_EXT B
             , TB_APP_EXT_GRP C
             , TB_MAPP_APP_MAN D
WHERE A.REF_ID = B.REF_ID
AND B.GRP_ID(+) = C.GRP_ID
AND C.GRP_ID = D.REF_ID
AND A.APP_NO IS NOT NULL
AND A.RIGHT_DIV IN ('10','20')
AND A.ABD_YN != '1'
AND D.APP_MAN_CODE IN ('P0006','P0016')
AND A.INOUT_DIV = 'EXT'
AND A.COUNTRY_CODE ='EP'
AND A.STATUS NOT IN ('10INT-0056','20INT-0056','10INT-0083','10EXT-0083') ) US_APP,
(SELECT SUBSTR(TECH_CODE,1,1)TECH_CODE,REF_ID
FROM TB_MAPP_TECH_CLS TECH
GROUP BY  SUBSTR(TECH_CODE,1,1),REF_ID)TECH
WHERE US_APP.REF_ID = TECH.REF_ID
GROUP BY TECH.TECH_CODE)EP
,
(SELECT TECH.TECH_CODE,COUNT(DISTINCT(US_APP.REF_ID))CNT
FROM
(SELECT A.* FROM TB_APP_MST A
             , TB_APP_MST_EXT B
             , TB_APP_EXT_GRP C
             , TB_MAPP_APP_MAN D
WHERE A.REF_ID = B.REF_ID
AND B.GRP_ID(+) = C.GRP_ID
AND C.GRP_ID = D.REF_ID
AND A.APP_NO IS NOT NULL
AND A.RIGHT_DIV IN ('10','20')
AND A.ABD_YN != '1'
AND D.APP_MAN_CODE IN ('P0006','P0016')
AND A.INOUT_DIV = 'EXT'
AND A.COUNTRY_CODE ='DE'
AND A.STATUS NOT IN ('10INT-0056','20INT-0056','10INT-0083','10EXT-0083') ) US_APP,
(SELECT SUBSTR(TECH_CODE,1,1)TECH_CODE,REF_ID
FROM TB_MAPP_TECH_CLS TECH
GROUP BY  SUBSTR(TECH_CODE,1,1),REF_ID)TECH
WHERE US_APP.REF_ID = TECH.REF_ID
GROUP BY TECH.TECH_CODE)DE
WHERE KR.TECH_CODE = US.TECH_CODE(+)
AND US.TECH_CODE = CN.TECH_CODE(+)
AND CN.TECH_CODE = TW.TECH_CODE(+)
AND TW.TECH_CODE = JP.TECH_CODE(+)
AND JP.TECH_CODE = PC.TECH_CODE(+)
AND PC.TECH_CODE = EP.TECH_CODE(+)
AND EP.TECH_CODE = DE.TECH_CODE(+)
 ORDER BY TECH_CODE ASC
 ) Z
Result : 0 Row(s) Selected
Laptime : 0.947
================================================================================
[2022-06-09 13:33:07.687] /anyfive.ipims.patent.home.act.RetrieveToDoCount.do
/ipims/patent/home/todo => /retrieveToDoCount
/ipims/patent/home/todo => /retrieveToDoList_APPR
/ipims/patent/home/todo => /retrieveToDoCount/union
/ipims/patent/home/todo => /retrieveToDoList_EVAL
/ipims/patent/home/todo => /retrieveToDoCount/union
/ipims/patent/home/todo => /retrieveToDoList_NEW
/ipims/patent/home/todo => /retrieveToDoCount/union
/ipims/patent/home/todo => /retrieveToDoList_PAPER
/ipims/patent/home/todo => /retrieveToDoList_PAPER/jobMan
SELECT 'APPR' ID, COUNT(1) CNT FROM (
SELECT MST.APPR_NO
FROM   TB_APPR_MST MST
     , TB_APPR_REQ REQ
     , TB_APPR_ANS ANS
WHERE  MST.APPR_NO = REQ.APPR_NO
AND    REQ.APPR_NO = ANS.APPR_NO
AND    REQ.REQ_SEQ = ANS.REQ_SEQ
AND    REQ.REQ_STATUS != '7'
AND    ANS.ANS_USER = 'P000000001'
AND    ANS.ANS_STATUS = '1'
) A
UNION ALL
SELECT 'EVAL' ID, COUNT(1) CNT FROM (
SELECT A.*
     , M.REF_NO
     , M.KO_APP_TITLE
     , B.EVAL_TITLE
     , FN_USER_NAME(M.JOB_MAN) JOB_MAN_NAME
     , B.EVAL_VIEW_PATH
FROM   (SELECT A.REF_ID
             , A.PAPER_LIST_SEQ
             , A.EVAL_CODE
             , A.INVDEPT_EVAL_REQ_DATE
             , A.INVDEPT_EVAL_USER
             , FN_USER_NAME(A.INVDEPT_EVAL_USER) INVDEPT_EVAL_USER_NAME
             , A.INVDEPT_EVAL_DATE
             , A.INVDEPT_EVAL_END_YN
             , A.PATDEPT_EVAL_USER
             , FN_USER_NAME(A.PATDEPT_EVAL_USER) PATDEPT_EVAL_USER_NAME
             , A.PATDEPT_EVAL_DATE
             , A.PATDEPT_EVAL_END_YN
             , DECODE(A.INVDEPT_EVAL_SHEET_ID, NULL,'미평가', DECODE(A.PATDEPT_EVAL_SHEET_ID, NULL,'발명부서평가완료', '평가완료')) STATUS_NAME
        FROM   TB_EVAL_COM_MST A
             , V_MASTER_ALL M
        WHERE  A.PAPER_LIST_SEQ IS NULL
        AND    A.REF_ID = M.REF_ID
        UNION ALL
        SELECT A.REF_ID
             , A.LIST_SEQ PAPER_LIST_SEQ
             , B.EVAL_CODE
             , C.INVDEPT_EVAL_REQ_DATE
             , C.INVDEPT_EVAL_USER
             , FN_USER_NAME(C.INVDEPT_EVAL_USER) INVDEPT_EVAL_USER_NAME
             , C.INVDEPT_EVAL_DATE
             , C.INVDEPT_EVAL_END_YN
             , C.PATDEPT_EVAL_USER
             , FN_USER_NAME(C.PATDEPT_EVAL_USER) PATDEPT_EVAL_USER_NAME
             , C.PATDEPT_EVAL_DATE
             , C.PATDEPT_EVAL_END_YN
             , FN_BIZ_CODE_NAME(Z.STATUS, 'ko-kr', 'ko-kr') STATUS_NAME
        FROM   TB_PAPER_LIST A
             , TB_PAPER_MGT_MST B
             , TB_EVAL_COM_MST C
             , V_MASTER_ALL M
             , TB_BIZ_COM_MST Z
        WHERE  A.PAPER_CODE = B.PAPER_CODE
        AND    A.REF_ID = C.REF_ID(+)
        AND    A.LIST_SEQ = C.PAPER_LIST_SEQ(+)
        AND    A.REF_ID = M.REF_ID
        AND    C.EVAL_ID = Z.REF_ID(+)
        UNION ALL
        SELECT A.REF_ID
             , TO_CHAR(A.PAY_YEARDEG) PAPER_LIST_SEQ
             , C.EVAL_CODE
             , C.INVDEPT_EVAL_REQ_DATE
             , C.INVDEPT_EVAL_USER
             , FN_USER_NAME(C.INVDEPT_EVAL_USER) INVDEPT_EVAL_USER_NAME
             , C.INVDEPT_EVAL_DATE
             , C.INVDEPT_EVAL_END_YN
             , C.PATDEPT_EVAL_USER
             , FN_USER_NAME(C.PATDEPT_EVAL_USER) PATDEPT_EVAL_USER_NAME
             , C.PATDEPT_EVAL_DATE
             , C.PATDEPT_EVAL_END_YN
             , FN_BIZ_CODE_NAME(Z.STATUS, 'ko-kr', 'ko-kr') STATUS_NAME
        FROM   TB_COST_REMINDER A
             , TB_EVAL_COM_MST C
             , V_MASTER_ALL M
             , TB_BIZ_COM_MST Z
        WHERE  A.REF_ID = C.REF_ID(+)
        AND    A.PAY_YEARDEG = C.PAPER_LIST_SEQ(+)
        AND    A.REF_ID = M.REF_ID
        AND    C.EVAL_ID = Z.REF_ID(+)
       ) A
     , TB_EVAL_CODE B
     , V_MASTER_ALL M
WHERE  A.EVAL_CODE = B.EVAL_CODE
AND    A.REF_ID = M.REF_ID
AND    ((A.INVDEPT_EVAL_USER = 'P000000001' AND A.INVDEPT_EVAL_END_YN = '0') OR
        (A.PATDEPT_EVAL_USER = 'P000000001' AND A.PATDEPT_EVAL_END_YN = '0')
       )
) A
UNION ALL
SELECT 'NEW' ID, COUNT(1) CNT FROM (
SELECT A.REF_ID
     , A.REF_NO
     , A.RIGHT_DIV
     , A.KO_APP_TITLE
     , FN_INVENTOR_NAMES(A.REF_ID) INVENTOR_NAMES
     , A.CRE_DATE
     , FN_USER_NAME(A.CRE_USER) CRE_USER_NAME
     , FN_BIZ_CODE_NAME(Z.STATUS,  'ko-kr', 'ko-kr') STATUS_NAME
     , A.PATTEAM_REQ_DATE PATTEAM_RCPT_DATE
     , NULL EXAM_RESULT_NAME
     , NULL JOB_MAN_NAME
FROM   TB_APP_INT_REQ A
     , TB_BIZ_COM_MST Z
WHERE  A.REF_ID = Z.REF_ID
AND    A.RIGHT_DIV IN ('10', '20', '40')
AND    Z.STATUS IN (SELECT T1.CURR_STATUS FROM TB_BIZ_MGT_PROC T1 WHERE T1.BIZ_ACT = 'A00009')
AND    NOT EXISTS (SELECT 1 FROM TB_APP_INT_CONSULT T WHERE T.REF_ID = A.REF_ID)
UNION ALL
SELECT A.REF_ID
     , A.REF_NO
     , A.RIGHT_DIV
     , A.KO_APP_TITLE
     , FN_INVENTOR_NAMES(A.REF_ID) INVENTOR_NAMES
     , A.CRE_DATE
     , FN_USER_NAME(A.CRE_USER) CRE_USER_NAME
     , FN_BIZ_CODE_NAME(Z.STATUS,  'ko-kr', 'ko-kr') STATUS_NAME
     , A.PATTEAM_REQ_DATE PATTEAM_RCPT_DATE
     , NULL EXAM_RESULT_NAME
     , NULL JOB_MAN_NAME
FROM   TB_APP_INT_REQ A
     , TB_BIZ_COM_MST Z
WHERE  A.REF_ID = Z.REF_ID
AND    A.RIGHT_DIV IN ('30')
AND    Z.STATUS IN (SELECT T1.CURR_STATUS FROM TB_BIZ_MGT_PROC T1 WHERE T1.BIZ_ACT = 'A00009')
AND    NOT EXISTS (SELECT 1 FROM TB_APP_INT_CONSULT T WHERE T.REF_ID = A.REF_ID)
UNION ALL
SELECT A.PRSCH_ID REF_ID
     , A.PRSCH_NO REF_NO
     , A.PRSCH_DIV RIGHT_DIV
     , A.PRSCH_SUBJECT KO_APP_TITLE
     , FN_USER_NAME(A.REQ_USER) INVENTOR_NAMES
     , A.CRE_DATE
     , FN_USER_NAME(A.CRE_USER) CRE_USER_NAME
     , FN_BIZ_CODE_NAME(Z.STATUS,  'ko-kr', 'ko-kr') STATUS_NAME
     , B.RCPT_DATE PATTEAM_RCPT_DATE
     , FN_COM_CODE_NAME('EXAM_RESULT', B.EXAM_RESULT, 'ko-kr', 'ko-kr') EXAM_RESULT_NAME
     , FN_USER_NAME(B.JOB_MAN) JOB_MAN_NAME
FROM   TB_APP_PRSCH_REQ A
     , TB_APP_PRSCH_CONSULT B
     , TB_BIZ_COM_MST Z
WHERE  A.PRSCH_ID = B.PRSCH_ID(+)
AND    A.PRSCH_ID = Z.REF_ID
AND    Z.STATUS IN (SELECT T1.CURR_STATUS FROM TB_BIZ_MGT_PROC T1 WHERE T1.BIZ_ACT = 'A00009')
) A
UNION ALL
SELECT 'PAPER' ID, COUNT(1) CNT FROM (
SELECT A.REF_ID
     , A.LIST_SEQ
     , C.INOUT_DIV
     , C.REF_NO
     , C.APP_NO
     , B.PAPER_NAME
     , A.COMMENTS
     , C.KO_APP_TITLE
     , FN_INVENTOR_NAMES(A.REF_ID) INVENTOR_NAMES
     , A.PAPER_DATE
     , A.DUE_DATE
     , C.OFFICE_CODE
     , FN_OFFICE_NAME(C.OFFICE_CODE) AS OFFICE_CODE_NAME
     , C.JOB_MAN
     , FN_USER_NAME(C.JOB_MAN) AS JOB_MAN_NAME
     , FN_PAPER_NAME(C.STATUS) STATUS_NAME
FROM   TB_PAPER_LIST A
     , TB_PAPER_MGT_MST B
     , TB_APP_MST C
WHERE  A.PAPER_CODE = B.PAPER_CODE
AND    A.REF_ID = C.REF_ID
AND    A.CONFIRM_DATE IS NULL
AND    FN_PAPER_CONFIRM_OWNER(A.REF_ID, A.LIST_SEQ) IS NOT NULL
AND    A.REF_ID IN (SELECT M.REF_ID
                    FROM   V_MASTER_ALL M
                    WHERE  M.JOB_MAN = 'P000000001'
                   )
) A
Result : 4 Row(s) Selected
Laptime : 1.225
================================================================================
[2022-06-09 13:34:21.788] /anyfive.ipims.share.board.act.RetrieveBoardConfig.do
/ipims/share/board/board => /retrieveBoardConfig
/ipims/share/board/board => /retrieveBoardConfig/menuCode
SELECT A.MENU_CODE
     , A.BRD_ID
     , NVL(C.MENU_NAME, D.MENU_NAME) MENU_NAME
     , A.WRITE_AVAIL
     , A.ANS_AVAIL
     , A.READ_CNT_DISP
     , A.NOTICE_PERIOD
     , A.FILE_POLICY
FROM   TB_BRD_MGT A
     , TB_MNU_MENU B
     , (SELECT MENU_CODE
             , MENU_NAME
        FROM   TB_MNU_MENU_NAME
        WHERE  SYSTEM_TYPE = 'PATENT'
        AND    LANG_CODE = 'ko-kr'
       ) C
     , (SELECT MENU_CODE
             , MENU_NAME
        FROM   TB_MNU_MENU_NAME
        WHERE  SYSTEM_TYPE = 'PATENT'
        AND    LANG_CODE = 'ko-kr'
       ) D
WHERE  A.SYSTEM_TYPE = B.SYSTEM_TYPE(+)
AND    A.MENU_CODE = B.MENU_CODE(+)
AND    A.MENU_CODE = C.MENU_CODE(+)
AND    A.MENU_CODE = D.MENU_CODE(+)
AND    A.SYSTEM_TYPE = 'PATENT'
AND    A.MENU_CODE = '00111'
Result : 1 Row(s) Selected
Laptime : 0.025
================================================================================
[2022-06-09 13:34:21.927] /anyfive.ipims.share.board.act.RetrieveBoardList.do
/ipims/share/board/board => /retrieveBoardList
SELECT COUNT(1) AS TOTAL_COUNT FROM (
SELECT BRD_NO
     , CASE WHEN DEL_YN = '1' THEN '(삭제되었습니다.)' ELSE SUBJECT END SUBJECT
     , CASE WHEN DEL_YN = '1' THEN NULL ELSE FN_USER_NAME(CRE_USER) END CRE_USER_NAME
     , CASE WHEN DEL_YN = '1' THEN NULL ELSE TO_CHAR(TO_DATE(CRE_DATE), 'YYYY/MM/DD') || ' ' || TO_CHAR(TO_DATE(CRE_TIME, 'HH24MISS'), 'HH24:MI:SS') END CRE_DATE_TIME
     , CASE WHEN DEL_YN = '1' THEN '0' ELSE CASE WHEN (SELECT COUNT(*) FROM TB_COM_FILE WHERE FILE_ID = A.ATTACH_FILE) = 0 THEN '0' ELSE '1' END END FILE_ICON
     , CASE WHEN DEL_YN = '1' THEN NULL ELSE READ_CNT END READ_CNT
     , RE_PARENT
     , RE_LEVEL
     , RE_ORDER
     , DEL_YN
FROM   TB_BRD_LIST A
WHERE  BRD_ID = '20181203'
) TEMP__1
Result : 1 Row(s) Selected
Laptime : 0.049
================================================================================
[2022-06-09 13:34:21.986] /anyfive.ipims.share.board.act.RetrieveBoardList.do
/ipims/share/board/board => /retrieveBoardList
SELECT TEMP__2.* FROM (SELECT ROW_NUMBER() OVER(ORDER BY "RE_PARENT" DESC, "RE_ORDER" ASC) AS ROW_NUM, TEMP__1.* FROM (
SELECT BRD_NO
     , CASE WHEN DEL_YN = '1' THEN '(삭제되었습니다.)' ELSE SUBJECT END SUBJECT
     , CASE WHEN DEL_YN = '1' THEN NULL ELSE FN_USER_NAME(CRE_USER) END CRE_USER_NAME
     , CASE WHEN DEL_YN = '1' THEN NULL ELSE TO_CHAR(TO_DATE(CRE_DATE), 'YYYY/MM/DD') || ' ' || TO_CHAR(TO_DATE(CRE_TIME, 'HH24MISS'), 'HH24:MI:SS') END CRE_DATE_TIME
     , CASE WHEN DEL_YN = '1' THEN '0' ELSE CASE WHEN (SELECT COUNT(*) FROM TB_COM_FILE WHERE FILE_ID = A.ATTACH_FILE) = 0 THEN '0' ELSE '1' END END FILE_ICON
     , CASE WHEN DEL_YN = '1' THEN NULL ELSE READ_CNT END READ_CNT
     , RE_PARENT
     , RE_LEVEL
     , RE_ORDER
     , DEL_YN
FROM   TB_BRD_LIST A
WHERE  BRD_ID = '20181203'
) TEMP__1) TEMP__2 WHERE TEMP__2.ROW_NUM > 0 AND TEMP__2.ROW_NUM <= 50
Result : 4 Row(s) Selected
Laptime : 0.058
================================================================================
[2022-06-09 13:34:23.050] /anyfive.ipims.share.board.act.RetrieveBoardConfig.do
/ipims/share/board/board => /retrieveBoardConfig
/ipims/share/board/board => /retrieveBoardConfig/menuCode
SELECT A.MENU_CODE
     , A.BRD_ID
     , NVL(C.MENU_NAME, D.MENU_NAME) MENU_NAME
     , A.WRITE_AVAIL
     , A.ANS_AVAIL
     , A.READ_CNT_DISP
     , A.NOTICE_PERIOD
     , A.FILE_POLICY
FROM   TB_BRD_MGT A
     , TB_MNU_MENU B
     , (SELECT MENU_CODE
             , MENU_NAME
        FROM   TB_MNU_MENU_NAME
        WHERE  SYSTEM_TYPE = 'PATENT'
        AND    LANG_CODE = 'ko-kr'
       ) C
     , (SELECT MENU_CODE
             , MENU_NAME
        FROM   TB_MNU_MENU_NAME
        WHERE  SYSTEM_TYPE = 'PATENT'
        AND    LANG_CODE = 'ko-kr'
       ) D
WHERE  A.SYSTEM_TYPE = B.SYSTEM_TYPE(+)
AND    A.MENU_CODE = B.MENU_CODE(+)
AND    A.MENU_CODE = C.MENU_CODE(+)
AND    A.MENU_CODE = D.MENU_CODE(+)
AND    A.SYSTEM_TYPE = 'PATENT'
AND    A.MENU_CODE = '00111'
Result : 1 Row(s) Selected
Laptime : 0.004
================================================================================
[2022-06-09 13:34:23.113] /anyfive.ipims.share.board.act.RetrieveBoardList.do
/ipims/share/board/board => /retrieveBoardList
SELECT COUNT(1) AS TOTAL_COUNT FROM (
SELECT BRD_NO
     , CASE WHEN DEL_YN = '1' THEN '(삭제되었습니다.)' ELSE SUBJECT END SUBJECT
     , CASE WHEN DEL_YN = '1' THEN NULL ELSE FN_USER_NAME(CRE_USER) END CRE_USER_NAME
     , CASE WHEN DEL_YN = '1' THEN NULL ELSE TO_CHAR(TO_DATE(CRE_DATE), 'YYYY/MM/DD') || ' ' || TO_CHAR(TO_DATE(CRE_TIME, 'HH24MISS'), 'HH24:MI:SS') END CRE_DATE_TIME
     , CASE WHEN DEL_YN = '1' THEN '0' ELSE CASE WHEN (SELECT COUNT(*) FROM TB_COM_FILE WHERE FILE_ID = A.ATTACH_FILE) = 0 THEN '0' ELSE '1' END END FILE_ICON
     , CASE WHEN DEL_YN = '1' THEN NULL ELSE READ_CNT END READ_CNT
     , RE_PARENT
     , RE_LEVEL
     , RE_ORDER
     , DEL_YN
FROM   TB_BRD_LIST A
WHERE  BRD_ID = '20181203'
) TEMP__1
Result : 1 Row(s) Selected
Laptime : 0.004
================================================================================
[2022-06-09 13:34:23.118] /anyfive.ipims.share.board.act.RetrieveBoardList.do
/ipims/share/board/board => /retrieveBoardList
SELECT TEMP__2.* FROM (SELECT ROW_NUMBER() OVER(ORDER BY "RE_PARENT" DESC, "RE_ORDER" ASC) AS ROW_NUM, TEMP__1.* FROM (
SELECT BRD_NO
     , CASE WHEN DEL_YN = '1' THEN '(삭제되었습니다.)' ELSE SUBJECT END SUBJECT
     , CASE WHEN DEL_YN = '1' THEN NULL ELSE FN_USER_NAME(CRE_USER) END CRE_USER_NAME
     , CASE WHEN DEL_YN = '1' THEN NULL ELSE TO_CHAR(TO_DATE(CRE_DATE), 'YYYY/MM/DD') || ' ' || TO_CHAR(TO_DATE(CRE_TIME, 'HH24MISS'), 'HH24:MI:SS') END CRE_DATE_TIME
     , CASE WHEN DEL_YN = '1' THEN '0' ELSE CASE WHEN (SELECT COUNT(*) FROM TB_COM_FILE WHERE FILE_ID = A.ATTACH_FILE) = 0 THEN '0' ELSE '1' END END FILE_ICON
     , CASE WHEN DEL_YN = '1' THEN NULL ELSE READ_CNT END READ_CNT
     , RE_PARENT
     , RE_LEVEL
     , RE_ORDER
     , DEL_YN
FROM   TB_BRD_LIST A
WHERE  BRD_ID = '20181203'
) TEMP__1) TEMP__2 WHERE TEMP__2.ROW_NUM > 0 AND TEMP__2.ROW_NUM <= 50
Result : 4 Row(s) Selected
Laptime : 0.004
================================================================================
[2022-06-09 13:34:24.636] /anyfive.ipims.share.board.act.RetrieveBoard.do
/ipims/share/board/board => /updateBoardReadCnt
UPDATE TB_BRD_LIST SET
       READ_CNT = READ_CNT + 1
WHERE  BRD_ID = '20181203'
AND    BRD_NO = '000000000004'
AND    DEL_YN = '0'
Result : 1 Row(s) Executed
Laptime : 0.030
================================================================================
[2022-06-09 13:34:24.671] /anyfive.ipims.share.board.act.RetrieveBoard.do
/ipims/share/board/board => /retrieveBoard
SELECT CRE_USER
     , FN_USER_NAME(CRE_USER) CRE_USER_NAME
     , READ_CNT
     , SUBJECT
     , NOTICE_START
     , NOTICE_END
     , CONTENTS
     , ATTACH_FILE
     , TO_CHAR(TO_DATE(CRE_DATE), 'YYYY/MM/DD') || ' ' || TO_CHAR(TO_DATE(CRE_TIME, 'HH24MISS'), 'HH24:MI:SS') CRE_DATE_TIME
     , TO_CHAR(TO_DATE(UPD_DATE), 'YYYY/MM/DD') || ' ' || TO_CHAR(TO_DATE(UPD_TIME, 'HH24MISS'), 'HH24:MI:SS') UPD_DATE_TIME
     , RE_PARENT
FROM   TB_BRD_LIST
WHERE  BRD_ID = '20181203'
AND    BRD_NO = '000000000004'
AND    DEL_YN = '0'
Result : 1 Row(s) Selected
Laptime : 0.031
================================================================================
[2022-06-09 13:34:24.733] /anyfive.framework.file.act.RetrieveFileList.do
/framework/file => /retrieveFileList
SELECT FILE_ID
     , FILE_SEQ
     , FILE_POLICY
     , FILE_REPOSITORY
     , FILE_PATH
     , FILE_NAME_ORG
     , FILE_NAME
     , FILE_SIZE
     , DOWNLOAD_KEY
FROM   TB_COM_FILE
WHERE  FILE_ID = '000000002908'
ORDER  BY FILE_SEQ
Result : 1 Row(s) Selected
Laptime : 0.025
================================================================================
[2022-06-09 13:34:28.901] /anyfive.ipims.share.board.act.RetrieveBoardConfig.do
/ipims/share/board/board => /retrieveBoardConfig
/ipims/share/board/board => /retrieveBoardConfig/menuCode
SELECT A.MENU_CODE
     , A.BRD_ID
     , NVL(C.MENU_NAME, D.MENU_NAME) MENU_NAME
     , A.WRITE_AVAIL
     , A.ANS_AVAIL
     , A.READ_CNT_DISP
     , A.NOTICE_PERIOD
     , A.FILE_POLICY
FROM   TB_BRD_MGT A
     , TB_MNU_MENU B
     , (SELECT MENU_CODE
             , MENU_NAME
        FROM   TB_MNU_MENU_NAME
        WHERE  SYSTEM_TYPE = 'PATENT'
        AND    LANG_CODE = 'ko-kr'
       ) C
     , (SELECT MENU_CODE
             , MENU_NAME
        FROM   TB_MNU_MENU_NAME
        WHERE  SYSTEM_TYPE = 'PATENT'
        AND    LANG_CODE = 'ko-kr'
       ) D
WHERE  A.SYSTEM_TYPE = B.SYSTEM_TYPE(+)
AND    A.MENU_CODE = B.MENU_CODE(+)
AND    A.MENU_CODE = C.MENU_CODE(+)
AND    A.MENU_CODE = D.MENU_CODE(+)
AND    A.SYSTEM_TYPE = 'PATENT'
AND    A.MENU_CODE = '00113'
Result : 1 Row(s) Selected
Laptime : 0.005
================================================================================
[2022-06-09 13:34:28.961] /anyfive.ipims.share.board.act.RetrieveBoardList.do
/ipims/share/board/board => /retrieveBoardList
SELECT COUNT(1) AS TOTAL_COUNT FROM (
SELECT BRD_NO
     , CASE WHEN DEL_YN = '1' THEN '(삭제되었습니다.)' ELSE SUBJECT END SUBJECT
     , CASE WHEN DEL_YN = '1' THEN NULL ELSE FN_USER_NAME(CRE_USER) END CRE_USER_NAME
     , CASE WHEN DEL_YN = '1' THEN NULL ELSE TO_CHAR(TO_DATE(CRE_DATE), 'YYYY/MM/DD') || ' ' || TO_CHAR(TO_DATE(CRE_TIME, 'HH24MISS'), 'HH24:MI:SS') END CRE_DATE_TIME
     , CASE WHEN DEL_YN = '1' THEN '0' ELSE CASE WHEN (SELECT COUNT(*) FROM TB_COM_FILE WHERE FILE_ID = A.ATTACH_FILE) = 0 THEN '0' ELSE '1' END END FILE_ICON
     , CASE WHEN DEL_YN = '1' THEN NULL ELSE READ_CNT END READ_CNT
     , RE_PARENT
     , RE_LEVEL
     , RE_ORDER
     , DEL_YN
FROM   TB_BRD_LIST A
WHERE  BRD_ID = 'TEST'
) TEMP__1
Result : 1 Row(s) Selected
Laptime : 0.003
================================================================================
[2022-06-09 13:34:28.966] /anyfive.ipims.share.board.act.RetrieveBoardList.do
/ipims/share/board/board => /retrieveBoardList
SELECT TEMP__2.* FROM (SELECT ROW_NUMBER() OVER(ORDER BY "RE_PARENT" DESC, "RE_ORDER" ASC) AS ROW_NUM, TEMP__1.* FROM (
SELECT BRD_NO
     , CASE WHEN DEL_YN = '1' THEN '(삭제되었습니다.)' ELSE SUBJECT END SUBJECT
     , CASE WHEN DEL_YN = '1' THEN NULL ELSE FN_USER_NAME(CRE_USER) END CRE_USER_NAME
     , CASE WHEN DEL_YN = '1' THEN NULL ELSE TO_CHAR(TO_DATE(CRE_DATE), 'YYYY/MM/DD') || ' ' || TO_CHAR(TO_DATE(CRE_TIME, 'HH24MISS'), 'HH24:MI:SS') END CRE_DATE_TIME
     , CASE WHEN DEL_YN = '1' THEN '0' ELSE CASE WHEN (SELECT COUNT(*) FROM TB_COM_FILE WHERE FILE_ID = A.ATTACH_FILE) = 0 THEN '0' ELSE '1' END END FILE_ICON
     , CASE WHEN DEL_YN = '1' THEN NULL ELSE READ_CNT END READ_CNT
     , RE_PARENT
     , RE_LEVEL
     , RE_ORDER
     , DEL_YN
FROM   TB_BRD_LIST A
WHERE  BRD_ID = 'TEST'
) TEMP__1) TEMP__2 WHERE TEMP__2.ROW_NUM > 0 AND TEMP__2.ROW_NUM <= 50
Result : 0 Row(s) Selected
Laptime : 0.004
================================================================================
[2022-06-09 13:34:31.847] /anyfive.ipims.share.board.act.RetrieveBoardConfig.do
/ipims/share/board/board => /retrieveBoardConfig
/ipims/share/board/board => /retrieveBoardConfig/menuCode
SELECT A.MENU_CODE
     , A.BRD_ID
     , NVL(C.MENU_NAME, D.MENU_NAME) MENU_NAME
     , A.WRITE_AVAIL
     , A.ANS_AVAIL
     , A.READ_CNT_DISP
     , A.NOTICE_PERIOD
     , A.FILE_POLICY
FROM   TB_BRD_MGT A
     , TB_MNU_MENU B
     , (SELECT MENU_CODE
             , MENU_NAME
        FROM   TB_MNU_MENU_NAME
        WHERE  SYSTEM_TYPE = 'PATENT'
        AND    LANG_CODE = 'ko-kr'
       ) C
     , (SELECT MENU_CODE
             , MENU_NAME
        FROM   TB_MNU_MENU_NAME
        WHERE  SYSTEM_TYPE = 'PATENT'
        AND    LANG_CODE = 'ko-kr'
       ) D
WHERE  A.SYSTEM_TYPE = B.SYSTEM_TYPE(+)
AND    A.MENU_CODE = B.MENU_CODE(+)
AND    A.MENU_CODE = C.MENU_CODE(+)
AND    A.MENU_CODE = D.MENU_CODE(+)
AND    A.SYSTEM_TYPE = 'PATENT'
AND    A.MENU_CODE = '00114'
Result : 0 Row(s) Selected
Laptime : 0.004
================================================================================
[2022-06-09 13:34:33.775] /anyfive.ipims.share.board.act.RetrieveBoardConfig.do
/ipims/share/board/board => /retrieveBoardConfig
/ipims/share/board/board => /retrieveBoardConfig/menuCode
SELECT A.MENU_CODE
     , A.BRD_ID
     , NVL(C.MENU_NAME, D.MENU_NAME) MENU_NAME
     , A.WRITE_AVAIL
     , A.ANS_AVAIL
     , A.READ_CNT_DISP
     , A.NOTICE_PERIOD
     , A.FILE_POLICY
FROM   TB_BRD_MGT A
     , TB_MNU_MENU B
     , (SELECT MENU_CODE
             , MENU_NAME
        FROM   TB_MNU_MENU_NAME
        WHERE  SYSTEM_TYPE = 'PATENT'
        AND    LANG_CODE = 'ko-kr'
       ) C
     , (SELECT MENU_CODE
             , MENU_NAME
        FROM   TB_MNU_MENU_NAME
        WHERE  SYSTEM_TYPE = 'PATENT'
        AND    LANG_CODE = 'ko-kr'
       ) D
WHERE  A.SYSTEM_TYPE = B.SYSTEM_TYPE(+)
AND    A.MENU_CODE = B.MENU_CODE(+)
AND    A.MENU_CODE = C.MENU_CODE(+)
AND    A.MENU_CODE = D.MENU_CODE(+)
AND    A.SYSTEM_TYPE = 'PATENT'
AND    A.MENU_CODE = '00112'
Result : 0 Row(s) Selected
Laptime : 0.006
================================================================================
[2022-06-09 13:34:36.441] /anyfive.framework.grid.act.RetrieveGridColumnList.do
/framework/gridconfig => /retrieveGridConfig
SELECT COLUMN_YN
     , SORTING_YN
FROM   TB_USR_GRID_CONFIG
WHERE  USER_ID = 'P000000001'
AND    GRID_ID = '8f08fb14487e3834eac425f2e1ae2f45'
Result : 0 Row(s) Selected
Laptime : 0.047
================================================================================
[2022-06-09 13:34:36.442] /anyfive.framework.grid.act.RetrieveGridSortingList.do
/framework/gridconfig => /retrieveGridConfig
SELECT COLUMN_YN
     , SORTING_YN
FROM   TB_USR_GRID_CONFIG
WHERE  USER_ID = 'P000000001'
AND    GRID_ID = '8f08fb14487e3834eac425f2e1ae2f45'
Result : 0 Row(s) Selected
Laptime : 0.047
================================================================================
[2022-06-09 13:34:36.479] /anyfive.framework.grid.act.RetrieveGridSortingList.do
/framework/gridconfig => /retrieveGridSortingList
SELECT COL_ID
     , SORT_INDEX
     , SORT_TYPE
FROM   TB_USR_GRID_SORTING
WHERE  USER_ID = 'P000000001'
AND    GRID_ID = '8f08fb14487e3834eac425f2e1ae2f45'
ORDER  BY SORT_INDEX
Result : 0 Row(s) Selected
Laptime : 0.034
================================================================================
[2022-06-09 13:34:36.481] /anyfive.framework.grid.act.RetrieveGridColumnList.do
/framework/gridconfig => /retrieveGridColumnList
SELECT COL_ID
     , COL_INDEX
     , COL_SHOW
     , COL_FROZEN
     , COL_WIDTH
FROM   TB_USR_GRID_COLUMN
WHERE  USER_ID = 'P000000001'
AND    GRID_ID = '8f08fb14487e3834eac425f2e1ae2f45'
ORDER  BY COL_INDEX
Result : 0 Row(s) Selected
Laptime : 0.038
================================================================================
[2022-06-09 13:34:36.519] /anyfive.framework.codedata.act.RetrieveCodeData.do
/common/jobManAll
SELECT DISTINCT
       USER_ID CODE
     , FN_USER_NAME(USER_ID) NAME
FROM   TB_MNU_GROUP_USER
WHERE  SYSTEM_TYPE = 'PATENT'
AND    GROUP_CODE IN ('PAT', 'TRA', 'DES')
Result : 16 Row(s) Selected
Laptime : 0.018
================================================================================
[2022-06-09 13:34:36.861] /anyfive.ipims.patent.applymgt.priorjob.todolist.act.RetrieveToDoList.do
/ipims/patent/applymgt/priorjob/todolist => /retrieveToDoList
/ipims/patent/applymgt/priorjob/todolist => /retrieveToDoList/jobMan
SELECT COUNT(1) AS TOTAL_COUNT FROM (
SELECT A.REF_ID
     , A.INOUT_DIV
     , A.REF_NO
     , FN_COM_CODE_NAME('RIGHT_DIV', A.RIGHT_DIV, 'ko-kr', 'ko-kr') RIGHT_DIV_NAME
     , FN_COM_CODE_NAME('INOUT_DIV', A.INOUT_DIV, 'ko-kr', 'ko-kr') INOUT_DIV_NAME
     , FN_PAPER_NAME(NVL(D.PAPER_CODE, B.PAPER_CODE)) ||'-'|| FN_PAPER_SUBNAME(NVL(D.PAPER_CODE, B.PAPER_CODE), NVL(D.PAPER_SUBCODE, B.PAPER_SUBCODE)) PAPER_NAME
     , A.APP_NO
     , B.URGENT_DATE
     , TO_NUMBER(TO_DATE(B.URGENT_DATE, 'YYYYMMDD') - TO_DATE(TO_CHAR(SYSDATE, 'YYYYMMDD'), 'YYYYMMDD')) URGENT_REMAIN_DAYS
     , C.DUE_DATE
     , TO_NUMBER(TO_DATE(C.DUE_DATE, 'YYYYMMDD') - TO_DATE(TO_CHAR(SYSDATE, 'YYYYMMDD'), 'YYYYMMDD')) DUE_REMAIN_DAYS
     , A.KO_APP_TITLE
     , FN_PAPER_NAME(A.STATUS) STATUS_NAME
     , FN_USER_NAME(A.JOB_MAN) JOB_MAN_NAME
     , FN_OFFICE_NAME(A.OFFICE_CODE) OFFICE_NAME
FROM   TB_APP_MST A
     , (SELECT T1.REF_ID
             , T1.PAPER_CODE
             , T1.PAPER_SUBCODE
             , NVL(T1.URGENT_DATE,T1.DUE_DATE) URGENT_DATE
        FROM   TB_PAPER_LIST T1
             , (SELECT REF_ID
                     , MAX(CRE_DATE || LIST_SEQ) PAPER_SEQ
                FROM   TB_PAPER_LIST
                WHERE  (URGENT_DATE IS NOT NULL OR DUE_DATE IS NOT NULL) OR PAPER_CODE IN (SELECT PAPER_CODE FROM TB_PAPER_MGT_MST WHERE MST_STATUS_YN = '1')
                GROUP BY REF_ID
               ) T2
        WHERE  T1.REF_ID = T2.REF_ID
        AND    T1.CRE_DATE || T1.LIST_SEQ = T2.PAPER_SEQ
       ) B
     , TB_OA_HIST C
     , TB_PAPER_LIST D
WHERE  B.REF_ID(+) = A.REF_ID
AND    C.REF_ID(+) = A.REF_ID
AND    C.END_YN(+) = '0'
AND    C.REF_ID = D.REF_ID(+)
AND    C.START_PAPER_SEQ = D.LIST_SEQ(+)
AND    (C.DUE_DATE IS NOT NULL OR B.URGENT_DATE IS NOT NULL)
AND    (SELECT PAPER_STEP FROM TB_PAPER_MGT_MST WHERE PAPER_CODE = NVL(D.PAPER_CODE, B.PAPER_CODE)) = 'OA'
AND    A.JOB_MAN = 'P000000001'
UNION ALL
SELECT A.REF_ID
     , A.INOUT_DIV
     , A.REF_NO
     , FN_COM_CODE_NAME('RIGHT_DIV', A.RIGHT_DIV, 'ko-kr', 'ko-kr') RIGHT_DIV_NAME
     , FN_COM_CODE_NAME('INOUT_DIV', A.INOUT_DIV, 'ko-kr', 'ko-kr') INOUT_DIV_NAME
     , FN_PAPER_NAME(B.PAPER_CODE) ||'-'|| FN_PAPER_SUBNAME(B.PAPER_CODE, B.PAPER_SUBCODE) PAPER_NAME
     , A.APP_NO
     , B.URGENT_DATE
     , TO_NUMBER(TO_DATE(B.URGENT_DATE, 'YYYYMMDD') - TO_DATE(TO_CHAR(SYSDATE, 'YYYYMMDD'), 'YYYYMMDD')) URGENT_REMAIN_DAYS
     , B.DUE_DATE
     , TO_NUMBER(TO_DATE(B.DUE_DATE, 'YYYYMMDD') - TO_DATE(TO_CHAR(SYSDATE, 'YYYYMMDD'), 'YYYYMMDD')) DUE_REMAIN_DAYS
     , A.KO_APP_TITLE
     , FN_PAPER_NAME(A.STATUS) STATUS_NAME
     , FN_USER_NAME(A.JOB_MAN) JOB_MAN_NAME
     , FN_OFFICE_NAME(A.OFFICE_CODE) OFFICE_NAME
FROM   TB_APP_MST A
     , (SELECT T1.REF_ID
             , T1.PAPER_CODE
             , T1.PAPER_SUBCODE
             , NVL(T1.URGENT_DATE,T1.DUE_DATE) URGENT_DATE
             , T1.DUE_DATE DUE_DATE
        FROM   TB_PAPER_LIST T1
             , (SELECT P1.REF_ID
                     , MAX(P1.CRE_DATE || P1.LIST_SEQ) PAPER_SEQ
                FROM   TB_PAPER_LIST P1, TB_PAPER_MGT_MST P2
                WHERE  P1.PAPER_CODE = P2.PAPER_CODE
                AND  (URGENT_DATE IS NOT NULL OR DUE_DATE IS NOT NULL)
                AND P2.PAPER_STEP <> 'OA'
                AND P1.DATE_ADMIN ='0'
                GROUP BY REF_ID, PAPER_STEP
               ) T2
        WHERE  T1.REF_ID = T2.REF_ID
        AND    T1.CRE_DATE || T1.LIST_SEQ = T2.PAPER_SEQ
        AND NOT EXISTS (SELECT 1 FROM TB_PAPER_LIST Z1 WHERE Z1.REF_ID = T1.REF_ID
                        AND Z1.PAPER_CODE = (SELECT COPE_PAPER_CODE FROM TB_PAPER_MGT_MST WHERE PAPER_CODE = T1.PAPER_CODE))
       ) B
WHERE  B.REF_ID(+) = A.REF_ID
AND    (B.DUE_DATE IS NOT NULL OR B.URGENT_DATE IS NOT NULL)
AND    A.JOB_MAN = 'P000000001'
) TEMP__1
Result : 1 Row(s) Selected
Laptime : 0.291
================================================================================
[2022-06-09 13:34:37.158] /anyfive.ipims.patent.applymgt.priorjob.todolist.act.RetrieveToDoList.do
/ipims/patent/applymgt/priorjob/todolist => /retrieveToDoList
/ipims/patent/applymgt/priorjob/todolist => /retrieveToDoList/jobMan
SELECT TEMP__2.* FROM (SELECT ROW_NUMBER() OVER(ORDER BY "URGENT_REMAIN_DAYS" ASC, "DUE_REMAIN_DAYS" ASC) AS ROW_NUM, TEMP__1.* FROM (
SELECT A.REF_ID
     , A.INOUT_DIV
     , A.REF_NO
     , FN_COM_CODE_NAME('RIGHT_DIV', A.RIGHT_DIV, 'ko-kr', 'ko-kr') RIGHT_DIV_NAME
     , FN_COM_CODE_NAME('INOUT_DIV', A.INOUT_DIV, 'ko-kr', 'ko-kr') INOUT_DIV_NAME
     , FN_PAPER_NAME(NVL(D.PAPER_CODE, B.PAPER_CODE)) ||'-'|| FN_PAPER_SUBNAME(NVL(D.PAPER_CODE, B.PAPER_CODE), NVL(D.PAPER_SUBCODE, B.PAPER_SUBCODE)) PAPER_NAME
     , A.APP_NO
     , B.URGENT_DATE
     , TO_NUMBER(TO_DATE(B.URGENT_DATE, 'YYYYMMDD') - TO_DATE(TO_CHAR(SYSDATE, 'YYYYMMDD'), 'YYYYMMDD')) URGENT_REMAIN_DAYS
     , C.DUE_DATE
     , TO_NUMBER(TO_DATE(C.DUE_DATE, 'YYYYMMDD') - TO_DATE(TO_CHAR(SYSDATE, 'YYYYMMDD'), 'YYYYMMDD')) DUE_REMAIN_DAYS
     , A.KO_APP_TITLE
     , FN_PAPER_NAME(A.STATUS) STATUS_NAME
     , FN_USER_NAME(A.JOB_MAN) JOB_MAN_NAME
     , FN_OFFICE_NAME(A.OFFICE_CODE) OFFICE_NAME
FROM   TB_APP_MST A
     , (SELECT T1.REF_ID
             , T1.PAPER_CODE
             , T1.PAPER_SUBCODE
             , NVL(T1.URGENT_DATE,T1.DUE_DATE) URGENT_DATE
        FROM   TB_PAPER_LIST T1
             , (SELECT REF_ID
                     , MAX(CRE_DATE || LIST_SEQ) PAPER_SEQ
                FROM   TB_PAPER_LIST
                WHERE  (URGENT_DATE IS NOT NULL OR DUE_DATE IS NOT NULL) OR PAPER_CODE IN (SELECT PAPER_CODE FROM TB_PAPER_MGT_MST WHERE MST_STATUS_YN = '1')
                GROUP BY REF_ID
               ) T2
        WHERE  T1.REF_ID = T2.REF_ID
        AND    T1.CRE_DATE || T1.LIST_SEQ = T2.PAPER_SEQ
       ) B
     , TB_OA_HIST C
     , TB_PAPER_LIST D
WHERE  B.REF_ID(+) = A.REF_ID
AND    C.REF_ID(+) = A.REF_ID
AND    C.END_YN(+) = '0'
AND    C.REF_ID = D.REF_ID(+)
AND    C.START_PAPER_SEQ = D.LIST_SEQ(+)
AND    (C.DUE_DATE IS NOT NULL OR B.URGENT_DATE IS NOT NULL)
AND    (SELECT PAPER_STEP FROM TB_PAPER_MGT_MST WHERE PAPER_CODE = NVL(D.PAPER_CODE, B.PAPER_CODE)) = 'OA'
AND    A.JOB_MAN = 'P000000001'
UNION ALL
SELECT A.REF_ID
     , A.INOUT_DIV
     , A.REF_NO
     , FN_COM_CODE_NAME('RIGHT_DIV', A.RIGHT_DIV, 'ko-kr', 'ko-kr') RIGHT_DIV_NAME
     , FN_COM_CODE_NAME('INOUT_DIV', A.INOUT_DIV, 'ko-kr', 'ko-kr') INOUT_DIV_NAME
     , FN_PAPER_NAME(B.PAPER_CODE) ||'-'|| FN_PAPER_SUBNAME(B.PAPER_CODE, B.PAPER_SUBCODE) PAPER_NAME
     , A.APP_NO
     , B.URGENT_DATE
     , TO_NUMBER(TO_DATE(B.URGENT_DATE, 'YYYYMMDD') - TO_DATE(TO_CHAR(SYSDATE, 'YYYYMMDD'), 'YYYYMMDD')) URGENT_REMAIN_DAYS
     , B.DUE_DATE
     , TO_NUMBER(TO_DATE(B.DUE_DATE, 'YYYYMMDD') - TO_DATE(TO_CHAR(SYSDATE, 'YYYYMMDD'), 'YYYYMMDD')) DUE_REMAIN_DAYS
     , A.KO_APP_TITLE
     , FN_PAPER_NAME(A.STATUS) STATUS_NAME
     , FN_USER_NAME(A.JOB_MAN) JOB_MAN_NAME
     , FN_OFFICE_NAME(A.OFFICE_CODE) OFFICE_NAME
FROM   TB_APP_MST A
     , (SELECT T1.REF_ID
             , T1.PAPER_CODE
             , T1.PAPER_SUBCODE
             , NVL(T1.URGENT_DATE,T1.DUE_DATE) URGENT_DATE
             , T1.DUE_DATE DUE_DATE
        FROM   TB_PAPER_LIST T1
             , (SELECT P1.REF_ID
                     , MAX(P1.CRE_DATE || P1.LIST_SEQ) PAPER_SEQ
                FROM   TB_PAPER_LIST P1, TB_PAPER_MGT_MST P2
                WHERE  P1.PAPER_CODE = P2.PAPER_CODE
                AND  (URGENT_DATE IS NOT NULL OR DUE_DATE IS NOT NULL)
                AND P2.PAPER_STEP <> 'OA'
                AND P1.DATE_ADMIN ='0'
                GROUP BY REF_ID, PAPER_STEP
               ) T2
        WHERE  T1.REF_ID = T2.REF_ID
        AND    T1.CRE_DATE || T1.LIST_SEQ = T2.PAPER_SEQ
        AND NOT EXISTS (SELECT 1 FROM TB_PAPER_LIST Z1 WHERE Z1.REF_ID = T1.REF_ID
                        AND Z1.PAPER_CODE = (SELECT COPE_PAPER_CODE FROM TB_PAPER_MGT_MST WHERE PAPER_CODE = T1.PAPER_CODE))
       ) B
WHERE  B.REF_ID(+) = A.REF_ID
AND    (B.DUE_DATE IS NOT NULL OR B.URGENT_DATE IS NOT NULL)
AND    A.JOB_MAN = 'P000000001'
) TEMP__1) TEMP__2 WHERE TEMP__2.ROW_NUM > 0 AND TEMP__2.ROW_NUM <= 50
Result : 50 Row(s) Selected
Laptime : 0.293
================================================================================
[2022-06-09 13:35:36.330] /anyfive.framework.grid.act.RetrieveGridColumnList.do
/framework/gridconfig => /retrieveGridConfig
SELECT COLUMN_YN
     , SORTING_YN
FROM   TB_USR_GRID_CONFIG
WHERE  USER_ID = 'P000000001'
AND    GRID_ID = '2d51eda859949c9e726357e5e287693d'
Result : 0 Row(s) Selected
Laptime : 0.002
================================================================================
[2022-06-09 13:35:36.334] /anyfive.framework.grid.act.RetrieveGridColumnList.do
/framework/gridconfig => /retrieveGridColumnList
SELECT COL_ID
     , COL_INDEX
     , COL_SHOW
     , COL_FROZEN
     , COL_WIDTH
FROM   TB_USR_GRID_COLUMN
WHERE  USER_ID = 'P000000001'
AND    GRID_ID = '2d51eda859949c9e726357e5e287693d'
ORDER  BY COL_INDEX
Result : 0 Row(s) Selected
Laptime : 0.003
================================================================================
[2022-06-09 13:35:36.627] /anyfive.framework.grid.act.RetrieveGridSortingList.do
/framework/gridconfig => /retrieveGridConfig
SELECT COLUMN_YN
     , SORTING_YN
FROM   TB_USR_GRID_CONFIG
WHERE  USER_ID = 'P000000001'
AND    GRID_ID = '2d51eda859949c9e726357e5e287693d'
Result : 0 Row(s) Selected
Laptime : 0.005
================================================================================
[2022-06-09 13:35:36.638] /anyfive.framework.grid.act.RetrieveGridSortingList.do
/framework/gridconfig => /retrieveGridSortingList
SELECT COL_ID
     , SORT_INDEX
     , SORT_TYPE
FROM   TB_USR_GRID_SORTING
WHERE  USER_ID = 'P000000001'
AND    GRID_ID = '2d51eda859949c9e726357e5e287693d'
ORDER  BY SORT_INDEX
Result : 0 Row(s) Selected
Laptime : 0.005
================================================================================
[2022-06-09 13:35:36.711] /anyfive.framework.codedata.act.RetrieveCodeData.do
/common/officeCode
SELECT OFFICE_CODE CODE
     , FIRM_HNAME NAME
FROM   TB_ORG_OFFICE
WHERE  USE_YN = '1'
ORDER BY DISP_ORD, FIRM_HNAME
Result : 25 Row(s) Selected
Laptime : 0.035
================================================================================
[2022-06-09 13:35:36.723] /anyfive.framework.codedata.act.RetrieveCodeData.do
/common/jobManAll
SELECT DISTINCT
       USER_ID CODE
     , FN_USER_NAME(USER_ID) NAME
FROM   TB_MNU_GROUP_USER
WHERE  SYSTEM_TYPE = 'PATENT'
AND    GROUP_CODE IN ('PAT', 'TRA', 'DES')
Result : 16 Row(s) Selected
Laptime : 0.008
================================================================================
[2022-06-09 13:35:36.819] /anyfive.framework.codedata.act.RetrieveCodeData.do
/common/paperCodeByPaperInoutDiv
SELECT A.PAPER_CODE CODE
     , A.PAPER_NAME NAME
FROM   TB_PAPER_MGT_MST A
WHERE  A.PAPER_DIV = DECODE(NVL(NULL, A.PAPER_DIV), '20','10', NVL(NULL, A.PAPER_DIV))
AND    A.INOUT_DIV = NVL(NULL, A.INOUT_DIV)
ORDER BY A.PAPER_CODE
Result : 524 Row(s) Selected
Laptime : 0.068
================================================================================
[2022-06-09 13:35:37.062] /anyfive.framework.codedata.act.RetrieveCodeData.do
/common/paperCodeByPaperInoutDiv
SELECT A.PAPER_CODE CODE
     , A.PAPER_NAME NAME
FROM   TB_PAPER_MGT_MST A
WHERE  A.PAPER_DIV = DECODE(NVL(NULL, A.PAPER_DIV), '20','10', NVL(NULL, A.PAPER_DIV))
AND    A.INOUT_DIV = NVL(NULL, A.INOUT_DIV)
ORDER BY A.PAPER_CODE
Result : 524 Row(s) Selected
Laptime : 0.047
================================================================================
[2022-06-09 13:35:37.288] /anyfive.ipims.patent.applymgt.docpaper.docpaperlist.act.RetrieveDocPaperList.do
/ipims/patent/applymgt/docpaper/docpaperlist => /retrieveDocPaperList
SELECT COUNT(1) AS TOTAL_COUNT FROM (
SELECT A.REF_ID
     , A.LIST_SEQ
     , C.INOUT_DIV
     , C.REF_NO
     , C.APP_NO
     , B.PAPER_NAME
     , A.COMMENTS
     , C.KO_APP_TITLE
     , FN_INVENTOR_NAMES(A.REF_ID) INVENTOR_NAMES
     , A.PAPER_DATE
     , A.DUE_DATE
     , C.OFFICE_CODE
     , FN_OFFICE_NAME(C.OFFICE_CODE) AS OFFICE_CODE_NAME
     , C.JOB_MAN
     , FN_USER_NAME(C.JOB_MAN) AS JOB_MAN_NAME
     , FN_PAPER_NAME(C.STATUS) STATUS_NAME
FROM   TB_PAPER_LIST A
     , TB_PAPER_MGT_MST B
     , TB_APP_MST C
     , TB_APP_MST_EXT D
WHERE  A.PAPER_CODE = B.PAPER_CODE
AND    A.REF_ID = C.REF_ID
AND    A.REF_ID = D.REF_ID(+)
) TEMP__1
Result : 1 Row(s) Selected
Laptime : 0.009
================================================================================
[2022-06-09 13:35:37.359] /anyfive.framework.codedata.act.RetrieveCodeData.do
/common/paperCodeByPaperInoutDiv
SELECT A.PAPER_CODE CODE
     , A.PAPER_NAME NAME
FROM   TB_PAPER_MGT_MST A
WHERE  A.PAPER_DIV = DECODE(NVL(NULL, A.PAPER_DIV), '20','10', NVL(NULL, A.PAPER_DIV))
AND    A.INOUT_DIV = NVL(NULL, A.INOUT_DIV)
ORDER BY A.PAPER_CODE
Result : 524 Row(s) Selected
Laptime : 0.081
================================================================================
[2022-06-09 13:35:37.422] /anyfive.ipims.patent.applymgt.docpaper.docpaperlist.act.RetrieveDocPaperList.do
/ipims/patent/applymgt/docpaper/docpaperlist => /retrieveDocPaperList
SELECT TEMP__2.* FROM (SELECT ROW_NUMBER() OVER(ORDER BY "PAPER_DATE" DESC, "REF_NO" DESC) AS ROW_NUM, TEMP__1.* FROM (
SELECT A.REF_ID
     , A.LIST_SEQ
     , C.INOUT_DIV
     , C.REF_NO
     , C.APP_NO
     , B.PAPER_NAME
     , A.COMMENTS
     , C.KO_APP_TITLE
     , FN_INVENTOR_NAMES(A.REF_ID) INVENTOR_NAMES
     , A.PAPER_DATE
     , A.DUE_DATE
     , C.OFFICE_CODE
     , FN_OFFICE_NAME(C.OFFICE_CODE) AS OFFICE_CODE_NAME
     , C.JOB_MAN
     , FN_USER_NAME(C.JOB_MAN) AS JOB_MAN_NAME
     , FN_PAPER_NAME(C.STATUS) STATUS_NAME
FROM   TB_PAPER_LIST A
     , TB_PAPER_MGT_MST B
     , TB_APP_MST C
     , TB_APP_MST_EXT D
WHERE  A.PAPER_CODE = B.PAPER_CODE
AND    A.REF_ID = C.REF_ID
AND    A.REF_ID = D.REF_ID(+)
) TEMP__1) TEMP__2 WHERE TEMP__2.ROW_NUM > 0 AND TEMP__2.ROW_NUM <= 50
Result : 50 Row(s) Selected
Laptime : 0.133
================================================================================
[2022-06-09 13:35:43.715] /anyfive.framework.codedata.act.RetrieveCodeData.do
/common/countryCode
SELECT COUNTRY_CODE CODE
     , COUNTRY_NAME NAME
FROM   TB_COM_COUNTRY
ORDER BY DISP_ORD, COUNTRY_NAME
Result : 201 Row(s) Selected
Laptime : 0.061
================================================================================
[2022-06-09 13:35:43.727] /anyfive.framework.codedata.act.RetrieveCodeData.do
/ipbiz/extOfficeCode
SELECT OFFICE_CODE CODE
     , FIRM_HNAME NAME
FROM   TB_ORG_OFFICE
WHERE  USE_YN IN ('1','0')
AND    COUNTRY_CODE = NULL
ORDER BY DISP_ORD, FIRM_HNAME
Result : 0 Row(s) Selected
Laptime : 0.006
================================================================================
[2022-06-09 13:35:43.789] /anyfive.framework.codedata.act.RetrieveCodeData.do
/ipbiz/countryCode
SELECT OFFICE_CODE CODE
     , FN_OFFICE_NAME(OFFICE_CODE) NAME
FROM   TB_ORG_OFFICE
WHERE  USE_YN in ('1','0')
and  COUNTRY_CODE = NULL
Result : 0 Row(s) Selected
Laptime : 0.006
================================================================================
[2022-06-09 13:35:53.587] /anyfive.ipims.patent.rivalpat.analysis.act.RetrieveRivalPatAnalysisDocList.do
/ipims/patent/rivalpat/analysis => /retrieveRivalPatAnalysisDocList
SELECT COUNT(1) AS TOTAL_COUNT FROM (
SELECT    A.ANALY_ID
        , A.MNG_NO
        , A.AN_TITLE
        , A.THEM_NAME
        , A.OUR_RIGHT
        , FN_COM_CODE_NAME('RIGHT_DIV', A.OUR_RIGHT, 'ko-kr', 'ko-kr') RIGHT_DIV_NAME
        , A.OUR_APPNO
        , A.OUR_APPDATE
        , A.OUR_PUBNO
        , A.OUR_PUBDATE
        , A.OUR_REGNO
        , A.OUR_REGDATE
        , A.OUR_ITEM
        , A.THEM_RIGHT
        , A.THEM_APPNO
        , A.THEM_APPDATE
        , A.THEM_PUBNO
        , A.THEM_PUBDATE
        , A.THEM_REGNO
        , A.THEM_REGDATE
        , A.THEM_ITEM
        , A.AN_OPINION
        , A.AN_BIGO
        , A.ATTACH_FILE
        , FN_USER_NAME(A.CRE_USER) CRE_USER_NAME
        , A.CRE_DATE
FROM   TB_IPB_ANALY_DATA A
WHERE  1=1
) TEMP__1
Result : 1 Row(s) Selected
Laptime : 0.042
================================================================================
[2022-06-09 13:35:53.615] /anyfive.ipims.patent.rivalpat.analysis.act.RetrieveRivalPatAnalysisDocList.do
/ipims/patent/rivalpat/analysis => /retrieveRivalPatAnalysisDocList
SELECT TEMP__2.* FROM (SELECT ROW_NUMBER() OVER(ORDER BY "MNG_NO" DESC) AS ROW_NUM, TEMP__1.* FROM (
SELECT    A.ANALY_ID
        , A.MNG_NO
        , A.AN_TITLE
        , A.THEM_NAME
        , A.OUR_RIGHT
        , FN_COM_CODE_NAME('RIGHT_DIV', A.OUR_RIGHT, 'ko-kr', 'ko-kr') RIGHT_DIV_NAME
        , A.OUR_APPNO
        , A.OUR_APPDATE
        , A.OUR_PUBNO
        , A.OUR_PUBDATE
        , A.OUR_REGNO
        , A.OUR_REGDATE
        , A.OUR_ITEM
        , A.THEM_RIGHT
        , A.THEM_APPNO
        , A.THEM_APPDATE
        , A.THEM_PUBNO
        , A.THEM_PUBDATE
        , A.THEM_REGNO
        , A.THEM_REGDATE
        , A.THEM_ITEM
        , A.AN_OPINION
        , A.AN_BIGO
        , A.ATTACH_FILE
        , FN_USER_NAME(A.CRE_USER) CRE_USER_NAME
        , A.CRE_DATE
FROM   TB_IPB_ANALY_DATA A
WHERE  1=1
) TEMP__1) TEMP__2 WHERE TEMP__2.ROW_NUM > 0 AND TEMP__2.ROW_NUM <= 50
Result : 1 Row(s) Selected
Laptime : 0.026
================================================================================
[2022-06-09 13:35:56.257] /anyfive.framework.codedata.act.RetrieveCodeData.do
/ipbiz/currencyDiv
SELECT DISTINCT CURRENCY_CODE CODE,
       CURRENCY_CODE NAME
FROM   TB_COM_COUNTRY
WHERE  CURRENCY_CODE IS NOT NULL
Result : 15 Row(s) Selected
Laptime : 0.008
================================================================================
[2022-06-09 13:35:56.265] /anyfive.framework.codedata.act.RetrieveCodeData.do
/ipbiz/currencyDiv
SELECT DISTINCT CURRENCY_CODE CODE,
       CURRENCY_CODE NAME
FROM   TB_COM_COUNTRY
WHERE  CURRENCY_CODE IS NOT NULL
Result : 15 Row(s) Selected
Laptime : 0.007
================================================================================
[2022-06-09 13:35:57.091] /anyfive.ipims.patent.ipbiz.license.act.RetrieveLicenseList.do
/ipims/patent/ipbiz/license => /retrieveLicenseList
SELECT COUNT(1) AS TOTAL_COUNT FROM (
SELECT LICENSE_ID
     , MGT_NO
     , UTILIZE_TITLE
     , FN_COM_CODE_NAME('LICENSE_DIV', LICENSE_DIV, 'ko-kr', '$!{#DEFAULT_LANG_CODE}') LICENSE_DIV_NAME
     , TARGET_ENT
     , FN_COUNTRY_NAMES(LICENSE_ID) COUNTRY_CODE_NAME
     , LR_FIX_USE_PRICE
     , RR_FIX_USE_PRICE
     , FN_COM_CODE_NAME('CONTRACT_STATUS', CONTRACT_STATUS, 'ko-kr', '$!{#DEFAULT_LANG_CODE}') CONTRACT_STATUS_NAME
     , CONTRACT_START_DATE
     , CONTRACT_END_DATE
     , FN_USER_NAME(CRE_USER) CRE_USER_NAME
     , CRE_DATE
FROM   TB_IPB_LICENSE
WHERE  1=1
) TEMP__1
Result : 1 Row(s) Selected
Laptime : 0.029
================================================================================
[2022-06-09 13:35:57.132] /anyfive.ipims.patent.ipbiz.license.act.RetrieveLicenseList.do
/ipims/patent/ipbiz/license => /retrieveLicenseList
SELECT TEMP__2.* FROM (SELECT ROW_NUMBER() OVER(ORDER BY "MGT_NO" ASC) AS ROW_NUM, TEMP__1.* FROM (
SELECT LICENSE_ID
     , MGT_NO
     , UTILIZE_TITLE
     , FN_COM_CODE_NAME('LICENSE_DIV', LICENSE_DIV, 'ko-kr', '$!{#DEFAULT_LANG_CODE}') LICENSE_DIV_NAME
     , TARGET_ENT
     , FN_COUNTRY_NAMES(LICENSE_ID) COUNTRY_CODE_NAME
     , LR_FIX_USE_PRICE
     , RR_FIX_USE_PRICE
     , FN_COM_CODE_NAME('CONTRACT_STATUS', CONTRACT_STATUS, 'ko-kr', '$!{#DEFAULT_LANG_CODE}') CONTRACT_STATUS_NAME
     , CONTRACT_START_DATE
     , CONTRACT_END_DATE
     , FN_USER_NAME(CRE_USER) CRE_USER_NAME
     , CRE_DATE
FROM   TB_IPB_LICENSE
WHERE  1=1
) TEMP__1) TEMP__2 WHERE TEMP__2.ROW_NUM > 0 AND TEMP__2.ROW_NUM <= 50
Result : 1 Row(s) Selected
Laptime : 0.039
================================================================================
[2022-06-09 13:35:58.771] /anyfive.framework.grid.act.RetrieveGridColumnList.do
/framework/gridconfig => /retrieveGridConfig
SELECT COLUMN_YN
     , SORTING_YN
FROM   TB_USR_GRID_CONFIG
WHERE  USER_ID = 'P000000001'
AND    GRID_ID = '60caa5254c2c2d73fe785e155a896d11'
Result : 0 Row(s) Selected
Laptime : 0.003
================================================================================
[2022-06-09 13:35:58.771] /anyfive.framework.grid.act.RetrieveGridSortingList.do
/framework/gridconfig => /retrieveGridConfig
SELECT COLUMN_YN
     , SORTING_YN
FROM   TB_USR_GRID_CONFIG
WHERE  USER_ID = 'P000000001'
AND    GRID_ID = '60caa5254c2c2d73fe785e155a896d11'
Result : 0 Row(s) Selected
Laptime : 0.003
================================================================================
[2022-06-09 13:35:58.775] /anyfive.framework.grid.act.RetrieveGridColumnList.do
/framework/gridconfig => /retrieveGridColumnList
SELECT COL_ID
     , COL_INDEX
     , COL_SHOW
     , COL_FROZEN
     , COL_WIDTH
FROM   TB_USR_GRID_COLUMN
WHERE  USER_ID = 'P000000001'
AND    GRID_ID = '60caa5254c2c2d73fe785e155a896d11'
ORDER  BY COL_INDEX
Result : 0 Row(s) Selected
Laptime : 0.002
================================================================================
[2022-06-09 13:35:58.775] /anyfive.framework.grid.act.RetrieveGridSortingList.do
/framework/gridconfig => /retrieveGridSortingList
SELECT COL_ID
     , SORT_INDEX
     , SORT_TYPE
FROM   TB_USR_GRID_SORTING
WHERE  USER_ID = 'P000000001'
AND    GRID_ID = '60caa5254c2c2d73fe785e155a896d11'
ORDER  BY SORT_INDEX
Result : 0 Row(s) Selected
Laptime : 0.003
================================================================================
[2022-06-09 13:35:58.908] /anyfive.ipims.patent.common.popup.search.act.RetrieveTechCodeSearchTree.do
/ipims/patent/common/popup/search => /retrieveTechCodeSearchTree
SELECT TECH_CODE
     , PRIOR_TECH_CODE
     , TECH_HNAME
     , TECH_LEVEL
     , FN_TECH_PATHNAME(TECH_CODE, ' > ') TECH_PATHNAME
FROM   TB_COM_TECH_CLS
WHERE  USE_YN = '1'
ORDER  BY TECH_LEVEL, TECH_HNAME
Result : 46 Row(s) Selected
Laptime : 0.054
================================================================================
[2022-06-09 13:35:58.954] /anyfive.ipims.patent.rivalpat.evalmaster.act.RetrieveRivalPatEvalMasterListTech.do
/ipims/patent/rivalpat/evalmaster => /retrieveRivalPatEvalMasterListTech
/ipims/patent/rivalpat/evalmaster => /retrieveRivalPatEvalMasterListTech/ipcCodeAll
SELECT COUNT(1) AS TOTAL_COUNT FROM (
SELECT A.MGT_ID
     , A.WIPS_KEY
     , A.PAT_DIV
     , FN_RIVALPAT_TECH_NAMES(A.MGT_ID) TECH_NAMES
     , FN_RIVALPAT_IPC_NAMES(A.MGT_ID) IPC_NAMES
     , A.OWN_APP_MAN
     , A.COUNTRY_CODE
     , A.STATUS_CODE
     , B.EVAL_GRADE
     , FN_USER_NAME(B.CRE_USER) CRE_USER_NAME
     , A.APP_NO
     , A.APP_DATE
     , A.TITLE
     , A.APP_MAN
     , A.INVENTOR
     , A.SUMMARY
     , A.AGENT
FROM   TB_RIVALPAT_MST A
     , TB_RIVALPAT_EVAL B
WHERE  A.MGT_ID = B.MGT_ID(+)
AND    A.MGT_ID IN (SELECT MGT_ID FROM TB_RIVALPAT_MAPP_IPC_CLS T)
) TEMP__1
Result : 1 Row(s) Selected
Laptime : 0.046
================================================================================
[2022-06-09 13:35:58.967] /anyfive.ipims.patent.rivalpat.evalmaster.act.RetrieveRivalPatEvalMasterListTech.do
/ipims/patent/rivalpat/evalmaster => /retrieveRivalPatEvalMasterListTech
/ipims/patent/rivalpat/evalmaster => /retrieveRivalPatEvalMasterListTech/ipcCodeAll
SELECT TEMP__2.* FROM (SELECT ROW_NUMBER() OVER(ORDER BY ROWNUM) AS ROW_NUM, TEMP__1.* FROM (
SELECT A.MGT_ID
     , A.WIPS_KEY
     , A.PAT_DIV
     , FN_RIVALPAT_TECH_NAMES(A.MGT_ID) TECH_NAMES
     , FN_RIVALPAT_IPC_NAMES(A.MGT_ID) IPC_NAMES
     , A.OWN_APP_MAN
     , A.COUNTRY_CODE
     , A.STATUS_CODE
     , B.EVAL_GRADE
     , FN_USER_NAME(B.CRE_USER) CRE_USER_NAME
     , A.APP_NO
     , A.APP_DATE
     , A.TITLE
     , A.APP_MAN
     , A.INVENTOR
     , A.SUMMARY
     , A.AGENT
FROM   TB_RIVALPAT_MST A
     , TB_RIVALPAT_EVAL B
WHERE  A.MGT_ID = B.MGT_ID(+)
AND    A.MGT_ID IN (SELECT MGT_ID FROM TB_RIVALPAT_MAPP_IPC_CLS T)
) TEMP__1) TEMP__2 WHERE TEMP__2.ROW_NUM > 0 AND TEMP__2.ROW_NUM <= 50
Result : 0 Row(s) Selected
Laptime : 0.012
================================================================================
[2022-06-09 13:36:00.383] /anyfive.ipims.patent.rivalpat.evalmaster.act.RetrieveRivalPatEvalMasterListTech.do
/ipims/patent/rivalpat/evalmaster => /retrieveRivalPatEvalMasterListTech
/ipims/patent/rivalpat/evalmaster => /retrieveRivalPatEvalMasterListTech/techCode
/ipims/patent/rivalpat/evalmaster => /retrieveRivalPatEvalMasterListTech/ipcCodeAll
SELECT COUNT(1) AS TOTAL_COUNT FROM (
SELECT A.MGT_ID
     , A.WIPS_KEY
     , A.PAT_DIV
     , FN_RIVALPAT_TECH_NAMES(A.MGT_ID) TECH_NAMES
     , FN_RIVALPAT_IPC_NAMES(A.MGT_ID) IPC_NAMES
     , A.OWN_APP_MAN
     , A.COUNTRY_CODE
     , A.STATUS_CODE
     , B.EVAL_GRADE
     , FN_USER_NAME(B.CRE_USER) CRE_USER_NAME
     , A.APP_NO
     , A.APP_DATE
     , A.TITLE
     , A.APP_MAN
     , A.INVENTOR
     , A.SUMMARY
     , A.AGENT
FROM   TB_RIVALPAT_MST A
     , TB_RIVALPAT_EVAL B
WHERE  A.MGT_ID = B.MGT_ID(+)
AND    A.MGT_ID IN (SELECT MGT_ID FROM TB_RIVALPAT_MAPP_TECH_CLS T WHERE T.TECH_CODE = '2')
AND    A.MGT_ID IN (SELECT MGT_ID FROM TB_RIVALPAT_MAPP_IPC_CLS T)
) TEMP__1
Result : 1 Row(s) Selected
Laptime : 0.011
================================================================================
[2022-06-09 13:36:00.397] /anyfive.ipims.patent.rivalpat.evalmaster.act.RetrieveRivalPatEvalMasterListTech.do
/ipims/patent/rivalpat/evalmaster => /retrieveRivalPatEvalMasterListTech
/ipims/patent/rivalpat/evalmaster => /retrieveRivalPatEvalMasterListTech/techCode
/ipims/patent/rivalpat/evalmaster => /retrieveRivalPatEvalMasterListTech/ipcCodeAll
SELECT TEMP__2.* FROM (SELECT ROW_NUMBER() OVER(ORDER BY ROWNUM) AS ROW_NUM, TEMP__1.* FROM (
SELECT A.MGT_ID
     , A.WIPS_KEY
     , A.PAT_DIV
     , FN_RIVALPAT_TECH_NAMES(A.MGT_ID) TECH_NAMES
     , FN_RIVALPAT_IPC_NAMES(A.MGT_ID) IPC_NAMES
     , A.OWN_APP_MAN
     , A.COUNTRY_CODE
     , A.STATUS_CODE
     , B.EVAL_GRADE
     , FN_USER_NAME(B.CRE_USER) CRE_USER_NAME
     , A.APP_NO
     , A.APP_DATE
     , A.TITLE
     , A.APP_MAN
     , A.INVENTOR
     , A.SUMMARY
     , A.AGENT
FROM   TB_RIVALPAT_MST A
     , TB_RIVALPAT_EVAL B
WHERE  A.MGT_ID = B.MGT_ID(+)
AND    A.MGT_ID IN (SELECT MGT_ID FROM TB_RIVALPAT_MAPP_TECH_CLS T WHERE T.TECH_CODE = '2')
AND    A.MGT_ID IN (SELECT MGT_ID FROM TB_RIVALPAT_MAPP_IPC_CLS T)
) TEMP__1) TEMP__2 WHERE TEMP__2.ROW_NUM > 0 AND TEMP__2.ROW_NUM <= 50
Result : 0 Row(s) Selected
Laptime : 0.014
================================================================================
[2022-06-09 13:36:00.969] /anyfive.ipims.patent.rivalpat.evalmaster.act.RetrieveRivalPatEvalMasterListTech.do
/ipims/patent/rivalpat/evalmaster => /retrieveRivalPatEvalMasterListTech
/ipims/patent/rivalpat/evalmaster => /retrieveRivalPatEvalMasterListTech/techCode
/ipims/patent/rivalpat/evalmaster => /retrieveRivalPatEvalMasterListTech/ipcCodeAll
SELECT COUNT(1) AS TOTAL_COUNT FROM (
SELECT A.MGT_ID
     , A.WIPS_KEY
     , A.PAT_DIV
     , FN_RIVALPAT_TECH_NAMES(A.MGT_ID) TECH_NAMES
     , FN_RIVALPAT_IPC_NAMES(A.MGT_ID) IPC_NAMES
     , A.OWN_APP_MAN
     , A.COUNTRY_CODE
     , A.STATUS_CODE
     , B.EVAL_GRADE
     , FN_USER_NAME(B.CRE_USER) CRE_USER_NAME
     , A.APP_NO
     , A.APP_DATE
     , A.TITLE
     , A.APP_MAN
     , A.INVENTOR
     , A.SUMMARY
     , A.AGENT
FROM   TB_RIVALPAT_MST A
     , TB_RIVALPAT_EVAL B
WHERE  A.MGT_ID = B.MGT_ID(+)
AND    A.MGT_ID IN (SELECT MGT_ID FROM TB_RIVALPAT_MAPP_TECH_CLS T WHERE T.TECH_CODE = '2F')
AND    A.MGT_ID IN (SELECT MGT_ID FROM TB_RIVALPAT_MAPP_IPC_CLS T)
) TEMP__1
Result : 1 Row(s) Selected
Laptime : 0.003
================================================================================
[2022-06-09 13:36:00.974] /anyfive.ipims.patent.rivalpat.evalmaster.act.RetrieveRivalPatEvalMasterListTech.do
/ipims/patent/rivalpat/evalmaster => /retrieveRivalPatEvalMasterListTech
/ipims/patent/rivalpat/evalmaster => /retrieveRivalPatEvalMasterListTech/techCode
/ipims/patent/rivalpat/evalmaster => /retrieveRivalPatEvalMasterListTech/ipcCodeAll
SELECT TEMP__2.* FROM (SELECT ROW_NUMBER() OVER(ORDER BY ROWNUM) AS ROW_NUM, TEMP__1.* FROM (
SELECT A.MGT_ID
     , A.WIPS_KEY
     , A.PAT_DIV
     , FN_RIVALPAT_TECH_NAMES(A.MGT_ID) TECH_NAMES
     , FN_RIVALPAT_IPC_NAMES(A.MGT_ID) IPC_NAMES
     , A.OWN_APP_MAN
     , A.COUNTRY_CODE
     , A.STATUS_CODE
     , B.EVAL_GRADE
     , FN_USER_NAME(B.CRE_USER) CRE_USER_NAME
     , A.APP_NO
     , A.APP_DATE
     , A.TITLE
     , A.APP_MAN
     , A.INVENTOR
     , A.SUMMARY
     , A.AGENT
FROM   TB_RIVALPAT_MST A
     , TB_RIVALPAT_EVAL B
WHERE  A.MGT_ID = B.MGT_ID(+)
AND    A.MGT_ID IN (SELECT MGT_ID FROM TB_RIVALPAT_MAPP_TECH_CLS T WHERE T.TECH_CODE = '2F')
AND    A.MGT_ID IN (SELECT MGT_ID FROM TB_RIVALPAT_MAPP_IPC_CLS T)
) TEMP__1) TEMP__2 WHERE TEMP__2.ROW_NUM > 0 AND TEMP__2.ROW_NUM <= 50
Result : 0 Row(s) Selected
Laptime : 0.003
================================================================================
[2022-06-09 13:36:01.470] /anyfive.ipims.patent.rivalpat.evalmaster.act.RetrieveRivalPatEvalMasterListTech.do
/ipims/patent/rivalpat/evalmaster => /retrieveRivalPatEvalMasterListTech
/ipims/patent/rivalpat/evalmaster => /retrieveRivalPatEvalMasterListTech/techCode
/ipims/patent/rivalpat/evalmaster => /retrieveRivalPatEvalMasterListTech/ipcCodeAll
SELECT COUNT(1) AS TOTAL_COUNT FROM (
SELECT A.MGT_ID
     , A.WIPS_KEY
     , A.PAT_DIV
     , FN_RIVALPAT_TECH_NAMES(A.MGT_ID) TECH_NAMES
     , FN_RIVALPAT_IPC_NAMES(A.MGT_ID) IPC_NAMES
     , A.OWN_APP_MAN
     , A.COUNTRY_CODE
     , A.STATUS_CODE
     , B.EVAL_GRADE
     , FN_USER_NAME(B.CRE_USER) CRE_USER_NAME
     , A.APP_NO
     , A.APP_DATE
     , A.TITLE
     , A.APP_MAN
     , A.INVENTOR
     , A.SUMMARY
     , A.AGENT
FROM   TB_RIVALPAT_MST A
     , TB_RIVALPAT_EVAL B
WHERE  A.MGT_ID = B.MGT_ID(+)
AND    A.MGT_ID IN (SELECT MGT_ID FROM TB_RIVALPAT_MAPP_TECH_CLS T WHERE T.TECH_CODE = '2G')
AND    A.MGT_ID IN (SELECT MGT_ID FROM TB_RIVALPAT_MAPP_IPC_CLS T)
) TEMP__1
Result : 1 Row(s) Selected
Laptime : 0.004
================================================================================
[2022-06-09 13:36:01.475] /anyfive.ipims.patent.rivalpat.evalmaster.act.RetrieveRivalPatEvalMasterListTech.do
/ipims/patent/rivalpat/evalmaster => /retrieveRivalPatEvalMasterListTech
/ipims/patent/rivalpat/evalmaster => /retrieveRivalPatEvalMasterListTech/techCode
/ipims/patent/rivalpat/evalmaster => /retrieveRivalPatEvalMasterListTech/ipcCodeAll
SELECT TEMP__2.* FROM (SELECT ROW_NUMBER() OVER(ORDER BY ROWNUM) AS ROW_NUM, TEMP__1.* FROM (
SELECT A.MGT_ID
     , A.WIPS_KEY
     , A.PAT_DIV
     , FN_RIVALPAT_TECH_NAMES(A.MGT_ID) TECH_NAMES
     , FN_RIVALPAT_IPC_NAMES(A.MGT_ID) IPC_NAMES
     , A.OWN_APP_MAN
     , A.COUNTRY_CODE
     , A.STATUS_CODE
     , B.EVAL_GRADE
     , FN_USER_NAME(B.CRE_USER) CRE_USER_NAME
     , A.APP_NO
     , A.APP_DATE
     , A.TITLE
     , A.APP_MAN
     , A.INVENTOR
     , A.SUMMARY
     , A.AGENT
FROM   TB_RIVALPAT_MST A
     , TB_RIVALPAT_EVAL B
WHERE  A.MGT_ID = B.MGT_ID(+)
AND    A.MGT_ID IN (SELECT MGT_ID FROM TB_RIVALPAT_MAPP_TECH_CLS T WHERE T.TECH_CODE = '2G')
AND    A.MGT_ID IN (SELECT MGT_ID FROM TB_RIVALPAT_MAPP_IPC_CLS T)
) TEMP__1) TEMP__2 WHERE TEMP__2.ROW_NUM > 0 AND TEMP__2.ROW_NUM <= 50
Result : 0 Row(s) Selected
Laptime : 0.003
================================================================================
[2022-06-09 13:36:01.874] /anyfive.ipims.patent.rivalpat.evalmaster.act.RetrieveRivalPatEvalMasterListTech.do
/ipims/patent/rivalpat/evalmaster => /retrieveRivalPatEvalMasterListTech
/ipims/patent/rivalpat/evalmaster => /retrieveRivalPatEvalMasterListTech/techCode
/ipims/patent/rivalpat/evalmaster => /retrieveRivalPatEvalMasterListTech/ipcCodeAll
SELECT COUNT(1) AS TOTAL_COUNT FROM (
SELECT A.MGT_ID
     , A.WIPS_KEY
     , A.PAT_DIV
     , FN_RIVALPAT_TECH_NAMES(A.MGT_ID) TECH_NAMES
     , FN_RIVALPAT_IPC_NAMES(A.MGT_ID) IPC_NAMES
     , A.OWN_APP_MAN
     , A.COUNTRY_CODE
     , A.STATUS_CODE
     , B.EVAL_GRADE
     , FN_USER_NAME(B.CRE_USER) CRE_USER_NAME
     , A.APP_NO
     , A.APP_DATE
     , A.TITLE
     , A.APP_MAN
     , A.INVENTOR
     , A.SUMMARY
     , A.AGENT
FROM   TB_RIVALPAT_MST A
     , TB_RIVALPAT_EVAL B
WHERE  A.MGT_ID = B.MGT_ID(+)
AND    A.MGT_ID IN (SELECT MGT_ID FROM TB_RIVALPAT_MAPP_TECH_CLS T WHERE T.TECH_CODE = '2B')
AND    A.MGT_ID IN (SELECT MGT_ID FROM TB_RIVALPAT_MAPP_IPC_CLS T)
) TEMP__1
Result : 1 Row(s) Selected
Laptime : 0.002
================================================================================
[2022-06-09 13:36:01.878] /anyfive.ipims.patent.rivalpat.evalmaster.act.RetrieveRivalPatEvalMasterListTech.do
/ipims/patent/rivalpat/evalmaster => /retrieveRivalPatEvalMasterListTech
/ipims/patent/rivalpat/evalmaster => /retrieveRivalPatEvalMasterListTech/techCode
/ipims/patent/rivalpat/evalmaster => /retrieveRivalPatEvalMasterListTech/ipcCodeAll
SELECT TEMP__2.* FROM (SELECT ROW_NUMBER() OVER(ORDER BY ROWNUM) AS ROW_NUM, TEMP__1.* FROM (
SELECT A.MGT_ID
     , A.WIPS_KEY
     , A.PAT_DIV
     , FN_RIVALPAT_TECH_NAMES(A.MGT_ID) TECH_NAMES
     , FN_RIVALPAT_IPC_NAMES(A.MGT_ID) IPC_NAMES
     , A.OWN_APP_MAN
     , A.COUNTRY_CODE
     , A.STATUS_CODE
     , B.EVAL_GRADE
     , FN_USER_NAME(B.CRE_USER) CRE_USER_NAME
     , A.APP_NO
     , A.APP_DATE
     , A.TITLE
     , A.APP_MAN
     , A.INVENTOR
     , A.SUMMARY
     , A.AGENT
FROM   TB_RIVALPAT_MST A
     , TB_RIVALPAT_EVAL B
WHERE  A.MGT_ID = B.MGT_ID(+)
AND    A.MGT_ID IN (SELECT MGT_ID FROM TB_RIVALPAT_MAPP_TECH_CLS T WHERE T.TECH_CODE = '2B')
AND    A.MGT_ID IN (SELECT MGT_ID FROM TB_RIVALPAT_MAPP_IPC_CLS T)
) TEMP__1) TEMP__2 WHERE TEMP__2.ROW_NUM > 0 AND TEMP__2.ROW_NUM <= 50
Result : 0 Row(s) Selected
Laptime : 0.004
================================================================================
[2022-06-09 13:36:02.541] /anyfive.ipims.patent.rivalpat.evalmaster.act.RetrieveRivalPatEvalMasterListTech.do
/ipims/patent/rivalpat/evalmaster => /retrieveRivalPatEvalMasterListTech
/ipims/patent/rivalpat/evalmaster => /retrieveRivalPatEvalMasterListTech/techCode
/ipims/patent/rivalpat/evalmaster => /retrieveRivalPatEvalMasterListTech/ipcCodeAll
SELECT COUNT(1) AS TOTAL_COUNT FROM (
SELECT A.MGT_ID
     , A.WIPS_KEY
     , A.PAT_DIV
     , FN_RIVALPAT_TECH_NAMES(A.MGT_ID) TECH_NAMES
     , FN_RIVALPAT_IPC_NAMES(A.MGT_ID) IPC_NAMES
     , A.OWN_APP_MAN
     , A.COUNTRY_CODE
     , A.STATUS_CODE
     , B.EVAL_GRADE
     , FN_USER_NAME(B.CRE_USER) CRE_USER_NAME
     , A.APP_NO
     , A.APP_DATE
     , A.TITLE
     , A.APP_MAN
     , A.INVENTOR
     , A.SUMMARY
     , A.AGENT
FROM   TB_RIVALPAT_MST A
     , TB_RIVALPAT_EVAL B
WHERE  A.MGT_ID = B.MGT_ID(+)
AND    A.MGT_ID IN (SELECT MGT_ID FROM TB_RIVALPAT_MAPP_TECH_CLS T WHERE T.TECH_CODE = '2')
AND    A.MGT_ID IN (SELECT MGT_ID FROM TB_RIVALPAT_MAPP_IPC_CLS T)
) TEMP__1
Result : 1 Row(s) Selected
Laptime : 0.002
================================================================================
[2022-06-09 13:36:02.544] /anyfive.ipims.patent.rivalpat.evalmaster.act.RetrieveRivalPatEvalMasterListTech.do
/ipims/patent/rivalpat/evalmaster => /retrieveRivalPatEvalMasterListTech
/ipims/patent/rivalpat/evalmaster => /retrieveRivalPatEvalMasterListTech/techCode
/ipims/patent/rivalpat/evalmaster => /retrieveRivalPatEvalMasterListTech/ipcCodeAll
SELECT TEMP__2.* FROM (SELECT ROW_NUMBER() OVER(ORDER BY ROWNUM) AS ROW_NUM, TEMP__1.* FROM (
SELECT A.MGT_ID
     , A.WIPS_KEY
     , A.PAT_DIV
     , FN_RIVALPAT_TECH_NAMES(A.MGT_ID) TECH_NAMES
     , FN_RIVALPAT_IPC_NAMES(A.MGT_ID) IPC_NAMES
     , A.OWN_APP_MAN
     , A.COUNTRY_CODE
     , A.STATUS_CODE
     , B.EVAL_GRADE
     , FN_USER_NAME(B.CRE_USER) CRE_USER_NAME
     , A.APP_NO
     , A.APP_DATE
     , A.TITLE
     , A.APP_MAN
     , A.INVENTOR
     , A.SUMMARY
     , A.AGENT
FROM   TB_RIVALPAT_MST A
     , TB_RIVALPAT_EVAL B
WHERE  A.MGT_ID = B.MGT_ID(+)
AND    A.MGT_ID IN (SELECT MGT_ID FROM TB_RIVALPAT_MAPP_TECH_CLS T WHERE T.TECH_CODE = '2')
AND    A.MGT_ID IN (SELECT MGT_ID FROM TB_RIVALPAT_MAPP_IPC_CLS T)
) TEMP__1) TEMP__2 WHERE TEMP__2.ROW_NUM > 0 AND TEMP__2.ROW_NUM <= 50
Result : 0 Row(s) Selected
Laptime : 0.003
================================================================================
[2022-06-09 13:36:02.990] /anyfive.ipims.patent.rivalpat.evalmaster.act.RetrieveRivalPatEvalMasterListTech.do
/ipims/patent/rivalpat/evalmaster => /retrieveRivalPatEvalMasterListTech
/ipims/patent/rivalpat/evalmaster => /retrieveRivalPatEvalMasterListTech/techCode
/ipims/patent/rivalpat/evalmaster => /retrieveRivalPatEvalMasterListTech/ipcCodeAll
SELECT COUNT(1) AS TOTAL_COUNT FROM (
SELECT A.MGT_ID
     , A.WIPS_KEY
     , A.PAT_DIV
     , FN_RIVALPAT_TECH_NAMES(A.MGT_ID) TECH_NAMES
     , FN_RIVALPAT_IPC_NAMES(A.MGT_ID) IPC_NAMES
     , A.OWN_APP_MAN
     , A.COUNTRY_CODE
     , A.STATUS_CODE
     , B.EVAL_GRADE
     , FN_USER_NAME(B.CRE_USER) CRE_USER_NAME
     , A.APP_NO
     , A.APP_DATE
     , A.TITLE
     , A.APP_MAN
     , A.INVENTOR
     , A.SUMMARY
     , A.AGENT
FROM   TB_RIVALPAT_MST A
     , TB_RIVALPAT_EVAL B
WHERE  A.MGT_ID = B.MGT_ID(+)
AND    A.MGT_ID IN (SELECT MGT_ID FROM TB_RIVALPAT_MAPP_TECH_CLS T WHERE T.TECH_CODE = '2E')
AND    A.MGT_ID IN (SELECT MGT_ID FROM TB_RIVALPAT_MAPP_IPC_CLS T)
) TEMP__1
Result : 1 Row(s) Selected
Laptime : 0.003
================================================================================
[2022-06-09 13:36:02.994] /anyfive.ipims.patent.rivalpat.evalmaster.act.RetrieveRivalPatEvalMasterListTech.do
/ipims/patent/rivalpat/evalmaster => /retrieveRivalPatEvalMasterListTech
/ipims/patent/rivalpat/evalmaster => /retrieveRivalPatEvalMasterListTech/techCode
/ipims/patent/rivalpat/evalmaster => /retrieveRivalPatEvalMasterListTech/ipcCodeAll
SELECT TEMP__2.* FROM (SELECT ROW_NUMBER() OVER(ORDER BY ROWNUM) AS ROW_NUM, TEMP__1.* FROM (
SELECT A.MGT_ID
     , A.WIPS_KEY
     , A.PAT_DIV
     , FN_RIVALPAT_TECH_NAMES(A.MGT_ID) TECH_NAMES
     , FN_RIVALPAT_IPC_NAMES(A.MGT_ID) IPC_NAMES
     , A.OWN_APP_MAN
     , A.COUNTRY_CODE
     , A.STATUS_CODE
     , B.EVAL_GRADE
     , FN_USER_NAME(B.CRE_USER) CRE_USER_NAME
     , A.APP_NO
     , A.APP_DATE
     , A.TITLE
     , A.APP_MAN
     , A.INVENTOR
     , A.SUMMARY
     , A.AGENT
FROM   TB_RIVALPAT_MST A
     , TB_RIVALPAT_EVAL B
WHERE  A.MGT_ID = B.MGT_ID(+)
AND    A.MGT_ID IN (SELECT MGT_ID FROM TB_RIVALPAT_MAPP_TECH_CLS T WHERE T.TECH_CODE = '2E')
AND    A.MGT_ID IN (SELECT MGT_ID FROM TB_RIVALPAT_MAPP_IPC_CLS T)
) TEMP__1) TEMP__2 WHERE TEMP__2.ROW_NUM > 0 AND TEMP__2.ROW_NUM <= 50
Result : 0 Row(s) Selected
Laptime : 0.003
