================================================================================
[2022-06-10 08:58:51.797] /anyfive.ipims.share.login.act.Login.do
/ipims/share/login/login => /retrieveLogin
SELECT A.SYSTEM_TYPE
     , A.USER_ID
     , B.EMP_NO
     , A.LOGIN_PW
     , A.EMP_HNAME
     , A.EMP_ENAME
     , A.EMP_CNAME
     , A.MAIL_ADDR
     , A.PW_ERR_CNT
     , A.HT_CODE
     , B.DIVISN_CODE
     , FN_DIVISN_NAME(B.DIVISN_CODE) DIVISN_NAME
     , B.DEPT_CODE
     , FN_DEPT_NAME(B.DEPT_CODE) DEPT_NAME
     , C.OFFICE_CODE
     , FN_OFFICE_NAME(C.OFFICE_CODE) OFFICE_NAME
FROM   TB_USR_MST A
     , TB_USR_PATENT B
     , TB_USR_OFFICE C
WHERE  A.USER_ID = B.USER_ID(+)
AND    A.USER_ID = C.USER_ID(+)
AND    A.LOGIN_ID = 'pat1'
AND    A.SYSTEM_TYPE = NVL('', A.SYSTEM_TYPE)
Result : 1 Row(s) Selected
Laptime : 0.611
================================================================================
[2022-06-10 08:58:51.804] /anyfive.ipims.share.login.act.Login.do
/ipims/share/login/login => /retrieveLogin
SELECT A.SYSTEM_TYPE
     , A.USER_ID
     , B.EMP_NO
     , A.LOGIN_PW
     , A.EMP_HNAME
     , A.EMP_ENAME
     , A.EMP_CNAME
     , A.MAIL_ADDR
     , A.PW_ERR_CNT
     , A.HT_CODE
     , B.DIVISN_CODE
     , FN_DIVISN_NAME(B.DIVISN_CODE) DIVISN_NAME
     , B.DEPT_CODE
     , FN_DEPT_NAME(B.DEPT_CODE) DEPT_NAME
     , C.OFFICE_CODE
     , FN_OFFICE_NAME(C.OFFICE_CODE) OFFICE_NAME
FROM   TB_USR_MST A
     , TB_USR_PATENT B
     , TB_USR_OFFICE C
WHERE  A.USER_ID = B.USER_ID(+)
AND    A.USER_ID = C.USER_ID(+)
AND    A.LOGIN_ID = 'pat1'
AND    A.SYSTEM_TYPE = NVL('', A.SYSTEM_TYPE)
Result : 1 Row(s) Selected
Laptime : 0.003
================================================================================
[2022-06-10 08:59:03.365] /anyfive.ipims.share.login.act.Login.do
/ipims/share/login/login => /retrieveLogin
SELECT A.SYSTEM_TYPE
     , A.USER_ID
     , B.EMP_NO
     , A.LOGIN_PW
     , A.EMP_HNAME
     , A.EMP_ENAME
     , A.EMP_CNAME
     , A.MAIL_ADDR
     , A.PW_ERR_CNT
     , A.HT_CODE
     , B.DIVISN_CODE
     , FN_DIVISN_NAME(B.DIVISN_CODE) DIVISN_NAME
     , B.DEPT_CODE
     , FN_DEPT_NAME(B.DEPT_CODE) DEPT_NAME
     , C.OFFICE_CODE
     , FN_OFFICE_NAME(C.OFFICE_CODE) OFFICE_NAME
FROM   TB_USR_MST A
     , TB_USR_PATENT B
     , TB_USR_OFFICE C
WHERE  A.USER_ID = B.USER_ID(+)
AND    A.USER_ID = C.USER_ID(+)
AND    A.LOGIN_ID = 'pat1'
AND    A.SYSTEM_TYPE = NVL('', A.SYSTEM_TYPE)
Result : 1 Row(s) Selected
Laptime : 0.019
================================================================================
[2022-06-10 08:59:03.394] /anyfive.ipims.share.login.act.Login.do
/ipims/share/login/login => /retrieveLogin
SELECT A.SYSTEM_TYPE
     , A.USER_ID
     , B.EMP_NO
     , A.LOGIN_PW
     , A.EMP_HNAME
     , A.EMP_ENAME
     , A.EMP_CNAME
     , A.MAIL_ADDR
     , A.PW_ERR_CNT
     , A.HT_CODE
     , B.DIVISN_CODE
     , FN_DIVISN_NAME(B.DIVISN_CODE) DIVISN_NAME
     , B.DEPT_CODE
     , FN_DEPT_NAME(B.DEPT_CODE) DEPT_NAME
     , C.OFFICE_CODE
     , FN_OFFICE_NAME(C.OFFICE_CODE) OFFICE_NAME
FROM   TB_USR_MST A
     , TB_USR_PATENT B
     , TB_USR_OFFICE C
WHERE  A.USER_ID = B.USER_ID(+)
AND    A.USER_ID = C.USER_ID(+)
AND    A.LOGIN_ID = 'pat1'
AND    A.SYSTEM_TYPE = NVL('', A.SYSTEM_TYPE)
Result : 1 Row(s) Selected
Laptime : 0.021
================================================================================
[2022-06-10 08:59:06.418] /anyfive.ipims.share.login.act.RetrieveLoginUserSearchList.do
/ipims/share/login/login => /retrieveLoginUserSearchList
/ipims/share/login/login => /retrieveLoginUserSearchList/searchText
SELECT COUNT(1) AS TOTAL_COUNT FROM (
SELECT DECODE(D.USER_ID, NULL,B.EMP_NO, D.EMP_NO) EMP_NO
     , FN_COM_CODE_NAME('SYSTEM_TYPE', A.SYSTEM_TYPE, 'ko-kr', 'ko-kr') SYSTEM_TYPE_NAME
     , A.EMP_HNAME
     , FN_DIVISN_NAME(B.DIVISN_CODE) DIVISN_NAME
     , DECODE(D.USER_ID, NULL,C.DEPT_NAME, FN_OFFICE_NAME(D.OFFICE_CODE)) DEPT_NAME
     , A.EMP_ENAME
     , A.LOGIN_ID
     , A.LOGIN_PW
     , FN_COM_CODE_NAME('HT_CODE', A.HT_CODE, 'ko-kr', 'ko-kr') HT_CODE_NAME
FROM   TB_USR_MST A
     , TB_USR_PATENT B
     , TB_ORG_DEPT C
     , TB_USR_OFFICE D
WHERE  A.USER_ID = B.USER_ID(+)
AND    B.DEPT_CODE = C.DEPT_CODE(+)
AND    A.USER_ID = D.USER_ID(+)
AND    A.USER_ID NOT IN (SELECT USER_ID FROM TB_USR_OUT_INVENTOR)
AND    (UPPER(A.LOGIN_ID) LIKE '%'||UPPER('pat1')||'%' OR
        UPPER(A.EMP_HNAME) LIKE '%'||UPPER('pat1')||'%' OR
        UPPER(B.EMP_NO) LIKE '%'||UPPER('pat1')||'%' OR
        UPPER(D.EMP_NO) LIKE '%'||UPPER('pat1')||'%'
       )
) TEMP__1
Result : 1 Row(s) Selected
Laptime : 0.082
================================================================================
[2022-06-10 08:59:06.582] /anyfive.ipims.share.login.act.RetrieveLoginUserSearchList.do
/ipims/share/login/login => /retrieveLoginUserSearchList
/ipims/share/login/login => /retrieveLoginUserSearchList/searchText
SELECT TEMP__2.* FROM (SELECT ROW_NUMBER() OVER(ORDER BY "EMP_HNAME" ASC) AS ROW_NUM, TEMP__1.* FROM (
SELECT DECODE(D.USER_ID, NULL,B.EMP_NO, D.EMP_NO) EMP_NO
     , FN_COM_CODE_NAME('SYSTEM_TYPE', A.SYSTEM_TYPE, 'ko-kr', 'ko-kr') SYSTEM_TYPE_NAME
     , A.EMP_HNAME
     , FN_DIVISN_NAME(B.DIVISN_CODE) DIVISN_NAME
     , DECODE(D.USER_ID, NULL,C.DEPT_NAME, FN_OFFICE_NAME(D.OFFICE_CODE)) DEPT_NAME
     , A.EMP_ENAME
     , A.LOGIN_ID
     , A.LOGIN_PW
     , FN_COM_CODE_NAME('HT_CODE', A.HT_CODE, 'ko-kr', 'ko-kr') HT_CODE_NAME
FROM   TB_USR_MST A
     , TB_USR_PATENT B
     , TB_ORG_DEPT C
     , TB_USR_OFFICE D
WHERE  A.USER_ID = B.USER_ID(+)
AND    B.DEPT_CODE = C.DEPT_CODE(+)
AND    A.USER_ID = D.USER_ID(+)
AND    A.USER_ID NOT IN (SELECT USER_ID FROM TB_USR_OUT_INVENTOR)
AND    (UPPER(A.LOGIN_ID) LIKE '%'||UPPER('pat1')||'%' OR
        UPPER(A.EMP_HNAME) LIKE '%'||UPPER('pat1')||'%' OR
        UPPER(B.EMP_NO) LIKE '%'||UPPER('pat1')||'%' OR
        UPPER(D.EMP_NO) LIKE '%'||UPPER('pat1')||'%'
       )
) TEMP__1) TEMP__2 WHERE TEMP__2.ROW_NUM > 0 AND TEMP__2.ROW_NUM <= 50
Result : 1 Row(s) Selected
Laptime : 0.158
================================================================================
[2022-06-10 08:59:22.009] /anyfive.ipims.share.login.act.Login.do
/ipims/share/login/login => /retrieveLogin
SELECT A.SYSTEM_TYPE
     , A.USER_ID
     , B.EMP_NO
     , A.LOGIN_PW
     , A.EMP_HNAME
     , A.EMP_ENAME
     , A.EMP_CNAME
     , A.MAIL_ADDR
     , A.PW_ERR_CNT
     , A.HT_CODE
     , B.DIVISN_CODE
     , FN_DIVISN_NAME(B.DIVISN_CODE) DIVISN_NAME
     , B.DEPT_CODE
     , FN_DEPT_NAME(B.DEPT_CODE) DEPT_NAME
     , C.OFFICE_CODE
     , FN_OFFICE_NAME(C.OFFICE_CODE) OFFICE_NAME
FROM   TB_USR_MST A
     , TB_USR_PATENT B
     , TB_USR_OFFICE C
WHERE  A.USER_ID = B.USER_ID(+)
AND    A.USER_ID = C.USER_ID(+)
AND    A.LOGIN_ID = 'pat1'
AND    A.SYSTEM_TYPE = NVL('', A.SYSTEM_TYPE)
Result : 1 Row(s) Selected
Laptime : 0.010
================================================================================
[2022-06-10 08:59:22.013] /anyfive.ipims.share.login.act.Login.do
/ipims/share/login/login => /retrieveLogin
SELECT A.SYSTEM_TYPE
     , A.USER_ID
     , B.EMP_NO
     , A.LOGIN_PW
     , A.EMP_HNAME
     , A.EMP_ENAME
     , A.EMP_CNAME
     , A.MAIL_ADDR
     , A.PW_ERR_CNT
     , A.HT_CODE
     , B.DIVISN_CODE
     , FN_DIVISN_NAME(B.DIVISN_CODE) DIVISN_NAME
     , B.DEPT_CODE
     , FN_DEPT_NAME(B.DEPT_CODE) DEPT_NAME
     , C.OFFICE_CODE
     , FN_OFFICE_NAME(C.OFFICE_CODE) OFFICE_NAME
FROM   TB_USR_MST A
     , TB_USR_PATENT B
     , TB_USR_OFFICE C
WHERE  A.USER_ID = B.USER_ID(+)
AND    A.USER_ID = C.USER_ID(+)
AND    A.LOGIN_ID = 'pat1'
AND    A.SYSTEM_TYPE = NVL('', A.SYSTEM_TYPE)
Result : 1 Row(s) Selected
Laptime : 0.004
================================================================================
[2022-06-10 08:59:22.163] /anyfive.ipims.share.login.act.Login.do
/ipims/share/login/login => /updateLastLoginDatetime
UPDATE TB_USR_MST SET
       LAST_LOGIN_DATETIME = SYSDATE
WHERE  USER_ID = 'P000000001'
Result : 1 Row(s) Executed
Laptime : 0.148
================================================================================
[2022-06-10 08:59:22.215] /anyfive.ipims.share.login.act.Login.do
/ipims/share/login/login => /retrieveLoginUserMenuGroupList
SELECT GROUP_CODE
FROM   TB_MNU_GROUP_USER
WHERE  USER_ID = 'P000000001'
UNION
SELECT 'COM' GROUP_CODE
FROM   DUAL
Result : 3 Row(s) Selected
Laptime : 0.047
================================================================================
[2022-06-10 08:59:22.620] /anyfive.ipims.share.menu.act.RetrieveMenuList.do
/ipims/share/menu/menu => /retrieveMenuList_PATENT
SELECT A.MENU_CODE
     , DECODE(A.MENU_CODE_PRIOR, 'ROOT',NULL, A.MENU_CODE_PRIOR) MENU_CODE_PRIOR
     , NVL(B.MENU_NAME, C.MENU_NAME) MENU_NAME
     , A.MENU_LEVEL - 1 MENU_LEVEL
     , A.MENU_PATH
FROM   TB_MNU_MENU A
     , (SELECT MENU_CODE
             , MENU_NAME
        FROM   TB_MNU_MENU_NAME
        WHERE  SYSTEM_TYPE = 'PATENT'
        AND    LANG_CODE = 'ko-kr'
       ) B
     , (SELECT MENU_CODE
             , MENU_NAME
        FROM   TB_MNU_MENU_NAME
        WHERE  SYSTEM_TYPE = 'PATENT'
        AND    LANG_CODE = 'ko-kr'
       ) C
WHERE  A.MENU_CODE IN (SELECT MENU_CODE
                       FROM   TB_MNU_GROUP_MENU
                       WHERE  SYSTEM_TYPE = 'PATENT'
                       AND    GROUP_CODE = 'COM'
                       UNION ALL
                       SELECT MENU_CODE
                       FROM   TB_MNU_GROUP_MENU
                       WHERE  SYSTEM_TYPE = 'PATENT'
                       AND    GROUP_CODE IN (SELECT GROUP_CODE
                                             FROM   TB_MNU_GROUP_USER
                                             WHERE  USER_ID = 'P000000001'
                                            )
                      )
AND    A.SYSTEM_TYPE = 'PATENT'
AND    A.MENU_CODE = B.MENU_CODE(+)
AND    A.MENU_CODE = C.MENU_CODE(+)
AND    A.USE_YN = '1'
ORDER  BY MENU_LEVEL, MENU_ORD
Result : 229 Row(s) Selected
Laptime : 0.127
================================================================================
[2022-06-10 08:59:24.376] /anyfive.ipims.share.board.act.RetrieveBoardConfig.do
/ipims/share/board/board => /retrieveBoardConfig
/ipims/share/board/board => /retrieveBoardConfig/brdId
SELECT A.MENU_CODE
     , A.BRD_ID
     , NVL(C.MENU_NAME, D.MENU_NAME) MENU_NAME
     , A.WRITE_AVAIL
     , A.ANS_AVAIL
     , A.READ_CNT_DISP
     , A.NOTICE_PERIOD
     , A.FILE_POLICY
FROM   TB_BRD_MGT A
     , TB_MNU_MENU B
     , (SELECT MENU_CODE
             , MENU_NAME
        FROM   TB_MNU_MENU_NAME
        WHERE  SYSTEM_TYPE = 'PATENT'
        AND    LANG_CODE = 'ko-kr'
       ) C
     , (SELECT MENU_CODE
             , MENU_NAME
        FROM   TB_MNU_MENU_NAME
        WHERE  SYSTEM_TYPE = 'PATENT'
        AND    LANG_CODE = 'ko-kr'
       ) D
WHERE  A.SYSTEM_TYPE = B.SYSTEM_TYPE(+)
AND    A.MENU_CODE = B.MENU_CODE(+)
AND    A.MENU_CODE = C.MENU_CODE(+)
AND    A.MENU_CODE = D.MENU_CODE(+)
AND    A.SYSTEM_TYPE = 'PATENT'
AND    A.BRD_ID = 'PAT_NOTICE'
AND    EXISTS (SELECT 1
               FROM   TB_MNU_GROUP_MENU
               WHERE  SYSTEM_TYPE = A.SYSTEM_TYPE
               AND    MENU_CODE = A.MENU_CODE
               AND    GROUP_CODE = 'COM'
              )
Result : 0 Row(s) Selected
Laptime : 0.134
================================================================================
[2022-06-10 08:59:24.513] /anyfive.ipims.patent.home.act.RetrieveBoardList.do
/ipims/patent/home/board => /retrieveBoardList
SELECT *
FROM   (SELECT BRD_ID
             , BRD_NO
             , SUBJECT
             , RE_LEVEL
             , CRE_DATE
        FROM   TB_BRD_LIST
        WHERE  BRD_ID = 'PAT_NOTICE'
          AND ((SYSDATE BETWEEN NOTICE_START AND NOTICE_END) OR NOTICE_END IS NULL)
        ORDER BY RE_PARENT DESC, RE_ORDER ASC
       ) A
WHERE  ROWNUM <= 5
Result : 0 Row(s) Selected
Laptime : 0.112
================================================================================
[2022-06-10 08:59:24.563] /anyfive.ipims.patent.home.act.RetrievePatentCountList.do
/ipims/patent/home/patent => /retrievePatentCountList
/ipims/patent/home/patent => /retrievePatentCountList_ALL
/ipims/patent/home/patent => /retrievePatentCountList/union
/ipims/patent/home/patent => /retrievePatentCountList_REG
/ipims/patent/home/patent => /retrievePatentCountList/union
/ipims/patent/home/patent => /retrievePatentCountList_APP
SELECT 'ALL' ID, COUNT(1) CNT FROM (
SELECT A.* FROM TB_APP_MST A
               ,TB_MAPP_APP_MAN B
WHERE A.REF_ID = B.REF_ID
  AND APP_NO IS NOT NULL
  AND A.RIGHT_DIV IN ('10','20')
  AND B.APP_MAN_CODE IN ('P0006','P0016')
  AND A.STATUS NOT IN ('10INT-0056','10INT-0083','10EXT-0088')
  AND A.INOUT_DIV = 'INT'
UNION ALL
SELECT A.* FROM TB_APP_MST A
              , TB_APP_MST_EXT B
              , TB_APP_EXT_GRP C
              , TB_MAPP_APP_MAN D
WHERE A.REF_ID = B.REF_ID
  AND B.GRP_ID(+) = C.GRP_ID
  AND C.GRP_ID = D.REF_ID
  AND APP_NO IS NOT NULL
  AND A.RIGHT_DIV IN ('10','20')
  AND D.APP_MAN_CODE IN ('P0006','P0016')
  AND A.STATUS NOT IN ('10INT-0056','10INT-0083','10EXT-0088')
  AND A.INOUT_DIV = 'EXT'
) A
UNION ALL
SELECT 'REG' ID, COUNT(1) CNT FROM (
SELECT A.* FROM TB_APP_MST A
               ,TB_MAPP_APP_MAN B
WHERE A.REF_ID = B.REF_ID
  AND A.APP_NO IS NOT NULL
  AND A.REG_NO IS NOT NULL
  AND A.RIGHT_DIV IN ('10','20')
  AND B.APP_MAN_CODE IN ('P0006','P0016')
  AND A.STATUS NOT IN ('10INT-0056','10INT-0083','10EXT-0088')
  AND A.INOUT_DIV = 'INT'
UNION ALL
SELECT A.* FROM TB_APP_MST A
              , TB_APP_MST_EXT B
              , TB_APP_EXT_GRP C
              , TB_MAPP_APP_MAN D
WHERE A.REF_ID = B.REF_ID
  AND B.GRP_ID(+) = C.GRP_ID
  AND C.GRP_ID = D.REF_ID
  AND A.APP_NO IS NOT NULL
  AND A.REG_NO IS NOT NULL
  AND A.RIGHT_DIV IN ('10','20')
  AND D.APP_MAN_CODE IN ('P0006','P0016')
  AND A.STATUS NOT IN ('10INT-0056','10INT-0083','10EXT-0088')
  AND A.INOUT_DIV = 'EXT'
) A
UNION ALL
SELECT 'APP' ID, COUNT(1) CNT FROM (
SELECT A.* FROM TB_APP_MST A
               ,TB_MAPP_APP_MAN B
WHERE A.REF_ID = B.REF_ID
  AND A.APP_NO IS NOT NULL
  AND A.REG_NO IS NULL
  AND A.RIGHT_DIV IN ('10','20')
  AND B.APP_MAN_CODE IN ('P0006','P0016')
  AND A.STATUS NOT IN ('10INT-0056','10INT-0083','10EXT-0088')
  AND A.INOUT_DIV = 'INT'
UNION ALL
SELECT A.* FROM TB_APP_MST A
              , TB_APP_MST_EXT B
              , TB_APP_EXT_GRP C
              , TB_MAPP_APP_MAN D
WHERE A.REF_ID = B.REF_ID
  AND B.GRP_ID(+) = C.GRP_ID
  AND C.GRP_ID = D.REF_ID
  AND APP_NO IS NOT NULL
  AND A.REG_NO IS NULL
  AND A.RIGHT_DIV IN ('10','20')
  AND D.APP_MAN_CODE IN ('P0006','P0016')
  AND A.STATUS NOT IN ('10INT-0056','10INT-0083','10EXT-0088')
  AND A.INOUT_DIV = 'EXT'
) A
Result : 3 Row(s) Selected
Laptime : 0.372
================================================================================
[2022-06-10 08:59:24.784] /anyfive.ipims.patent.statistic.viewchart.act.RetrieveMainNationChartPopList.do
/ipims/patent/statistic/viewchart => /retrieveMainNationChartList
SELECT TOTAL.CODE, TOTAL.TO_APP, TOTAL.TO_REG, Y.Y_APP, Y.Y_REG
FROM
(
SELECT APP1.CODE,NVL(APP1.APP,'0')TO_APP,NVL(REG1.REG,'0')TO_REG
FROM
(SELECT DECODE(COUNTRY_CODE,'KR','한국','US','미국','CN','중국','TW','대만','JP','일본','PC','PCT','EP','유럽','DE','독일','ETC','기타','기타')CODE,COUNT(*)APP
FROM TB_APP_MST A , TB_MAPP_APP_MAN B
WHERE A.REF_ID = B.REF_ID
AND A.REG_NO IS NULL
AND A.APP_NO IS NOT NULL
AND A.RIGHT_DIV IN ('10','20')
AND B.APP_MAN_CODE IN ('P0006','P0016')
AND A.STATUS NOT IN ('10INT-0056','20INT-0056','10INT-0083','10EXT-0083')
AND A.INOUT_DIV = 'INT'
GROUP BY COUNTRY_CODE
UNION ALL
SELECT DECODE(COUNTRY_CODE,'KR','한국','US','미국','CN','중국','TW','대만','JP','일본','PC','PCT','EP','유럽','DE','독일','ETC','기타','기타')CODE,COUNT(*)APP
from TB_APP_MST A
             , TB_APP_MST_EXT B
             , TB_APP_EXT_GRP C
             , TB_MAPP_APP_MAN D
where A.REF_ID = B.REF_ID
ANd B.GRP_ID(+) = C.GRP_ID
AND C.GRP_ID = D.REF_ID
AND A.REG_NO IS NULL
AND A.APP_NO IS NOT NULL
AND A.RIGHT_DIV IN ('10','20')
AND D.APP_MAN_CODE IN ('P0006','P0016')
AND A.STATUS NOT IN ('10INT-0056','20INT-0056','10INT-0083','10EXT-0083')
AND A.INOUT_DIV = 'EXT'
GROUP BY COUNTRY_CODE
)APP1,
(SELECT DECODE(COUNTRY_CODE,'KR','한국','US','미국','CN','중국','TW','대만','JP','일본','PC','PCT','EP','유럽','DE','독일','ETC','기타','기타')CODE,COUNT(*)REG
FROM TB_APP_MST A , TB_MAPP_APP_MAN B
WHERE A.REF_ID = B.REF_ID
AND A.REG_NO IS NOT NULL
AND A.RIGHT_DIV IN ('10','20')
AND B.APP_MAN_CODE IN ('P0006','P0016')
AND A.STATUS NOT IN ('10INT-0056','20INT-0056','10INT-0083','10EXT-0083')
AND A.INOUT_DIV = 'INT'
AND COUNTRY_CODE ='KR'
GROUP BY COUNTRY_CODE
UNION ALL
SELECT DECODE(COUNTRY_CODE,'KR','한국','US','미국','CN','중국','TW','대만','JP','일본','PC','PCT','EP','유럽','DE','독일','ETC','기타','기타')CODE,COUNT(*)REG
from TB_APP_MST A
             , TB_APP_MST_EXT B
             , TB_APP_EXT_GRP C
             , TB_MAPP_APP_MAN D
where A.REF_ID = B.REF_ID
ANd B.GRP_ID(+) = C.GRP_ID
AND C.GRP_ID = D.REF_ID
AND A.REG_NO IS NOT NULL
AND A.RIGHT_DIV IN ('10','20')
AND D.APP_MAN_CODE IN ('P0006','P0016')
AND A.INOUT_DIV = 'EXT'
AND A.STATUS NOT IN ('10INT-0056','20INT-0056','10INT-0083','10EXT-0083')
GROUP BY COUNTRY_CODE
)REG1
WHERE APP1.CODE = REG1.CODE(+)
)TOTAL,
(
SELECT APP1.CODE,NVL(APP1.APP,'0')Y_APP,NVL(REG1.REG,'0')Y_REG
FROM
(SELECT DECODE(COUNTRY_CODE,'KR','한국','US','미국','CN','중국','TW','대만','JP','일본','PC','PCT','EP','유럽','DE','독일','ETC','기타','기타')CODE,COUNT(*)APP
FROM TB_APP_MST A , TB_MAPP_APP_MAN B
WHERE A.REF_ID = B.REF_ID
AND A.REG_NO IS NULL
AND A.APP_NO IS NOT NULL
AND A.RIGHT_DIV IN ('10','20')
AND B.APP_MAN_CODE IN ('P0006','P0016')
AND A.STATUS NOT IN ('10INT-0056','20INT-0056','10INT-0083','10EXT-0083')
AND A.INOUT_DIV = 'INT'
AND COUNTRY_CODE ='KR'
AND SUBSTR(A.APP_DATE,1,4) = TO_CHAR(SYSDATE,'YYYY')
GROUP BY COUNTRY_CODE
UNION ALL
SELECT DECODE(COUNTRY_CODE,'KR','한국','US','미국','CN','중국','TW','대만','JP','일본','PC','PCT','EP','유럽','DE','독일','ETC','기타','기타')CODE,COUNT(*)APP
from TB_APP_MST A
             , TB_APP_MST_EXT B
             , TB_APP_EXT_GRP C
             , TB_MAPP_APP_MAN D
where A.REF_ID = B.REF_ID
ANd B.GRP_ID(+) = C.GRP_ID
AND C.GRP_ID = D.REF_ID
AND A.REG_NO IS NULL
AND A.APP_NO IS NOT NULL
AND A.RIGHT_DIV IN ('10','20')
AND D.APP_MAN_CODE IN ('P0006','P0016')
AND A.INOUT_DIV = 'EXT'
AND SUBSTR(A.APP_DATE,1,4) = TO_CHAR(SYSDATE,'YYYY')
GROUP BY COUNTRY_CODE
)APP1,
(SELECT DECODE(COUNTRY_CODE,'KR','한국','US','미국','CN','중국','TW','대만','JP','일본','PC','PCT','EP','유럽','DE','독일','ETC','기타','기타')CODE,COUNT(*)REG
FROM TB_APP_MST A , TB_MAPP_APP_MAN B
WHERE A.REF_ID = B.REF_ID
AND A.REG_NO IS NOT NULL
AND A.RIGHT_DIV IN ('10','20')
AND B.APP_MAN_CODE IN ('P0006','P0016')
AND A.STATUS NOT IN ('10INT-0056','20INT-0056','10INT-0083','10EXT-0083')
AND A.INOUT_DIV = 'INT'
AND COUNTRY_CODE ='KR'
AND SUBSTR(A.REG_DATE,1,4) = TO_CHAR(SYSDATE,'YYYY')
GROUP BY COUNTRY_CODE
UNION ALL
SELECT DECODE(COUNTRY_CODE,'KR','한국','US','미국','CN','중국','TW','대만','JP','일본','PC','PCT','EP','유럽','DE','독일','ETC','기타','기타')CODE,COUNT(*)REG
from TB_APP_MST A
             , TB_APP_MST_EXT B
             , TB_APP_EXT_GRP C
             , TB_MAPP_APP_MAN D
where A.REF_ID = B.REF_ID
ANd B.GRP_ID(+) = C.GRP_ID
AND C.GRP_ID = D.REF_ID
AND A.REG_NO IS NOT NULL
AND A.RIGHT_DIV IN ('10','20')
AND D.APP_MAN_CODE IN ('P0006','P0016')
AND A.INOUT_DIV = 'EXT'
AND SUBSTR(A.REG_DATE,1,4) = TO_CHAR(SYSDATE,'YYYY')
GROUP BY COUNTRY_CODE
)REG1
WHERE APP1.CODE = REG1.CODE(+)
)Y
WHERE TOTAL.CODE = Y.CODE(+)
ORDER BY TO_APP DESC
Result : 0 Row(s) Selected
Laptime : 0.696
================================================================================
[2022-06-10 08:59:25.028] /anyfive.ipims.patent.statistic.viewchart.act.RetrieveMainTechChartPopList.do
/ipims/patent/statistic/viewchart => /retrieveMainTechChartList
SELECT DECODE(Z.TECH_CODE, 1, '반도체', 2, 'SOLAR CELL', 3, 'LCD', 4, 'OLED', 5, '공통',6,'기타', 7,'주요부품',8,'일반구성품') TECH_CODE,
       Z.KR, Z.US, Z.CN, Z.TW, Z.JP, Z.PCT, Z.EP, Z.DE
FROM (
SELECT KR.TECH_CODE
,NVL(KR.CNT,'0') KR
,NVL(US.CNT,'0') US
,NVL(CN.CNT,'0') CN
,NVL(TW.CNT,'0') TW
,NVL(JP.CNT,'0') JP
,NVL(PC.CNT,'0') PCT
,NVL(EP.CNT,'0') EP
,NVL(DE.CNT,'0') DE
FROM
(SELECT TECH.TECH_CODE,COUNT(DISTINCT(US_APP.REF_ID))CNT
FROM
(SELECT A.* FROM TB_APP_MST A
             ,TB_MAPP_APP_MAN B
WHERE A.REF_ID = B.REF_ID
AND A.APP_NO IS NOT NULL
AND A.RIGHT_DIV IN ('10','20')
AND B.APP_MAN_CODE IN ('P0006','P0016')
AND A.INOUT_DIV = 'INT'
AND A.COUNTRY_CODE ='KR'
AND A.ABD_YN != '1'
AND A.STATUS NOT IN ('10INT-0056','20INT-0056','10INT-0083','10EXT-0083') ) US_APP,
(SELECT SUBSTR(TECH_CODE,1,1)TECH_CODE,REF_ID
FROM TB_MAPP_TECH_CLS TECH
GROUP BY  SUBSTR(TECH_CODE,1,1),REF_ID)TECH
WHERE US_APP.REF_ID = TECH.REF_ID
GROUP BY TECH.TECH_CODE)KR,
(SELECT TECH.TECH_CODE,COUNT(DISTINCT(US_APP.REF_ID))CNT
FROM
(SELECT A.* FROM TB_APP_MST A
             , TB_APP_MST_EXT B
             , TB_APP_EXT_GRP C
             , TB_MAPP_APP_MAN D
WHERE A.REF_ID = B.REF_ID
AND B.GRP_ID(+) = C.GRP_ID
AND C.GRP_ID = D.REF_ID
AND A.APP_NO IS NOT NULL
AND A.RIGHT_DIV IN ('10','20')
AND A.ABD_YN != '1'
AND D.APP_MAN_CODE IN ('P0006','P0016')
AND A.INOUT_DIV = 'EXT'
AND A.COUNTRY_CODE ='US'
AND A.STATUS NOT IN ('10INT-0056','20INT-0056','10INT-0083','10EXT-0083') ) US_APP,
(SELECT SUBSTR(TECH_CODE,1,1)TECH_CODE,REF_ID
FROM TB_MAPP_TECH_CLS TECH
GROUP BY  SUBSTR(TECH_CODE,1,1),REF_ID)TECH
WHERE US_APP.REF_ID = TECH.REF_ID
GROUP BY TECH.TECH_CODE)US
,
(SELECT TECH.TECH_CODE,COUNT(DISTINCT(US_APP.REF_ID))CNT
FROM
(SELECT A.* FROM TB_APP_MST A
             , TB_APP_MST_EXT B
             , TB_APP_EXT_GRP C
             , TB_MAPP_APP_MAN D
WHERE A.REF_ID = B.REF_ID
AND B.GRP_ID(+) = C.GRP_ID
AND C.GRP_ID = D.REF_ID
AND A.APP_NO IS NOT NULL
AND A.RIGHT_DIV IN ('10','20')
AND A.ABD_YN != '1'
AND D.APP_MAN_CODE IN ('P0006','P0016')
AND A.INOUT_DIV = 'EXT'
AND A.COUNTRY_CODE ='CN'
AND A.STATUS NOT IN ('10INT-0056','20INT-0056','10INT-0083','10EXT-0083') ) US_APP,
(SELECT SUBSTR(TECH_CODE,1,1)TECH_CODE,REF_ID
FROM TB_MAPP_TECH_CLS TECH
GROUP BY  SUBSTR(TECH_CODE,1,1),REF_ID)TECH
WHERE US_APP.REF_ID = TECH.REF_ID
GROUP BY TECH.TECH_CODE)CN
,
(SELECT TECH.TECH_CODE,COUNT(DISTINCT(US_APP.REF_ID))CNT
FROM
(SELECT A.* FROM TB_APP_MST A
             , TB_APP_MST_EXT B
             , TB_APP_EXT_GRP C
             , TB_MAPP_APP_MAN D
WHERE A.REF_ID = B.REF_ID
AND B.GRP_ID(+) = C.GRP_ID
AND C.GRP_ID = D.REF_ID
AND A.APP_NO IS NOT NULL
AND A.RIGHT_DIV IN ('10','20')
AND A.ABD_YN != '1'
AND D.APP_MAN_CODE IN ('P0006','P0016')
AND A.INOUT_DIV = 'EXT'
AND A.COUNTRY_CODE ='TW'
AND A.STATUS NOT IN ('10INT-0056','20INT-0056','10INT-0083','10EXT-0083') ) US_APP,
(SELECT SUBSTR(TECH_CODE,1,1)TECH_CODE,REF_ID
FROM TB_MAPP_TECH_CLS TECH
GROUP BY  SUBSTR(TECH_CODE,1,1),REF_ID)TECH
WHERE US_APP.REF_ID = TECH.REF_ID
GROUP BY TECH.TECH_CODE)TW
,
(SELECT TECH.TECH_CODE,COUNT(DISTINCT(US_APP.REF_ID))CNT
FROM
(SELECT A.* FROM TB_APP_MST A
             , TB_APP_MST_EXT B
             , TB_APP_EXT_GRP C
             , TB_MAPP_APP_MAN D
WHERE A.REF_ID = B.REF_ID
AND B.GRP_ID(+) = C.GRP_ID
AND C.GRP_ID = D.REF_ID
AND A.APP_NO IS NOT NULL
AND A.RIGHT_DIV IN ('10','20')
AND A.ABD_YN != '1'
AND D.APP_MAN_CODE IN ('P0006','P0016')
AND A.INOUT_DIV = 'EXT'
AND A.COUNTRY_CODE ='JP'
AND A.STATUS NOT IN ('10INT-0056','20INT-0056','10INT-0083','10EXT-0083') ) US_APP,
(SELECT SUBSTR(TECH_CODE,1,1)TECH_CODE,REF_ID
FROM TB_MAPP_TECH_CLS TECH
GROUP BY  SUBSTR(TECH_CODE,1,1),REF_ID)TECH
WHERE US_APP.REF_ID = TECH.REF_ID
GROUP BY TECH.TECH_CODE)JP
,
(SELECT TECH.TECH_CODE,COUNT(DISTINCT(US_APP.REF_ID))CNT
FROM
(SELECT A.* FROM TB_APP_MST A
             , TB_APP_MST_EXT B
             , TB_APP_EXT_GRP C
             , TB_MAPP_APP_MAN D
WHERE A.REF_ID = B.REF_ID
AND B.GRP_ID(+) = C.GRP_ID
AND C.GRP_ID = D.REF_ID
AND A.APP_NO IS NOT NULL
AND A.RIGHT_DIV IN ('10','20')
AND A.ABD_YN != '1'
AND D.APP_MAN_CODE IN ('P0006','P0016')
AND A.INOUT_DIV = 'EXT'
AND A.COUNTRY_CODE ='PC'
AND A.STATUS NOT IN ('10INT-0056','20INT-0056','10INT-0083','10EXT-0083') ) US_APP,
(SELECT SUBSTR(TECH_CODE,1,1)TECH_CODE,REF_ID
FROM TB_MAPP_TECH_CLS TECH
GROUP BY  SUBSTR(TECH_CODE,1,1),REF_ID)TECH
WHERE US_APP.REF_ID = TECH.REF_ID
GROUP BY TECH.TECH_CODE)PC
,
(SELECT TECH.TECH_CODE,COUNT(DISTINCT(US_APP.REF_ID))CNT
FROM
(SELECT A.* FROM TB_APP_MST A
             , TB_APP_MST_EXT B
             , TB_APP_EXT_GRP C
             , TB_MAPP_APP_MAN D
WHERE A.REF_ID = B.REF_ID
AND B.GRP_ID(+) = C.GRP_ID
AND C.GRP_ID = D.REF_ID
AND A.APP_NO IS NOT NULL
AND A.RIGHT_DIV IN ('10','20')
AND A.ABD_YN != '1'
AND D.APP_MAN_CODE IN ('P0006','P0016')
AND A.INOUT_DIV = 'EXT'
AND A.COUNTRY_CODE ='EP'
AND A.STATUS NOT IN ('10INT-0056','20INT-0056','10INT-0083','10EXT-0083') ) US_APP,
(SELECT SUBSTR(TECH_CODE,1,1)TECH_CODE,REF_ID
FROM TB_MAPP_TECH_CLS TECH
GROUP BY  SUBSTR(TECH_CODE,1,1),REF_ID)TECH
WHERE US_APP.REF_ID = TECH.REF_ID
GROUP BY TECH.TECH_CODE)EP
,
(SELECT TECH.TECH_CODE,COUNT(DISTINCT(US_APP.REF_ID))CNT
FROM
(SELECT A.* FROM TB_APP_MST A
             , TB_APP_MST_EXT B
             , TB_APP_EXT_GRP C
             , TB_MAPP_APP_MAN D
WHERE A.REF_ID = B.REF_ID
AND B.GRP_ID(+) = C.GRP_ID
AND C.GRP_ID = D.REF_ID
AND A.APP_NO IS NOT NULL
AND A.RIGHT_DIV IN ('10','20')
AND A.ABD_YN != '1'
AND D.APP_MAN_CODE IN ('P0006','P0016')
AND A.INOUT_DIV = 'EXT'
AND A.COUNTRY_CODE ='DE'
AND A.STATUS NOT IN ('10INT-0056','20INT-0056','10INT-0083','10EXT-0083') ) US_APP,
(SELECT SUBSTR(TECH_CODE,1,1)TECH_CODE,REF_ID
FROM TB_MAPP_TECH_CLS TECH
GROUP BY  SUBSTR(TECH_CODE,1,1),REF_ID)TECH
WHERE US_APP.REF_ID = TECH.REF_ID
GROUP BY TECH.TECH_CODE)DE
WHERE KR.TECH_CODE = US.TECH_CODE(+)
AND US.TECH_CODE = CN.TECH_CODE(+)
AND CN.TECH_CODE = TW.TECH_CODE(+)
AND TW.TECH_CODE = JP.TECH_CODE(+)
AND JP.TECH_CODE = PC.TECH_CODE(+)
AND PC.TECH_CODE = EP.TECH_CODE(+)
AND EP.TECH_CODE = DE.TECH_CODE(+)
 ORDER BY TECH_CODE ASC
 ) Z
Result : 0 Row(s) Selected
Laptime : 0.899
================================================================================
[2022-06-10 08:59:25.298] /anyfive.ipims.patent.home.act.RetrieveToDoCount.do
/ipims/patent/home/todo => /retrieveToDoCount
/ipims/patent/home/todo => /retrieveToDoList_APPR
/ipims/patent/home/todo => /retrieveToDoCount/union
/ipims/patent/home/todo => /retrieveToDoList_EVAL
/ipims/patent/home/todo => /retrieveToDoCount/union
/ipims/patent/home/todo => /retrieveToDoList_NEW
/ipims/patent/home/todo => /retrieveToDoCount/union
/ipims/patent/home/todo => /retrieveToDoList_PAPER
/ipims/patent/home/todo => /retrieveToDoList_PAPER/jobMan
SELECT 'APPR' ID, COUNT(1) CNT FROM (
SELECT MST.APPR_NO
FROM   TB_APPR_MST MST
     , TB_APPR_REQ REQ
     , TB_APPR_ANS ANS
WHERE  MST.APPR_NO = REQ.APPR_NO
AND    REQ.APPR_NO = ANS.APPR_NO
AND    REQ.REQ_SEQ = ANS.REQ_SEQ
AND    REQ.REQ_STATUS != '7'
AND    ANS.ANS_USER = 'P000000001'
AND    ANS.ANS_STATUS = '1'
) A
UNION ALL
SELECT 'EVAL' ID, COUNT(1) CNT FROM (
SELECT A.*
     , M.REF_NO
     , M.KO_APP_TITLE
     , B.EVAL_TITLE
     , FN_USER_NAME(M.JOB_MAN) JOB_MAN_NAME
     , B.EVAL_VIEW_PATH
FROM   (SELECT A.REF_ID
             , A.PAPER_LIST_SEQ
             , A.EVAL_CODE
             , A.INVDEPT_EVAL_REQ_DATE
             , A.INVDEPT_EVAL_USER
             , FN_USER_NAME(A.INVDEPT_EVAL_USER) INVDEPT_EVAL_USER_NAME
             , A.INVDEPT_EVAL_DATE
             , A.INVDEPT_EVAL_END_YN
             , A.PATDEPT_EVAL_USER
             , FN_USER_NAME(A.PATDEPT_EVAL_USER) PATDEPT_EVAL_USER_NAME
             , A.PATDEPT_EVAL_DATE
             , A.PATDEPT_EVAL_END_YN
             , DECODE(A.INVDEPT_EVAL_SHEET_ID, NULL,'미평가', DECODE(A.PATDEPT_EVAL_SHEET_ID, NULL,'발명부서평가완료', '평가완료')) STATUS_NAME
        FROM   TB_EVAL_COM_MST A
             , V_MASTER_ALL M
        WHERE  A.PAPER_LIST_SEQ IS NULL
        AND    A.REF_ID = M.REF_ID
        UNION ALL
        SELECT A.REF_ID
             , A.LIST_SEQ PAPER_LIST_SEQ
             , B.EVAL_CODE
             , C.INVDEPT_EVAL_REQ_DATE
             , C.INVDEPT_EVAL_USER
             , FN_USER_NAME(C.INVDEPT_EVAL_USER) INVDEPT_EVAL_USER_NAME
             , C.INVDEPT_EVAL_DATE
             , C.INVDEPT_EVAL_END_YN
             , C.PATDEPT_EVAL_USER
             , FN_USER_NAME(C.PATDEPT_EVAL_USER) PATDEPT_EVAL_USER_NAME
             , C.PATDEPT_EVAL_DATE
             , C.PATDEPT_EVAL_END_YN
             , FN_BIZ_CODE_NAME(Z.STATUS, 'ko-kr', 'ko-kr') STATUS_NAME
        FROM   TB_PAPER_LIST A
             , TB_PAPER_MGT_MST B
             , TB_EVAL_COM_MST C
             , V_MASTER_ALL M
             , TB_BIZ_COM_MST Z
        WHERE  A.PAPER_CODE = B.PAPER_CODE
        AND    A.REF_ID = C.REF_ID(+)
        AND    A.LIST_SEQ = C.PAPER_LIST_SEQ(+)
        AND    A.REF_ID = M.REF_ID
        AND    C.EVAL_ID = Z.REF_ID(+)
        UNION ALL
        SELECT A.REF_ID
             , TO_CHAR(A.PAY_YEARDEG) PAPER_LIST_SEQ
             , C.EVAL_CODE
             , C.INVDEPT_EVAL_REQ_DATE
             , C.INVDEPT_EVAL_USER
             , FN_USER_NAME(C.INVDEPT_EVAL_USER) INVDEPT_EVAL_USER_NAME
             , C.INVDEPT_EVAL_DATE
             , C.INVDEPT_EVAL_END_YN
             , C.PATDEPT_EVAL_USER
             , FN_USER_NAME(C.PATDEPT_EVAL_USER) PATDEPT_EVAL_USER_NAME
             , C.PATDEPT_EVAL_DATE
             , C.PATDEPT_EVAL_END_YN
             , FN_BIZ_CODE_NAME(Z.STATUS, 'ko-kr', 'ko-kr') STATUS_NAME
        FROM   TB_COST_REMINDER A
             , TB_EVAL_COM_MST C
             , V_MASTER_ALL M
             , TB_BIZ_COM_MST Z
        WHERE  A.REF_ID = C.REF_ID(+)
        AND    A.PAY_YEARDEG = C.PAPER_LIST_SEQ(+)
        AND    A.REF_ID = M.REF_ID
        AND    C.EVAL_ID = Z.REF_ID(+)
       ) A
     , TB_EVAL_CODE B
     , V_MASTER_ALL M
WHERE  A.EVAL_CODE = B.EVAL_CODE
AND    A.REF_ID = M.REF_ID
AND    ((A.INVDEPT_EVAL_USER = 'P000000001' AND A.INVDEPT_EVAL_END_YN = '0') OR
        (A.PATDEPT_EVAL_USER = 'P000000001' AND A.PATDEPT_EVAL_END_YN = '0')
       )
) A
UNION ALL
SELECT 'NEW' ID, COUNT(1) CNT FROM (
SELECT A.REF_ID
     , A.REF_NO
     , A.RIGHT_DIV
     , A.KO_APP_TITLE
     , FN_INVENTOR_NAMES(A.REF_ID) INVENTOR_NAMES
     , A.CRE_DATE
     , FN_USER_NAME(A.CRE_USER) CRE_USER_NAME
     , FN_BIZ_CODE_NAME(Z.STATUS,  'ko-kr', 'ko-kr') STATUS_NAME
     , A.PATTEAM_REQ_DATE PATTEAM_RCPT_DATE
     , NULL EXAM_RESULT_NAME
     , NULL JOB_MAN_NAME
FROM   TB_APP_INT_REQ A
     , TB_BIZ_COM_MST Z
WHERE  A.REF_ID = Z.REF_ID
AND    A.RIGHT_DIV IN ('10', '20', '40')
AND    Z.STATUS IN (SELECT T1.CURR_STATUS FROM TB_BIZ_MGT_PROC T1 WHERE T1.BIZ_ACT = 'A00009')
AND    NOT EXISTS (SELECT 1 FROM TB_APP_INT_CONSULT T WHERE T.REF_ID = A.REF_ID)
UNION ALL
SELECT A.REF_ID
     , A.REF_NO
     , A.RIGHT_DIV
     , A.KO_APP_TITLE
     , FN_INVENTOR_NAMES(A.REF_ID) INVENTOR_NAMES
     , A.CRE_DATE
     , FN_USER_NAME(A.CRE_USER) CRE_USER_NAME
     , FN_BIZ_CODE_NAME(Z.STATUS,  'ko-kr', 'ko-kr') STATUS_NAME
     , A.PATTEAM_REQ_DATE PATTEAM_RCPT_DATE
     , NULL EXAM_RESULT_NAME
     , NULL JOB_MAN_NAME
FROM   TB_APP_INT_REQ A
     , TB_BIZ_COM_MST Z
WHERE  A.REF_ID = Z.REF_ID
AND    A.RIGHT_DIV IN ('30')
AND    Z.STATUS IN (SELECT T1.CURR_STATUS FROM TB_BIZ_MGT_PROC T1 WHERE T1.BIZ_ACT = 'A00009')
AND    NOT EXISTS (SELECT 1 FROM TB_APP_INT_CONSULT T WHERE T.REF_ID = A.REF_ID)
UNION ALL
SELECT A.PRSCH_ID REF_ID
     , A.PRSCH_NO REF_NO
     , A.PRSCH_DIV RIGHT_DIV
     , A.PRSCH_SUBJECT KO_APP_TITLE
     , FN_USER_NAME(A.REQ_USER) INVENTOR_NAMES
     , A.CRE_DATE
     , FN_USER_NAME(A.CRE_USER) CRE_USER_NAME
     , FN_BIZ_CODE_NAME(Z.STATUS,  'ko-kr', 'ko-kr') STATUS_NAME
     , B.RCPT_DATE PATTEAM_RCPT_DATE
     , FN_COM_CODE_NAME('EXAM_RESULT', B.EXAM_RESULT, 'ko-kr', 'ko-kr') EXAM_RESULT_NAME
     , FN_USER_NAME(B.JOB_MAN) JOB_MAN_NAME
FROM   TB_APP_PRSCH_REQ A
     , TB_APP_PRSCH_CONSULT B
     , TB_BIZ_COM_MST Z
WHERE  A.PRSCH_ID = B.PRSCH_ID(+)
AND    A.PRSCH_ID = Z.REF_ID
AND    Z.STATUS IN (SELECT T1.CURR_STATUS FROM TB_BIZ_MGT_PROC T1 WHERE T1.BIZ_ACT = 'A00009')
) A
UNION ALL
SELECT 'PAPER' ID, COUNT(1) CNT FROM (
SELECT A.REF_ID
     , A.LIST_SEQ
     , C.INOUT_DIV
     , C.REF_NO
     , C.APP_NO
     , B.PAPER_NAME
     , A.COMMENTS
     , C.KO_APP_TITLE
     , FN_INVENTOR_NAMES(A.REF_ID) INVENTOR_NAMES
     , A.PAPER_DATE
     , A.DUE_DATE
     , C.OFFICE_CODE
     , FN_OFFICE_NAME(C.OFFICE_CODE) AS OFFICE_CODE_NAME
     , C.JOB_MAN
     , FN_USER_NAME(C.JOB_MAN) AS JOB_MAN_NAME
     , FN_PAPER_NAME(C.STATUS) STATUS_NAME
FROM   TB_PAPER_LIST A
     , TB_PAPER_MGT_MST B
     , TB_APP_MST C
WHERE  A.PAPER_CODE = B.PAPER_CODE
AND    A.REF_ID = C.REF_ID
AND    A.CONFIRM_DATE IS NULL
AND    FN_PAPER_CONFIRM_OWNER(A.REF_ID, A.LIST_SEQ) IS NOT NULL
AND    A.REF_ID IN (SELECT M.REF_ID
                    FROM   V_MASTER_ALL M
                    WHERE  M.JOB_MAN = 'P000000001'
                   )
) A
Result : 4 Row(s) Selected
Laptime : 1.133
================================================================================
[2022-06-10 10:04:40.420] /anyfive.ipims.share.menu.act.RetrieveMenuList.do
/ipims/share/menu/menu => /retrieveMenuList_PATENT
SELECT A.MENU_CODE
     , DECODE(A.MENU_CODE_PRIOR, 'ROOT',NULL, A.MENU_CODE_PRIOR) MENU_CODE_PRIOR
     , NVL(B.MENU_NAME, C.MENU_NAME) MENU_NAME
     , A.MENU_LEVEL - 1 MENU_LEVEL
     , A.MENU_PATH
FROM   TB_MNU_MENU A
     , (SELECT MENU_CODE
             , MENU_NAME
        FROM   TB_MNU_MENU_NAME
        WHERE  SYSTEM_TYPE = 'PATENT'
        AND    LANG_CODE = 'ko-kr'
       ) B
     , (SELECT MENU_CODE
             , MENU_NAME
        FROM   TB_MNU_MENU_NAME
        WHERE  SYSTEM_TYPE = 'PATENT'
        AND    LANG_CODE = 'ko-kr'
       ) C
WHERE  A.MENU_CODE IN (SELECT MENU_CODE
                       FROM   TB_MNU_GROUP_MENU
                       WHERE  SYSTEM_TYPE = 'PATENT'
                       AND    GROUP_CODE = 'COM'
                       UNION ALL
                       SELECT MENU_CODE
                       FROM   TB_MNU_GROUP_MENU
                       WHERE  SYSTEM_TYPE = 'PATENT'
                       AND    GROUP_CODE IN (SELECT GROUP_CODE
                                             FROM   TB_MNU_GROUP_USER
                                             WHERE  USER_ID = 'P000000001'
                                            )
                      )
AND    A.SYSTEM_TYPE = 'PATENT'
AND    A.MENU_CODE = B.MENU_CODE(+)
AND    A.MENU_CODE = C.MENU_CODE(+)
AND    A.USE_YN = '1'
ORDER  BY MENU_LEVEL, MENU_ORD
Result : 229 Row(s) Selected
Laptime : 0.485
================================================================================
[2022-06-10 10:04:41.888] /anyfive.ipims.share.board.act.RetrieveBoardConfig.do
/ipims/share/board/board => /retrieveBoardConfig
/ipims/share/board/board => /retrieveBoardConfig/brdId
SELECT A.MENU_CODE
     , A.BRD_ID
     , NVL(C.MENU_NAME, D.MENU_NAME) MENU_NAME
     , A.WRITE_AVAIL
     , A.ANS_AVAIL
     , A.READ_CNT_DISP
     , A.NOTICE_PERIOD
     , A.FILE_POLICY
FROM   TB_BRD_MGT A
     , TB_MNU_MENU B
     , (SELECT MENU_CODE
             , MENU_NAME
        FROM   TB_MNU_MENU_NAME
        WHERE  SYSTEM_TYPE = 'PATENT'
        AND    LANG_CODE = 'ko-kr'
       ) C
     , (SELECT MENU_CODE
             , MENU_NAME
        FROM   TB_MNU_MENU_NAME
        WHERE  SYSTEM_TYPE = 'PATENT'
        AND    LANG_CODE = 'ko-kr'
       ) D
WHERE  A.SYSTEM_TYPE = B.SYSTEM_TYPE(+)
AND    A.MENU_CODE = B.MENU_CODE(+)
AND    A.MENU_CODE = C.MENU_CODE(+)
AND    A.MENU_CODE = D.MENU_CODE(+)
AND    A.SYSTEM_TYPE = 'PATENT'
AND    A.BRD_ID = 'PAT_NOTICE'
AND    EXISTS (SELECT 1
               FROM   TB_MNU_GROUP_MENU
               WHERE  SYSTEM_TYPE = A.SYSTEM_TYPE
               AND    MENU_CODE = A.MENU_CODE
               AND    GROUP_CODE = 'COM'
              )
Result : 0 Row(s) Selected
Laptime : 0.588
================================================================================
[2022-06-10 10:04:42.013] /anyfive.ipims.patent.home.act.RetrievePatentCountList.do
/ipims/patent/home/patent => /retrievePatentCountList
/ipims/patent/home/patent => /retrievePatentCountList_ALL
/ipims/patent/home/patent => /retrievePatentCountList/union
/ipims/patent/home/patent => /retrievePatentCountList_REG
/ipims/patent/home/patent => /retrievePatentCountList/union
/ipims/patent/home/patent => /retrievePatentCountList_APP
SELECT 'ALL' ID, COUNT(1) CNT FROM (
SELECT A.* FROM TB_APP_MST A
               ,TB_MAPP_APP_MAN B
WHERE A.REF_ID = B.REF_ID
  AND APP_NO IS NOT NULL
  AND A.RIGHT_DIV IN ('10','20')
  AND B.APP_MAN_CODE IN ('P0006','P0016')
  AND A.STATUS NOT IN ('10INT-0056','10INT-0083','10EXT-0088')
  AND A.INOUT_DIV = 'INT'
UNION ALL
SELECT A.* FROM TB_APP_MST A
              , TB_APP_MST_EXT B
              , TB_APP_EXT_GRP C
              , TB_MAPP_APP_MAN D
WHERE A.REF_ID = B.REF_ID
  AND B.GRP_ID(+) = C.GRP_ID
  AND C.GRP_ID = D.REF_ID
  AND APP_NO IS NOT NULL
  AND A.RIGHT_DIV IN ('10','20')
  AND D.APP_MAN_CODE IN ('P0006','P0016')
  AND A.STATUS NOT IN ('10INT-0056','10INT-0083','10EXT-0088')
  AND A.INOUT_DIV = 'EXT'
) A
UNION ALL
SELECT 'REG' ID, COUNT(1) CNT FROM (
SELECT A.* FROM TB_APP_MST A
               ,TB_MAPP_APP_MAN B
WHERE A.REF_ID = B.REF_ID
  AND A.APP_NO IS NOT NULL
  AND A.REG_NO IS NOT NULL
  AND A.RIGHT_DIV IN ('10','20')
  AND B.APP_MAN_CODE IN ('P0006','P0016')
  AND A.STATUS NOT IN ('10INT-0056','10INT-0083','10EXT-0088')
  AND A.INOUT_DIV = 'INT'
UNION ALL
SELECT A.* FROM TB_APP_MST A
              , TB_APP_MST_EXT B
              , TB_APP_EXT_GRP C
              , TB_MAPP_APP_MAN D
WHERE A.REF_ID = B.REF_ID
  AND B.GRP_ID(+) = C.GRP_ID
  AND C.GRP_ID = D.REF_ID
  AND A.APP_NO IS NOT NULL
  AND A.REG_NO IS NOT NULL
  AND A.RIGHT_DIV IN ('10','20')
  AND D.APP_MAN_CODE IN ('P0006','P0016')
  AND A.STATUS NOT IN ('10INT-0056','10INT-0083','10EXT-0088')
  AND A.INOUT_DIV = 'EXT'
) A
UNION ALL
SELECT 'APP' ID, COUNT(1) CNT FROM (
SELECT A.* FROM TB_APP_MST A
               ,TB_MAPP_APP_MAN B
WHERE A.REF_ID = B.REF_ID
  AND A.APP_NO IS NOT NULL
  AND A.REG_NO IS NULL
  AND A.RIGHT_DIV IN ('10','20')
  AND B.APP_MAN_CODE IN ('P0006','P0016')
  AND A.STATUS NOT IN ('10INT-0056','10INT-0083','10EXT-0088')
  AND A.INOUT_DIV = 'INT'
UNION ALL
SELECT A.* FROM TB_APP_MST A
              , TB_APP_MST_EXT B
              , TB_APP_EXT_GRP C
              , TB_MAPP_APP_MAN D
WHERE A.REF_ID = B.REF_ID
  AND B.GRP_ID(+) = C.GRP_ID
  AND C.GRP_ID = D.REF_ID
  AND APP_NO IS NOT NULL
  AND A.REG_NO IS NULL
  AND A.RIGHT_DIV IN ('10','20')
  AND D.APP_MAN_CODE IN ('P0006','P0016')
  AND A.STATUS NOT IN ('10INT-0056','10INT-0083','10EXT-0088')
  AND A.INOUT_DIV = 'EXT'
) A
Result : 3 Row(s) Selected
Laptime : 0.714
================================================================================
[2022-06-10 10:04:42.238] /anyfive.ipims.patent.statistic.viewchart.act.RetrieveMainNationChartPopList.do
/ipims/patent/statistic/viewchart => /retrieveMainNationChartList
SELECT TOTAL.CODE, TOTAL.TO_APP, TOTAL.TO_REG, Y.Y_APP, Y.Y_REG
FROM
(
SELECT APP1.CODE,NVL(APP1.APP,'0')TO_APP,NVL(REG1.REG,'0')TO_REG
FROM
(SELECT DECODE(COUNTRY_CODE,'KR','한국','US','미국','CN','중국','TW','대만','JP','일본','PC','PCT','EP','유럽','DE','독일','ETC','기타','기타')CODE,COUNT(*)APP
FROM TB_APP_MST A , TB_MAPP_APP_MAN B
WHERE A.REF_ID = B.REF_ID
AND A.REG_NO IS NULL
AND A.APP_NO IS NOT NULL
AND A.RIGHT_DIV IN ('10','20')
AND B.APP_MAN_CODE IN ('P0006','P0016')
AND A.STATUS NOT IN ('10INT-0056','20INT-0056','10INT-0083','10EXT-0083')
AND A.INOUT_DIV = 'INT'
GROUP BY COUNTRY_CODE
UNION ALL
SELECT DECODE(COUNTRY_CODE,'KR','한국','US','미국','CN','중국','TW','대만','JP','일본','PC','PCT','EP','유럽','DE','독일','ETC','기타','기타')CODE,COUNT(*)APP
from TB_APP_MST A
             , TB_APP_MST_EXT B
             , TB_APP_EXT_GRP C
             , TB_MAPP_APP_MAN D
where A.REF_ID = B.REF_ID
ANd B.GRP_ID(+) = C.GRP_ID
AND C.GRP_ID = D.REF_ID
AND A.REG_NO IS NULL
AND A.APP_NO IS NOT NULL
AND A.RIGHT_DIV IN ('10','20')
AND D.APP_MAN_CODE IN ('P0006','P0016')
AND A.STATUS NOT IN ('10INT-0056','20INT-0056','10INT-0083','10EXT-0083')
AND A.INOUT_DIV = 'EXT'
GROUP BY COUNTRY_CODE
)APP1,
(SELECT DECODE(COUNTRY_CODE,'KR','한국','US','미국','CN','중국','TW','대만','JP','일본','PC','PCT','EP','유럽','DE','독일','ETC','기타','기타')CODE,COUNT(*)REG
FROM TB_APP_MST A , TB_MAPP_APP_MAN B
WHERE A.REF_ID = B.REF_ID
AND A.REG_NO IS NOT NULL
AND A.RIGHT_DIV IN ('10','20')
AND B.APP_MAN_CODE IN ('P0006','P0016')
AND A.STATUS NOT IN ('10INT-0056','20INT-0056','10INT-0083','10EXT-0083')
AND A.INOUT_DIV = 'INT'
AND COUNTRY_CODE ='KR'
GROUP BY COUNTRY_CODE
UNION ALL
SELECT DECODE(COUNTRY_CODE,'KR','한국','US','미국','CN','중국','TW','대만','JP','일본','PC','PCT','EP','유럽','DE','독일','ETC','기타','기타')CODE,COUNT(*)REG
from TB_APP_MST A
             , TB_APP_MST_EXT B
             , TB_APP_EXT_GRP C
             , TB_MAPP_APP_MAN D
where A.REF_ID = B.REF_ID
ANd B.GRP_ID(+) = C.GRP_ID
AND C.GRP_ID = D.REF_ID
AND A.REG_NO IS NOT NULL
AND A.RIGHT_DIV IN ('10','20')
AND D.APP_MAN_CODE IN ('P0006','P0016')
AND A.INOUT_DIV = 'EXT'
AND A.STATUS NOT IN ('10INT-0056','20INT-0056','10INT-0083','10EXT-0083')
GROUP BY COUNTRY_CODE
)REG1
WHERE APP1.CODE = REG1.CODE(+)
)TOTAL,
(
SELECT APP1.CODE,NVL(APP1.APP,'0')Y_APP,NVL(REG1.REG,'0')Y_REG
FROM
(SELECT DECODE(COUNTRY_CODE,'KR','한국','US','미국','CN','중국','TW','대만','JP','일본','PC','PCT','EP','유럽','DE','독일','ETC','기타','기타')CODE,COUNT(*)APP
FROM TB_APP_MST A , TB_MAPP_APP_MAN B
WHERE A.REF_ID = B.REF_ID
AND A.REG_NO IS NULL
AND A.APP_NO IS NOT NULL
AND A.RIGHT_DIV IN ('10','20')
AND B.APP_MAN_CODE IN ('P0006','P0016')
AND A.STATUS NOT IN ('10INT-0056','20INT-0056','10INT-0083','10EXT-0083')
AND A.INOUT_DIV = 'INT'
AND COUNTRY_CODE ='KR'
AND SUBSTR(A.APP_DATE,1,4) = TO_CHAR(SYSDATE,'YYYY')
GROUP BY COUNTRY_CODE
UNION ALL
SELECT DECODE(COUNTRY_CODE,'KR','한국','US','미국','CN','중국','TW','대만','JP','일본','PC','PCT','EP','유럽','DE','독일','ETC','기타','기타')CODE,COUNT(*)APP
from TB_APP_MST A
             , TB_APP_MST_EXT B
             , TB_APP_EXT_GRP C
             , TB_MAPP_APP_MAN D
where A.REF_ID = B.REF_ID
ANd B.GRP_ID(+) = C.GRP_ID
AND C.GRP_ID = D.REF_ID
AND A.REG_NO IS NULL
AND A.APP_NO IS NOT NULL
AND A.RIGHT_DIV IN ('10','20')
AND D.APP_MAN_CODE IN ('P0006','P0016')
AND A.INOUT_DIV = 'EXT'
AND SUBSTR(A.APP_DATE,1,4) = TO_CHAR(SYSDATE,'YYYY')
GROUP BY COUNTRY_CODE
)APP1,
(SELECT DECODE(COUNTRY_CODE,'KR','한국','US','미국','CN','중국','TW','대만','JP','일본','PC','PCT','EP','유럽','DE','독일','ETC','기타','기타')CODE,COUNT(*)REG
FROM TB_APP_MST A , TB_MAPP_APP_MAN B
WHERE A.REF_ID = B.REF_ID
AND A.REG_NO IS NOT NULL
AND A.RIGHT_DIV IN ('10','20')
AND B.APP_MAN_CODE IN ('P0006','P0016')
AND A.STATUS NOT IN ('10INT-0056','20INT-0056','10INT-0083','10EXT-0083')
AND A.INOUT_DIV = 'INT'
AND COUNTRY_CODE ='KR'
AND SUBSTR(A.REG_DATE,1,4) = TO_CHAR(SYSDATE,'YYYY')
GROUP BY COUNTRY_CODE
UNION ALL
SELECT DECODE(COUNTRY_CODE,'KR','한국','US','미국','CN','중국','TW','대만','JP','일본','PC','PCT','EP','유럽','DE','독일','ETC','기타','기타')CODE,COUNT(*)REG
from TB_APP_MST A
             , TB_APP_MST_EXT B
             , TB_APP_EXT_GRP C
             , TB_MAPP_APP_MAN D
where A.REF_ID = B.REF_ID
ANd B.GRP_ID(+) = C.GRP_ID
AND C.GRP_ID = D.REF_ID
AND A.REG_NO IS NOT NULL
AND A.RIGHT_DIV IN ('10','20')
AND D.APP_MAN_CODE IN ('P0006','P0016')
AND A.INOUT_DIV = 'EXT'
AND SUBSTR(A.REG_DATE,1,4) = TO_CHAR(SYSDATE,'YYYY')
GROUP BY COUNTRY_CODE
)REG1
WHERE APP1.CODE = REG1.CODE(+)
)Y
WHERE TOTAL.CODE = Y.CODE(+)
ORDER BY TO_APP DESC
Result : 0 Row(s) Selected
Laptime : 0.954
================================================================================
[2022-06-10 10:04:42.305] /anyfive.ipims.patent.home.act.RetrieveBoardList.do
/ipims/patent/home/board => /retrieveBoardList
SELECT *
FROM   (SELECT BRD_ID
             , BRD_NO
             , SUBJECT
             , RE_LEVEL
             , CRE_DATE
        FROM   TB_BRD_LIST
        WHERE  BRD_ID = 'PAT_NOTICE'
          AND ((SYSDATE BETWEEN NOTICE_START AND NOTICE_END) OR NOTICE_END IS NULL)
        ORDER BY RE_PARENT DESC, RE_ORDER ASC
       ) A
WHERE  ROWNUM <= 5
Result : 0 Row(s) Selected
Laptime : 0.341
================================================================================
[2022-06-10 10:04:42.358] /anyfive.ipims.patent.statistic.viewchart.act.RetrieveMainTechChartPopList.do
/ipims/patent/statistic/viewchart => /retrieveMainTechChartList
SELECT DECODE(Z.TECH_CODE, 1, '반도체', 2, 'SOLAR CELL', 3, 'LCD', 4, 'OLED', 5, '공통',6,'기타', 7,'주요부품',8,'일반구성품') TECH_CODE,
       Z.KR, Z.US, Z.CN, Z.TW, Z.JP, Z.PCT, Z.EP, Z.DE
FROM (
SELECT KR.TECH_CODE
,NVL(KR.CNT,'0') KR
,NVL(US.CNT,'0') US
,NVL(CN.CNT,'0') CN
,NVL(TW.CNT,'0') TW
,NVL(JP.CNT,'0') JP
,NVL(PC.CNT,'0') PCT
,NVL(EP.CNT,'0') EP
,NVL(DE.CNT,'0') DE
FROM
(SELECT TECH.TECH_CODE,COUNT(DISTINCT(US_APP.REF_ID))CNT
FROM
(SELECT A.* FROM TB_APP_MST A
             ,TB_MAPP_APP_MAN B
WHERE A.REF_ID = B.REF_ID
AND A.APP_NO IS NOT NULL
AND A.RIGHT_DIV IN ('10','20')
AND B.APP_MAN_CODE IN ('P0006','P0016')
AND A.INOUT_DIV = 'INT'
AND A.COUNTRY_CODE ='KR'
AND A.ABD_YN != '1'
AND A.STATUS NOT IN ('10INT-0056','20INT-0056','10INT-0083','10EXT-0083') ) US_APP,
(SELECT SUBSTR(TECH_CODE,1,1)TECH_CODE,REF_ID
FROM TB_MAPP_TECH_CLS TECH
GROUP BY  SUBSTR(TECH_CODE,1,1),REF_ID)TECH
WHERE US_APP.REF_ID = TECH.REF_ID
GROUP BY TECH.TECH_CODE)KR,
(SELECT TECH.TECH_CODE,COUNT(DISTINCT(US_APP.REF_ID))CNT
FROM
(SELECT A.* FROM TB_APP_MST A
             , TB_APP_MST_EXT B
             , TB_APP_EXT_GRP C
             , TB_MAPP_APP_MAN D
WHERE A.REF_ID = B.REF_ID
AND B.GRP_ID(+) = C.GRP_ID
AND C.GRP_ID = D.REF_ID
AND A.APP_NO IS NOT NULL
AND A.RIGHT_DIV IN ('10','20')
AND A.ABD_YN != '1'
AND D.APP_MAN_CODE IN ('P0006','P0016')
AND A.INOUT_DIV = 'EXT'
AND A.COUNTRY_CODE ='US'
AND A.STATUS NOT IN ('10INT-0056','20INT-0056','10INT-0083','10EXT-0083') ) US_APP,
(SELECT SUBSTR(TECH_CODE,1,1)TECH_CODE,REF_ID
FROM TB_MAPP_TECH_CLS TECH
GROUP BY  SUBSTR(TECH_CODE,1,1),REF_ID)TECH
WHERE US_APP.REF_ID = TECH.REF_ID
GROUP BY TECH.TECH_CODE)US
,
(SELECT TECH.TECH_CODE,COUNT(DISTINCT(US_APP.REF_ID))CNT
FROM
(SELECT A.* FROM TB_APP_MST A
             , TB_APP_MST_EXT B
             , TB_APP_EXT_GRP C
             , TB_MAPP_APP_MAN D
WHERE A.REF_ID = B.REF_ID
AND B.GRP_ID(+) = C.GRP_ID
AND C.GRP_ID = D.REF_ID
AND A.APP_NO IS NOT NULL
AND A.RIGHT_DIV IN ('10','20')
AND A.ABD_YN != '1'
AND D.APP_MAN_CODE IN ('P0006','P0016')
AND A.INOUT_DIV = 'EXT'
AND A.COUNTRY_CODE ='CN'
AND A.STATUS NOT IN ('10INT-0056','20INT-0056','10INT-0083','10EXT-0083') ) US_APP,
(SELECT SUBSTR(TECH_CODE,1,1)TECH_CODE,REF_ID
FROM TB_MAPP_TECH_CLS TECH
GROUP BY  SUBSTR(TECH_CODE,1,1),REF_ID)TECH
WHERE US_APP.REF_ID = TECH.REF_ID
GROUP BY TECH.TECH_CODE)CN
,
(SELECT TECH.TECH_CODE,COUNT(DISTINCT(US_APP.REF_ID))CNT
FROM
(SELECT A.* FROM TB_APP_MST A
             , TB_APP_MST_EXT B
             , TB_APP_EXT_GRP C
             , TB_MAPP_APP_MAN D
WHERE A.REF_ID = B.REF_ID
AND B.GRP_ID(+) = C.GRP_ID
AND C.GRP_ID = D.REF_ID
AND A.APP_NO IS NOT NULL
AND A.RIGHT_DIV IN ('10','20')
AND A.ABD_YN != '1'
AND D.APP_MAN_CODE IN ('P0006','P0016')
AND A.INOUT_DIV = 'EXT'
AND A.COUNTRY_CODE ='TW'
AND A.STATUS NOT IN ('10INT-0056','20INT-0056','10INT-0083','10EXT-0083') ) US_APP,
(SELECT SUBSTR(TECH_CODE,1,1)TECH_CODE,REF_ID
FROM TB_MAPP_TECH_CLS TECH
GROUP BY  SUBSTR(TECH_CODE,1,1),REF_ID)TECH
WHERE US_APP.REF_ID = TECH.REF_ID
GROUP BY TECH.TECH_CODE)TW
,
(SELECT TECH.TECH_CODE,COUNT(DISTINCT(US_APP.REF_ID))CNT
FROM
(SELECT A.* FROM TB_APP_MST A
             , TB_APP_MST_EXT B
             , TB_APP_EXT_GRP C
             , TB_MAPP_APP_MAN D
WHERE A.REF_ID = B.REF_ID
AND B.GRP_ID(+) = C.GRP_ID
AND C.GRP_ID = D.REF_ID
AND A.APP_NO IS NOT NULL
AND A.RIGHT_DIV IN ('10','20')
AND A.ABD_YN != '1'
AND D.APP_MAN_CODE IN ('P0006','P0016')
AND A.INOUT_DIV = 'EXT'
AND A.COUNTRY_CODE ='JP'
AND A.STATUS NOT IN ('10INT-0056','20INT-0056','10INT-0083','10EXT-0083') ) US_APP,
(SELECT SUBSTR(TECH_CODE,1,1)TECH_CODE,REF_ID
FROM TB_MAPP_TECH_CLS TECH
GROUP BY  SUBSTR(TECH_CODE,1,1),REF_ID)TECH
WHERE US_APP.REF_ID = TECH.REF_ID
GROUP BY TECH.TECH_CODE)JP
,
(SELECT TECH.TECH_CODE,COUNT(DISTINCT(US_APP.REF_ID))CNT
FROM
(SELECT A.* FROM TB_APP_MST A
             , TB_APP_MST_EXT B
             , TB_APP_EXT_GRP C
             , TB_MAPP_APP_MAN D
WHERE A.REF_ID = B.REF_ID
AND B.GRP_ID(+) = C.GRP_ID
AND C.GRP_ID = D.REF_ID
AND A.APP_NO IS NOT NULL
AND A.RIGHT_DIV IN ('10','20')
AND A.ABD_YN != '1'
AND D.APP_MAN_CODE IN ('P0006','P0016')
AND A.INOUT_DIV = 'EXT'
AND A.COUNTRY_CODE ='PC'
AND A.STATUS NOT IN ('10INT-0056','20INT-0056','10INT-0083','10EXT-0083') ) US_APP,
(SELECT SUBSTR(TECH_CODE,1,1)TECH_CODE,REF_ID
FROM TB_MAPP_TECH_CLS TECH
GROUP BY  SUBSTR(TECH_CODE,1,1),REF_ID)TECH
WHERE US_APP.REF_ID = TECH.REF_ID
GROUP BY TECH.TECH_CODE)PC
,
(SELECT TECH.TECH_CODE,COUNT(DISTINCT(US_APP.REF_ID))CNT
FROM
(SELECT A.* FROM TB_APP_MST A
             , TB_APP_MST_EXT B
             , TB_APP_EXT_GRP C
             , TB_MAPP_APP_MAN D
WHERE A.REF_ID = B.REF_ID
AND B.GRP_ID(+) = C.GRP_ID
AND C.GRP_ID = D.REF_ID
AND A.APP_NO IS NOT NULL
AND A.RIGHT_DIV IN ('10','20')
AND A.ABD_YN != '1'
AND D.APP_MAN_CODE IN ('P0006','P0016')
AND A.INOUT_DIV = 'EXT'
AND A.COUNTRY_CODE ='EP'
AND A.STATUS NOT IN ('10INT-0056','20INT-0056','10INT-0083','10EXT-0083') ) US_APP,
(SELECT SUBSTR(TECH_CODE,1,1)TECH_CODE,REF_ID
FROM TB_MAPP_TECH_CLS TECH
GROUP BY  SUBSTR(TECH_CODE,1,1),REF_ID)TECH
WHERE US_APP.REF_ID = TECH.REF_ID
GROUP BY TECH.TECH_CODE)EP
,
(SELECT TECH.TECH_CODE,COUNT(DISTINCT(US_APP.REF_ID))CNT
FROM
(SELECT A.* FROM TB_APP_MST A
             , TB_APP_MST_EXT B
             , TB_APP_EXT_GRP C
             , TB_MAPP_APP_MAN D
WHERE A.REF_ID = B.REF_ID
AND B.GRP_ID(+) = C.GRP_ID
AND C.GRP_ID = D.REF_ID
AND A.APP_NO IS NOT NULL
AND A.RIGHT_DIV IN ('10','20')
AND A.ABD_YN != '1'
AND D.APP_MAN_CODE IN ('P0006','P0016')
AND A.INOUT_DIV = 'EXT'
AND A.COUNTRY_CODE ='DE'
AND A.STATUS NOT IN ('10INT-0056','20INT-0056','10INT-0083','10EXT-0083') ) US_APP,
(SELECT SUBSTR(TECH_CODE,1,1)TECH_CODE,REF_ID
FROM TB_MAPP_TECH_CLS TECH
GROUP BY  SUBSTR(TECH_CODE,1,1),REF_ID)TECH
WHERE US_APP.REF_ID = TECH.REF_ID
GROUP BY TECH.TECH_CODE)DE
WHERE KR.TECH_CODE = US.TECH_CODE(+)
AND US.TECH_CODE = CN.TECH_CODE(+)
AND CN.TECH_CODE = TW.TECH_CODE(+)
AND TW.TECH_CODE = JP.TECH_CODE(+)
AND JP.TECH_CODE = PC.TECH_CODE(+)
AND PC.TECH_CODE = EP.TECH_CODE(+)
AND EP.TECH_CODE = DE.TECH_CODE(+)
 ORDER BY TECH_CODE ASC
 ) Z
Result : 0 Row(s) Selected
Laptime : 1.059
================================================================================
[2022-06-10 10:04:43.157] /anyfive.framework.grid.act.RetrieveGridColumnList.do
/framework/gridconfig => /retrieveGridConfig
SELECT COLUMN_YN
     , SORTING_YN
FROM   TB_USR_GRID_CONFIG
WHERE  USER_ID = 'P000000001'
AND    GRID_ID = '8f08fb14487e3834eac425f2e1ae2f45'
Result : 0 Row(s) Selected
Laptime : 0.393
================================================================================
[2022-06-10 10:04:43.157] /anyfive.framework.grid.act.RetrieveGridSortingList.do
/framework/gridconfig => /retrieveGridConfig
SELECT COLUMN_YN
     , SORTING_YN
FROM   TB_USR_GRID_CONFIG
WHERE  USER_ID = 'P000000001'
AND    GRID_ID = '8f08fb14487e3834eac425f2e1ae2f45'
Result : 0 Row(s) Selected
Laptime : 0.393
================================================================================
[2022-06-10 10:04:43.233] /anyfive.framework.grid.act.RetrieveGridSortingList.do
/framework/gridconfig => /retrieveGridSortingList
SELECT COL_ID
     , SORT_INDEX
     , SORT_TYPE
FROM   TB_USR_GRID_SORTING
WHERE  USER_ID = 'P000000001'
AND    GRID_ID = '8f08fb14487e3834eac425f2e1ae2f45'
ORDER  BY SORT_INDEX
Result : 0 Row(s) Selected
Laptime : 0.073
================================================================================
[2022-06-10 10:04:43.251] /anyfive.framework.grid.act.RetrieveGridColumnList.do
/framework/gridconfig => /retrieveGridColumnList
SELECT COL_ID
     , COL_INDEX
     , COL_SHOW
     , COL_FROZEN
     , COL_WIDTH
FROM   TB_USR_GRID_COLUMN
WHERE  USER_ID = 'P000000001'
AND    GRID_ID = '8f08fb14487e3834eac425f2e1ae2f45'
ORDER  BY COL_INDEX
Result : 0 Row(s) Selected
Laptime : 0.091
================================================================================
[2022-06-10 10:04:43.584] /anyfive.framework.codedata.act.RetrieveCodeData.do
/common/jobManAll
SELECT DISTINCT
       USER_ID CODE
     , FN_USER_NAME(USER_ID) NAME
FROM   TB_MNU_GROUP_USER
WHERE  SYSTEM_TYPE = 'PATENT'
AND    GROUP_CODE IN ('PAT', 'TRA', 'DES')
Result : 16 Row(s) Selected
Laptime : 0.306
================================================================================
[2022-06-10 10:04:44.036] /anyfive.framework.grid.act.RetrieveGridColumnList.do
/framework/gridconfig => /retrieveGridConfig
SELECT COLUMN_YN
     , SORTING_YN
FROM   TB_USR_GRID_CONFIG
WHERE  USER_ID = 'P000000001'
AND    GRID_ID = '8f08fb14487e3834eac425f2e1ae2f45'
Result : 0 Row(s) Selected
Laptime : 0.003
================================================================================
[2022-06-10 10:04:44.037] /anyfive.framework.grid.act.RetrieveGridSortingList.do
/framework/gridconfig => /retrieveGridConfig
SELECT COLUMN_YN
     , SORTING_YN
FROM   TB_USR_GRID_CONFIG
WHERE  USER_ID = 'P000000001'
AND    GRID_ID = '8f08fb14487e3834eac425f2e1ae2f45'
Result : 0 Row(s) Selected
Laptime : 0.004
================================================================================
[2022-06-10 10:04:44.041] /anyfive.framework.grid.act.RetrieveGridColumnList.do
/framework/gridconfig => /retrieveGridColumnList
SELECT COL_ID
     , COL_INDEX
     , COL_SHOW
     , COL_FROZEN
     , COL_WIDTH
FROM   TB_USR_GRID_COLUMN
WHERE  USER_ID = 'P000000001'
AND    GRID_ID = '8f08fb14487e3834eac425f2e1ae2f45'
ORDER  BY COL_INDEX
Result : 0 Row(s) Selected
Laptime : 0.003
================================================================================
[2022-06-10 10:04:44.041] /anyfive.framework.grid.act.RetrieveGridSortingList.do
/framework/gridconfig => /retrieveGridSortingList
SELECT COL_ID
     , SORT_INDEX
     , SORT_TYPE
FROM   TB_USR_GRID_SORTING
WHERE  USER_ID = 'P000000001'
AND    GRID_ID = '8f08fb14487e3834eac425f2e1ae2f45'
ORDER  BY SORT_INDEX
Result : 0 Row(s) Selected
Laptime : 0.003
================================================================================
[2022-06-10 10:04:44.144] /anyfive.framework.codedata.act.RetrieveCodeData.do
/common/jobManAll
SELECT DISTINCT
       USER_ID CODE
     , FN_USER_NAME(USER_ID) NAME
FROM   TB_MNU_GROUP_USER
WHERE  SYSTEM_TYPE = 'PATENT'
AND    GROUP_CODE IN ('PAT', 'TRA', 'DES')
Result : 16 Row(s) Selected
Laptime : 0.010
================================================================================
[2022-06-10 10:04:44.366] /anyfive.ipims.patent.applymgt.priorjob.todolist.act.RetrieveToDoList.do
/ipims/patent/applymgt/priorjob/todolist => /retrieveToDoList
/ipims/patent/applymgt/priorjob/todolist => /retrieveToDoList/jobMan
SELECT COUNT(1) AS TOTAL_COUNT FROM (
SELECT A.REF_ID
     , A.INOUT_DIV
     , A.REF_NO
     , FN_COM_CODE_NAME('RIGHT_DIV', A.RIGHT_DIV, 'ko-kr', 'ko-kr') RIGHT_DIV_NAME
     , FN_COM_CODE_NAME('INOUT_DIV', A.INOUT_DIV, 'ko-kr', 'ko-kr') INOUT_DIV_NAME
     , FN_PAPER_NAME(NVL(D.PAPER_CODE, B.PAPER_CODE)) ||'-'|| FN_PAPER_SUBNAME(NVL(D.PAPER_CODE, B.PAPER_CODE), NVL(D.PAPER_SUBCODE, B.PAPER_SUBCODE)) PAPER_NAME
     , A.APP_NO
     , B.URGENT_DATE
     , TO_NUMBER(TO_DATE(B.URGENT_DATE, 'YYYYMMDD') - TO_DATE(TO_CHAR(SYSDATE, 'YYYYMMDD'), 'YYYYMMDD')) URGENT_REMAIN_DAYS
     , C.DUE_DATE
     , TO_NUMBER(TO_DATE(C.DUE_DATE, 'YYYYMMDD') - TO_DATE(TO_CHAR(SYSDATE, 'YYYYMMDD'), 'YYYYMMDD')) DUE_REMAIN_DAYS
     , A.KO_APP_TITLE
     , FN_PAPER_NAME(A.STATUS) STATUS_NAME
     , FN_USER_NAME(A.JOB_MAN) JOB_MAN_NAME
     , FN_OFFICE_NAME(A.OFFICE_CODE) OFFICE_NAME
FROM   TB_APP_MST A
     , (SELECT T1.REF_ID
             , T1.PAPER_CODE
             , T1.PAPER_SUBCODE
             , NVL(T1.URGENT_DATE,T1.DUE_DATE) URGENT_DATE
        FROM   TB_PAPER_LIST T1
             , (SELECT REF_ID
                     , MAX(CRE_DATE || LIST_SEQ) PAPER_SEQ
                FROM   TB_PAPER_LIST
                WHERE  (URGENT_DATE IS NOT NULL OR DUE_DATE IS NOT NULL) OR PAPER_CODE IN (SELECT PAPER_CODE FROM TB_PAPER_MGT_MST WHERE MST_STATUS_YN = '1')
                GROUP BY REF_ID
               ) T2
        WHERE  T1.REF_ID = T2.REF_ID
        AND    T1.CRE_DATE || T1.LIST_SEQ = T2.PAPER_SEQ
       ) B
     , TB_OA_HIST C
     , TB_PAPER_LIST D
WHERE  B.REF_ID(+) = A.REF_ID
AND    C.REF_ID(+) = A.REF_ID
AND    C.END_YN(+) = '0'
AND    C.REF_ID = D.REF_ID(+)
AND    C.START_PAPER_SEQ = D.LIST_SEQ(+)
AND    (C.DUE_DATE IS NOT NULL OR B.URGENT_DATE IS NOT NULL)
AND    (SELECT PAPER_STEP FROM TB_PAPER_MGT_MST WHERE PAPER_CODE = NVL(D.PAPER_CODE, B.PAPER_CODE)) = 'OA'
AND    A.JOB_MAN = 'P000000001'
UNION ALL
SELECT A.REF_ID
     , A.INOUT_DIV
     , A.REF_NO
     , FN_COM_CODE_NAME('RIGHT_DIV', A.RIGHT_DIV, 'ko-kr', 'ko-kr') RIGHT_DIV_NAME
     , FN_COM_CODE_NAME('INOUT_DIV', A.INOUT_DIV, 'ko-kr', 'ko-kr') INOUT_DIV_NAME
     , FN_PAPER_NAME(B.PAPER_CODE) ||'-'|| FN_PAPER_SUBNAME(B.PAPER_CODE, B.PAPER_SUBCODE) PAPER_NAME
     , A.APP_NO
     , B.URGENT_DATE
     , TO_NUMBER(TO_DATE(B.URGENT_DATE, 'YYYYMMDD') - TO_DATE(TO_CHAR(SYSDATE, 'YYYYMMDD'), 'YYYYMMDD')) URGENT_REMAIN_DAYS
     , B.DUE_DATE
     , TO_NUMBER(TO_DATE(B.DUE_DATE, 'YYYYMMDD') - TO_DATE(TO_CHAR(SYSDATE, 'YYYYMMDD'), 'YYYYMMDD')) DUE_REMAIN_DAYS
     , A.KO_APP_TITLE
     , FN_PAPER_NAME(A.STATUS) STATUS_NAME
     , FN_USER_NAME(A.JOB_MAN) JOB_MAN_NAME
     , FN_OFFICE_NAME(A.OFFICE_CODE) OFFICE_NAME
FROM   TB_APP_MST A
     , (SELECT T1.REF_ID
             , T1.PAPER_CODE
             , T1.PAPER_SUBCODE
             , NVL(T1.URGENT_DATE,T1.DUE_DATE) URGENT_DATE
             , T1.DUE_DATE DUE_DATE
        FROM   TB_PAPER_LIST T1
             , (SELECT P1.REF_ID
                     , MAX(P1.CRE_DATE || P1.LIST_SEQ) PAPER_SEQ
                FROM   TB_PAPER_LIST P1, TB_PAPER_MGT_MST P2
                WHERE  P1.PAPER_CODE = P2.PAPER_CODE
                AND  (URGENT_DATE IS NOT NULL OR DUE_DATE IS NOT NULL)
                AND P2.PAPER_STEP <> 'OA'
                AND P1.DATE_ADMIN ='0'
                GROUP BY REF_ID, PAPER_STEP
               ) T2
        WHERE  T1.REF_ID = T2.REF_ID
        AND    T1.CRE_DATE || T1.LIST_SEQ = T2.PAPER_SEQ
        AND NOT EXISTS (SELECT 1 FROM TB_PAPER_LIST Z1 WHERE Z1.REF_ID = T1.REF_ID
                        AND Z1.PAPER_CODE = (SELECT COPE_PAPER_CODE FROM TB_PAPER_MGT_MST WHERE PAPER_CODE = T1.PAPER_CODE))
       ) B
WHERE  B.REF_ID(+) = A.REF_ID
AND    (B.DUE_DATE IS NOT NULL OR B.URGENT_DATE IS NOT NULL)
AND    A.JOB_MAN = 'P000000001'
) TEMP__1
Result : 1 Row(s) Selected
Laptime : 0.663
================================================================================
[2022-06-10 10:04:44.367] /anyfive.ipims.patent.applymgt.priorjob.todolist.act.RetrieveToDoList.do
/ipims/patent/applymgt/priorjob/todolist => /retrieveToDoList
/ipims/patent/applymgt/priorjob/todolist => /retrieveToDoList/jobMan
SELECT COUNT(1) AS TOTAL_COUNT FROM (
SELECT A.REF_ID
     , A.INOUT_DIV
     , A.REF_NO
     , FN_COM_CODE_NAME('RIGHT_DIV', A.RIGHT_DIV, 'ko-kr', 'ko-kr') RIGHT_DIV_NAME
     , FN_COM_CODE_NAME('INOUT_DIV', A.INOUT_DIV, 'ko-kr', 'ko-kr') INOUT_DIV_NAME
     , FN_PAPER_NAME(NVL(D.PAPER_CODE, B.PAPER_CODE)) ||'-'|| FN_PAPER_SUBNAME(NVL(D.PAPER_CODE, B.PAPER_CODE), NVL(D.PAPER_SUBCODE, B.PAPER_SUBCODE)) PAPER_NAME
     , A.APP_NO
     , B.URGENT_DATE
     , TO_NUMBER(TO_DATE(B.URGENT_DATE, 'YYYYMMDD') - TO_DATE(TO_CHAR(SYSDATE, 'YYYYMMDD'), 'YYYYMMDD')) URGENT_REMAIN_DAYS
     , C.DUE_DATE
     , TO_NUMBER(TO_DATE(C.DUE_DATE, 'YYYYMMDD') - TO_DATE(TO_CHAR(SYSDATE, 'YYYYMMDD'), 'YYYYMMDD')) DUE_REMAIN_DAYS
     , A.KO_APP_TITLE
     , FN_PAPER_NAME(A.STATUS) STATUS_NAME
     , FN_USER_NAME(A.JOB_MAN) JOB_MAN_NAME
     , FN_OFFICE_NAME(A.OFFICE_CODE) OFFICE_NAME
FROM   TB_APP_MST A
     , (SELECT T1.REF_ID
             , T1.PAPER_CODE
             , T1.PAPER_SUBCODE
             , NVL(T1.URGENT_DATE,T1.DUE_DATE) URGENT_DATE
        FROM   TB_PAPER_LIST T1
             , (SELECT REF_ID
                     , MAX(CRE_DATE || LIST_SEQ) PAPER_SEQ
                FROM   TB_PAPER_LIST
                WHERE  (URGENT_DATE IS NOT NULL OR DUE_DATE IS NOT NULL) OR PAPER_CODE IN (SELECT PAPER_CODE FROM TB_PAPER_MGT_MST WHERE MST_STATUS_YN = '1')
                GROUP BY REF_ID
               ) T2
        WHERE  T1.REF_ID = T2.REF_ID
        AND    T1.CRE_DATE || T1.LIST_SEQ = T2.PAPER_SEQ
       ) B
     , TB_OA_HIST C
     , TB_PAPER_LIST D
WHERE  B.REF_ID(+) = A.REF_ID
AND    C.REF_ID(+) = A.REF_ID
AND    C.END_YN(+) = '0'
AND    C.REF_ID = D.REF_ID(+)
AND    C.START_PAPER_SEQ = D.LIST_SEQ(+)
AND    (C.DUE_DATE IS NOT NULL OR B.URGENT_DATE IS NOT NULL)
AND    (SELECT PAPER_STEP FROM TB_PAPER_MGT_MST WHERE PAPER_CODE = NVL(D.PAPER_CODE, B.PAPER_CODE)) = 'OA'
AND    A.JOB_MAN = 'P000000001'
UNION ALL
SELECT A.REF_ID
     , A.INOUT_DIV
     , A.REF_NO
     , FN_COM_CODE_NAME('RIGHT_DIV', A.RIGHT_DIV, 'ko-kr', 'ko-kr') RIGHT_DIV_NAME
     , FN_COM_CODE_NAME('INOUT_DIV', A.INOUT_DIV, 'ko-kr', 'ko-kr') INOUT_DIV_NAME
     , FN_PAPER_NAME(B.PAPER_CODE) ||'-'|| FN_PAPER_SUBNAME(B.PAPER_CODE, B.PAPER_SUBCODE) PAPER_NAME
     , A.APP_NO
     , B.URGENT_DATE
     , TO_NUMBER(TO_DATE(B.URGENT_DATE, 'YYYYMMDD') - TO_DATE(TO_CHAR(SYSDATE, 'YYYYMMDD'), 'YYYYMMDD')) URGENT_REMAIN_DAYS
     , B.DUE_DATE
     , TO_NUMBER(TO_DATE(B.DUE_DATE, 'YYYYMMDD') - TO_DATE(TO_CHAR(SYSDATE, 'YYYYMMDD'), 'YYYYMMDD')) DUE_REMAIN_DAYS
     , A.KO_APP_TITLE
     , FN_PAPER_NAME(A.STATUS) STATUS_NAME
     , FN_USER_NAME(A.JOB_MAN) JOB_MAN_NAME
     , FN_OFFICE_NAME(A.OFFICE_CODE) OFFICE_NAME
FROM   TB_APP_MST A
     , (SELECT T1.REF_ID
             , T1.PAPER_CODE
             , T1.PAPER_SUBCODE
             , NVL(T1.URGENT_DATE,T1.DUE_DATE) URGENT_DATE
             , T1.DUE_DATE DUE_DATE
        FROM   TB_PAPER_LIST T1
             , (SELECT P1.REF_ID
                     , MAX(P1.CRE_DATE || P1.LIST_SEQ) PAPER_SEQ
                FROM   TB_PAPER_LIST P1, TB_PAPER_MGT_MST P2
                WHERE  P1.PAPER_CODE = P2.PAPER_CODE
                AND  (URGENT_DATE IS NOT NULL OR DUE_DATE IS NOT NULL)
                AND P2.PAPER_STEP <> 'OA'
                AND P1.DATE_ADMIN ='0'
                GROUP BY REF_ID, PAPER_STEP
               ) T2
        WHERE  T1.REF_ID = T2.REF_ID
        AND    T1.CRE_DATE || T1.LIST_SEQ = T2.PAPER_SEQ
        AND NOT EXISTS (SELECT 1 FROM TB_PAPER_LIST Z1 WHERE Z1.REF_ID = T1.REF_ID
                        AND Z1.PAPER_CODE = (SELECT COPE_PAPER_CODE FROM TB_PAPER_MGT_MST WHERE PAPER_CODE = T1.PAPER_CODE))
       ) B
WHERE  B.REF_ID(+) = A.REF_ID
AND    (B.DUE_DATE IS NOT NULL OR B.URGENT_DATE IS NOT NULL)
AND    A.JOB_MAN = 'P000000001'
) TEMP__1
Result : 1 Row(s) Selected
Laptime : 0.137
================================================================================
[2022-06-10 10:04:44.671] /anyfive.ipims.patent.home.act.RetrieveToDoCount.do
/ipims/patent/home/todo => /retrieveToDoCount
/ipims/patent/home/todo => /retrieveToDoList_APPR
/ipims/patent/home/todo => /retrieveToDoCount/union
/ipims/patent/home/todo => /retrieveToDoList_EVAL
/ipims/patent/home/todo => /retrieveToDoCount/union
/ipims/patent/home/todo => /retrieveToDoList_NEW
/ipims/patent/home/todo => /retrieveToDoCount/union
/ipims/patent/home/todo => /retrieveToDoList_PAPER
/ipims/patent/home/todo => /retrieveToDoList_PAPER/jobMan
SELECT 'APPR' ID, COUNT(1) CNT FROM (
SELECT MST.APPR_NO
FROM   TB_APPR_MST MST
     , TB_APPR_REQ REQ
     , TB_APPR_ANS ANS
WHERE  MST.APPR_NO = REQ.APPR_NO
AND    REQ.APPR_NO = ANS.APPR_NO
AND    REQ.REQ_SEQ = ANS.REQ_SEQ
AND    REQ.REQ_STATUS != '7'
AND    ANS.ANS_USER = 'P000000001'
AND    ANS.ANS_STATUS = '1'
) A
UNION ALL
SELECT 'EVAL' ID, COUNT(1) CNT FROM (
SELECT A.*
     , M.REF_NO
     , M.KO_APP_TITLE
     , B.EVAL_TITLE
     , FN_USER_NAME(M.JOB_MAN) JOB_MAN_NAME
     , B.EVAL_VIEW_PATH
FROM   (SELECT A.REF_ID
             , A.PAPER_LIST_SEQ
             , A.EVAL_CODE
             , A.INVDEPT_EVAL_REQ_DATE
             , A.INVDEPT_EVAL_USER
             , FN_USER_NAME(A.INVDEPT_EVAL_USER) INVDEPT_EVAL_USER_NAME
             , A.INVDEPT_EVAL_DATE
             , A.INVDEPT_EVAL_END_YN
             , A.PATDEPT_EVAL_USER
             , FN_USER_NAME(A.PATDEPT_EVAL_USER) PATDEPT_EVAL_USER_NAME
             , A.PATDEPT_EVAL_DATE
             , A.PATDEPT_EVAL_END_YN
             , DECODE(A.INVDEPT_EVAL_SHEET_ID, NULL,'미평가', DECODE(A.PATDEPT_EVAL_SHEET_ID, NULL,'발명부서평가완료', '평가완료')) STATUS_NAME
        FROM   TB_EVAL_COM_MST A
             , V_MASTER_ALL M
        WHERE  A.PAPER_LIST_SEQ IS NULL
        AND    A.REF_ID = M.REF_ID
        UNION ALL
        SELECT A.REF_ID
             , A.LIST_SEQ PAPER_LIST_SEQ
             , B.EVAL_CODE
             , C.INVDEPT_EVAL_REQ_DATE
             , C.INVDEPT_EVAL_USER
             , FN_USER_NAME(C.INVDEPT_EVAL_USER) INVDEPT_EVAL_USER_NAME
             , C.INVDEPT_EVAL_DATE
             , C.INVDEPT_EVAL_END_YN
             , C.PATDEPT_EVAL_USER
             , FN_USER_NAME(C.PATDEPT_EVAL_USER) PATDEPT_EVAL_USER_NAME
             , C.PATDEPT_EVAL_DATE
             , C.PATDEPT_EVAL_END_YN
             , FN_BIZ_CODE_NAME(Z.STATUS, 'ko-kr', 'ko-kr') STATUS_NAME
        FROM   TB_PAPER_LIST A
             , TB_PAPER_MGT_MST B
             , TB_EVAL_COM_MST C
             , V_MASTER_ALL M
             , TB_BIZ_COM_MST Z
        WHERE  A.PAPER_CODE = B.PAPER_CODE
        AND    A.REF_ID = C.REF_ID(+)
        AND    A.LIST_SEQ = C.PAPER_LIST_SEQ(+)
        AND    A.REF_ID = M.REF_ID
        AND    C.EVAL_ID = Z.REF_ID(+)
        UNION ALL
        SELECT A.REF_ID
             , TO_CHAR(A.PAY_YEARDEG) PAPER_LIST_SEQ
             , C.EVAL_CODE
             , C.INVDEPT_EVAL_REQ_DATE
             , C.INVDEPT_EVAL_USER
             , FN_USER_NAME(C.INVDEPT_EVAL_USER) INVDEPT_EVAL_USER_NAME
             , C.INVDEPT_EVAL_DATE
             , C.INVDEPT_EVAL_END_YN
             , C.PATDEPT_EVAL_USER
             , FN_USER_NAME(C.PATDEPT_EVAL_USER) PATDEPT_EVAL_USER_NAME
             , C.PATDEPT_EVAL_DATE
             , C.PATDEPT_EVAL_END_YN
             , FN_BIZ_CODE_NAME(Z.STATUS, 'ko-kr', 'ko-kr') STATUS_NAME
        FROM   TB_COST_REMINDER A
             , TB_EVAL_COM_MST C
             , V_MASTER_ALL M
             , TB_BIZ_COM_MST Z
        WHERE  A.REF_ID = C.REF_ID(+)
        AND    A.PAY_YEARDEG = C.PAPER_LIST_SEQ(+)
        AND    A.REF_ID = M.REF_ID
        AND    C.EVAL_ID = Z.REF_ID(+)
       ) A
     , TB_EVAL_CODE B
     , V_MASTER_ALL M
WHERE  A.EVAL_CODE = B.EVAL_CODE
AND    A.REF_ID = M.REF_ID
AND    ((A.INVDEPT_EVAL_USER = 'P000000001' AND A.INVDEPT_EVAL_END_YN = '0') OR
        (A.PATDEPT_EVAL_USER = 'P000000001' AND A.PATDEPT_EVAL_END_YN = '0')
       )
) A
UNION ALL
SELECT 'NEW' ID, COUNT(1) CNT FROM (
SELECT A.REF_ID
     , A.REF_NO
     , A.RIGHT_DIV
     , A.KO_APP_TITLE
     , FN_INVENTOR_NAMES(A.REF_ID) INVENTOR_NAMES
     , A.CRE_DATE
     , FN_USER_NAME(A.CRE_USER) CRE_USER_NAME
     , FN_BIZ_CODE_NAME(Z.STATUS,  'ko-kr', 'ko-kr') STATUS_NAME
     , A.PATTEAM_REQ_DATE PATTEAM_RCPT_DATE
     , NULL EXAM_RESULT_NAME
     , NULL JOB_MAN_NAME
FROM   TB_APP_INT_REQ A
     , TB_BIZ_COM_MST Z
WHERE  A.REF_ID = Z.REF_ID
AND    A.RIGHT_DIV IN ('10', '20', '40')
AND    Z.STATUS IN (SELECT T1.CURR_STATUS FROM TB_BIZ_MGT_PROC T1 WHERE T1.BIZ_ACT = 'A00009')
AND    NOT EXISTS (SELECT 1 FROM TB_APP_INT_CONSULT T WHERE T.REF_ID = A.REF_ID)
UNION ALL
SELECT A.REF_ID
     , A.REF_NO
     , A.RIGHT_DIV
     , A.KO_APP_TITLE
     , FN_INVENTOR_NAMES(A.REF_ID) INVENTOR_NAMES
     , A.CRE_DATE
     , FN_USER_NAME(A.CRE_USER) CRE_USER_NAME
     , FN_BIZ_CODE_NAME(Z.STATUS,  'ko-kr', 'ko-kr') STATUS_NAME
     , A.PATTEAM_REQ_DATE PATTEAM_RCPT_DATE
     , NULL EXAM_RESULT_NAME
     , NULL JOB_MAN_NAME
FROM   TB_APP_INT_REQ A
     , TB_BIZ_COM_MST Z
WHERE  A.REF_ID = Z.REF_ID
AND    A.RIGHT_DIV IN ('30')
AND    Z.STATUS IN (SELECT T1.CURR_STATUS FROM TB_BIZ_MGT_PROC T1 WHERE T1.BIZ_ACT = 'A00009')
AND    NOT EXISTS (SELECT 1 FROM TB_APP_INT_CONSULT T WHERE T.REF_ID = A.REF_ID)
UNION ALL
SELECT A.PRSCH_ID REF_ID
     , A.PRSCH_NO REF_NO
     , A.PRSCH_DIV RIGHT_DIV
     , A.PRSCH_SUBJECT KO_APP_TITLE
     , FN_USER_NAME(A.REQ_USER) INVENTOR_NAMES
     , A.CRE_DATE
     , FN_USER_NAME(A.CRE_USER) CRE_USER_NAME
     , FN_BIZ_CODE_NAME(Z.STATUS,  'ko-kr', 'ko-kr') STATUS_NAME
     , B.RCPT_DATE PATTEAM_RCPT_DATE
     , FN_COM_CODE_NAME('EXAM_RESULT', B.EXAM_RESULT, 'ko-kr', 'ko-kr') EXAM_RESULT_NAME
     , FN_USER_NAME(B.JOB_MAN) JOB_MAN_NAME
FROM   TB_APP_PRSCH_REQ A
     , TB_APP_PRSCH_CONSULT B
     , TB_BIZ_COM_MST Z
WHERE  A.PRSCH_ID = B.PRSCH_ID(+)
AND    A.PRSCH_ID = Z.REF_ID
AND    Z.STATUS IN (SELECT T1.CURR_STATUS FROM TB_BIZ_MGT_PROC T1 WHERE T1.BIZ_ACT = 'A00009')
) A
UNION ALL
SELECT 'PAPER' ID, COUNT(1) CNT FROM (
SELECT A.REF_ID
     , A.LIST_SEQ
     , C.INOUT_DIV
     , C.REF_NO
     , C.APP_NO
     , B.PAPER_NAME
     , A.COMMENTS
     , C.KO_APP_TITLE
     , FN_INVENTOR_NAMES(A.REF_ID) INVENTOR_NAMES
     , A.PAPER_DATE
     , A.DUE_DATE
     , C.OFFICE_CODE
     , FN_OFFICE_NAME(C.OFFICE_CODE) AS OFFICE_CODE_NAME
     , C.JOB_MAN
     , FN_USER_NAME(C.JOB_MAN) AS JOB_MAN_NAME
     , FN_PAPER_NAME(C.STATUS) STATUS_NAME
FROM   TB_PAPER_LIST A
     , TB_PAPER_MGT_MST B
     , TB_APP_MST C
WHERE  A.PAPER_CODE = B.PAPER_CODE
AND    A.REF_ID = C.REF_ID
AND    A.CONFIRM_DATE IS NULL
AND    FN_PAPER_CONFIRM_OWNER(A.REF_ID, A.LIST_SEQ) IS NOT NULL
AND    A.REF_ID IN (SELECT M.REF_ID
                    FROM   V_MASTER_ALL M
                    WHERE  M.JOB_MAN = 'P000000001'
                   )
) A
Result : 4 Row(s) Selected
Laptime : 3.366
================================================================================
[2022-06-10 10:04:45.106] /anyfive.ipims.patent.applymgt.priorjob.todolist.act.RetrieveToDoList.do
/ipims/patent/applymgt/priorjob/todolist => /retrieveToDoList
/ipims/patent/applymgt/priorjob/todolist => /retrieveToDoList/jobMan
SELECT TEMP__2.* FROM (SELECT ROW_NUMBER() OVER(ORDER BY "URGENT_REMAIN_DAYS" ASC, "DUE_REMAIN_DAYS" ASC) AS ROW_NUM, TEMP__1.* FROM (
SELECT A.REF_ID
     , A.INOUT_DIV
     , A.REF_NO
     , FN_COM_CODE_NAME('RIGHT_DIV', A.RIGHT_DIV, 'ko-kr', 'ko-kr') RIGHT_DIV_NAME
     , FN_COM_CODE_NAME('INOUT_DIV', A.INOUT_DIV, 'ko-kr', 'ko-kr') INOUT_DIV_NAME
     , FN_PAPER_NAME(NVL(D.PAPER_CODE, B.PAPER_CODE)) ||'-'|| FN_PAPER_SUBNAME(NVL(D.PAPER_CODE, B.PAPER_CODE), NVL(D.PAPER_SUBCODE, B.PAPER_SUBCODE)) PAPER_NAME
     , A.APP_NO
     , B.URGENT_DATE
     , TO_NUMBER(TO_DATE(B.URGENT_DATE, 'YYYYMMDD') - TO_DATE(TO_CHAR(SYSDATE, 'YYYYMMDD'), 'YYYYMMDD')) URGENT_REMAIN_DAYS
     , C.DUE_DATE
     , TO_NUMBER(TO_DATE(C.DUE_DATE, 'YYYYMMDD') - TO_DATE(TO_CHAR(SYSDATE, 'YYYYMMDD'), 'YYYYMMDD')) DUE_REMAIN_DAYS
     , A.KO_APP_TITLE
     , FN_PAPER_NAME(A.STATUS) STATUS_NAME
     , FN_USER_NAME(A.JOB_MAN) JOB_MAN_NAME
     , FN_OFFICE_NAME(A.OFFICE_CODE) OFFICE_NAME
FROM   TB_APP_MST A
     , (SELECT T1.REF_ID
             , T1.PAPER_CODE
             , T1.PAPER_SUBCODE
             , NVL(T1.URGENT_DATE,T1.DUE_DATE) URGENT_DATE
        FROM   TB_PAPER_LIST T1
             , (SELECT REF_ID
                     , MAX(CRE_DATE || LIST_SEQ) PAPER_SEQ
                FROM   TB_PAPER_LIST
                WHERE  (URGENT_DATE IS NOT NULL OR DUE_DATE IS NOT NULL) OR PAPER_CODE IN (SELECT PAPER_CODE FROM TB_PAPER_MGT_MST WHERE MST_STATUS_YN = '1')
                GROUP BY REF_ID
               ) T2
        WHERE  T1.REF_ID = T2.REF_ID
        AND    T1.CRE_DATE || T1.LIST_SEQ = T2.PAPER_SEQ
       ) B
     , TB_OA_HIST C
     , TB_PAPER_LIST D
WHERE  B.REF_ID(+) = A.REF_ID
AND    C.REF_ID(+) = A.REF_ID
AND    C.END_YN(+) = '0'
AND    C.REF_ID = D.REF_ID(+)
AND    C.START_PAPER_SEQ = D.LIST_SEQ(+)
AND    (C.DUE_DATE IS NOT NULL OR B.URGENT_DATE IS NOT NULL)
AND    (SELECT PAPER_STEP FROM TB_PAPER_MGT_MST WHERE PAPER_CODE = NVL(D.PAPER_CODE, B.PAPER_CODE)) = 'OA'
AND    A.JOB_MAN = 'P000000001'
UNION ALL
SELECT A.REF_ID
     , A.INOUT_DIV
     , A.REF_NO
     , FN_COM_CODE_NAME('RIGHT_DIV', A.RIGHT_DIV, 'ko-kr', 'ko-kr') RIGHT_DIV_NAME
     , FN_COM_CODE_NAME('INOUT_DIV', A.INOUT_DIV, 'ko-kr', 'ko-kr') INOUT_DIV_NAME
     , FN_PAPER_NAME(B.PAPER_CODE) ||'-'|| FN_PAPER_SUBNAME(B.PAPER_CODE, B.PAPER_SUBCODE) PAPER_NAME
     , A.APP_NO
     , B.URGENT_DATE
     , TO_NUMBER(TO_DATE(B.URGENT_DATE, 'YYYYMMDD') - TO_DATE(TO_CHAR(SYSDATE, 'YYYYMMDD'), 'YYYYMMDD')) URGENT_REMAIN_DAYS
     , B.DUE_DATE
     , TO_NUMBER(TO_DATE(B.DUE_DATE, 'YYYYMMDD') - TO_DATE(TO_CHAR(SYSDATE, 'YYYYMMDD'), 'YYYYMMDD')) DUE_REMAIN_DAYS
     , A.KO_APP_TITLE
     , FN_PAPER_NAME(A.STATUS) STATUS_NAME
     , FN_USER_NAME(A.JOB_MAN) JOB_MAN_NAME
     , FN_OFFICE_NAME(A.OFFICE_CODE) OFFICE_NAME
FROM   TB_APP_MST A
     , (SELECT T1.REF_ID
             , T1.PAPER_CODE
             , T1.PAPER_SUBCODE
             , NVL(T1.URGENT_DATE,T1.DUE_DATE) URGENT_DATE
             , T1.DUE_DATE DUE_DATE
        FROM   TB_PAPER_LIST T1
             , (SELECT P1.REF_ID
                     , MAX(P1.CRE_DATE || P1.LIST_SEQ) PAPER_SEQ
                FROM   TB_PAPER_LIST P1, TB_PAPER_MGT_MST P2
                WHERE  P1.PAPER_CODE = P2.PAPER_CODE
                AND  (URGENT_DATE IS NOT NULL OR DUE_DATE IS NOT NULL)
                AND P2.PAPER_STEP <> 'OA'
                AND P1.DATE_ADMIN ='0'
                GROUP BY REF_ID, PAPER_STEP
               ) T2
        WHERE  T1.REF_ID = T2.REF_ID
        AND    T1.CRE_DATE || T1.LIST_SEQ = T2.PAPER_SEQ
        AND NOT EXISTS (SELECT 1 FROM TB_PAPER_LIST Z1 WHERE Z1.REF_ID = T1.REF_ID
                        AND Z1.PAPER_CODE = (SELECT COPE_PAPER_CODE FROM TB_PAPER_MGT_MST WHERE PAPER_CODE = T1.PAPER_CODE))
       ) B
WHERE  B.REF_ID(+) = A.REF_ID
AND    (B.DUE_DATE IS NOT NULL OR B.URGENT_DATE IS NOT NULL)
AND    A.JOB_MAN = 'P000000001'
) TEMP__1) TEMP__2 WHERE TEMP__2.ROW_NUM > 0 AND TEMP__2.ROW_NUM <= 50
Result : 50 Row(s) Selected
Laptime : 0.735
================================================================================
[2022-06-10 10:04:45.106] /anyfive.ipims.patent.applymgt.priorjob.todolist.act.RetrieveToDoList.do
/ipims/patent/applymgt/priorjob/todolist => /retrieveToDoList
/ipims/patent/applymgt/priorjob/todolist => /retrieveToDoList/jobMan
SELECT TEMP__2.* FROM (SELECT ROW_NUMBER() OVER(ORDER BY "URGENT_REMAIN_DAYS" ASC, "DUE_REMAIN_DAYS" ASC) AS ROW_NUM, TEMP__1.* FROM (
SELECT A.REF_ID
     , A.INOUT_DIV
     , A.REF_NO
     , FN_COM_CODE_NAME('RIGHT_DIV', A.RIGHT_DIV, 'ko-kr', 'ko-kr') RIGHT_DIV_NAME
     , FN_COM_CODE_NAME('INOUT_DIV', A.INOUT_DIV, 'ko-kr', 'ko-kr') INOUT_DIV_NAME
     , FN_PAPER_NAME(NVL(D.PAPER_CODE, B.PAPER_CODE)) ||'-'|| FN_PAPER_SUBNAME(NVL(D.PAPER_CODE, B.PAPER_CODE), NVL(D.PAPER_SUBCODE, B.PAPER_SUBCODE)) PAPER_NAME
     , A.APP_NO
     , B.URGENT_DATE
     , TO_NUMBER(TO_DATE(B.URGENT_DATE, 'YYYYMMDD') - TO_DATE(TO_CHAR(SYSDATE, 'YYYYMMDD'), 'YYYYMMDD')) URGENT_REMAIN_DAYS
     , C.DUE_DATE
     , TO_NUMBER(TO_DATE(C.DUE_DATE, 'YYYYMMDD') - TO_DATE(TO_CHAR(SYSDATE, 'YYYYMMDD'), 'YYYYMMDD')) DUE_REMAIN_DAYS
     , A.KO_APP_TITLE
     , FN_PAPER_NAME(A.STATUS) STATUS_NAME
     , FN_USER_NAME(A.JOB_MAN) JOB_MAN_NAME
     , FN_OFFICE_NAME(A.OFFICE_CODE) OFFICE_NAME
FROM   TB_APP_MST A
     , (SELECT T1.REF_ID
             , T1.PAPER_CODE
             , T1.PAPER_SUBCODE
             , NVL(T1.URGENT_DATE,T1.DUE_DATE) URGENT_DATE
        FROM   TB_PAPER_LIST T1
             , (SELECT REF_ID
                     , MAX(CRE_DATE || LIST_SEQ) PAPER_SEQ
                FROM   TB_PAPER_LIST
                WHERE  (URGENT_DATE IS NOT NULL OR DUE_DATE IS NOT NULL) OR PAPER_CODE IN (SELECT PAPER_CODE FROM TB_PAPER_MGT_MST WHERE MST_STATUS_YN = '1')
                GROUP BY REF_ID
               ) T2
        WHERE  T1.REF_ID = T2.REF_ID
        AND    T1.CRE_DATE || T1.LIST_SEQ = T2.PAPER_SEQ
       ) B
     , TB_OA_HIST C
     , TB_PAPER_LIST D
WHERE  B.REF_ID(+) = A.REF_ID
AND    C.REF_ID(+) = A.REF_ID
AND    C.END_YN(+) = '0'
AND    C.REF_ID = D.REF_ID(+)
AND    C.START_PAPER_SEQ = D.LIST_SEQ(+)
AND    (C.DUE_DATE IS NOT NULL OR B.URGENT_DATE IS NOT NULL)
AND    (SELECT PAPER_STEP FROM TB_PAPER_MGT_MST WHERE PAPER_CODE = NVL(D.PAPER_CODE, B.PAPER_CODE)) = 'OA'
AND    A.JOB_MAN = 'P000000001'
UNION ALL
SELECT A.REF_ID
     , A.INOUT_DIV
     , A.REF_NO
     , FN_COM_CODE_NAME('RIGHT_DIV', A.RIGHT_DIV, 'ko-kr', 'ko-kr') RIGHT_DIV_NAME
     , FN_COM_CODE_NAME('INOUT_DIV', A.INOUT_DIV, 'ko-kr', 'ko-kr') INOUT_DIV_NAME
     , FN_PAPER_NAME(B.PAPER_CODE) ||'-'|| FN_PAPER_SUBNAME(B.PAPER_CODE, B.PAPER_SUBCODE) PAPER_NAME
     , A.APP_NO
     , B.URGENT_DATE
     , TO_NUMBER(TO_DATE(B.URGENT_DATE, 'YYYYMMDD') - TO_DATE(TO_CHAR(SYSDATE, 'YYYYMMDD'), 'YYYYMMDD')) URGENT_REMAIN_DAYS
     , B.DUE_DATE
     , TO_NUMBER(TO_DATE(B.DUE_DATE, 'YYYYMMDD') - TO_DATE(TO_CHAR(SYSDATE, 'YYYYMMDD'), 'YYYYMMDD')) DUE_REMAIN_DAYS
     , A.KO_APP_TITLE
     , FN_PAPER_NAME(A.STATUS) STATUS_NAME
     , FN_USER_NAME(A.JOB_MAN) JOB_MAN_NAME
     , FN_OFFICE_NAME(A.OFFICE_CODE) OFFICE_NAME
FROM   TB_APP_MST A
     , (SELECT T1.REF_ID
             , T1.PAPER_CODE
             , T1.PAPER_SUBCODE
             , NVL(T1.URGENT_DATE,T1.DUE_DATE) URGENT_DATE
             , T1.DUE_DATE DUE_DATE
        FROM   TB_PAPER_LIST T1
             , (SELECT P1.REF_ID
                     , MAX(P1.CRE_DATE || P1.LIST_SEQ) PAPER_SEQ
                FROM   TB_PAPER_LIST P1, TB_PAPER_MGT_MST P2
                WHERE  P1.PAPER_CODE = P2.PAPER_CODE
                AND  (URGENT_DATE IS NOT NULL OR DUE_DATE IS NOT NULL)
                AND P2.PAPER_STEP <> 'OA'
                AND P1.DATE_ADMIN ='0'
                GROUP BY REF_ID, PAPER_STEP
               ) T2
        WHERE  T1.REF_ID = T2.REF_ID
        AND    T1.CRE_DATE || T1.LIST_SEQ = T2.PAPER_SEQ
        AND NOT EXISTS (SELECT 1 FROM TB_PAPER_LIST Z1 WHERE Z1.REF_ID = T1.REF_ID
                        AND Z1.PAPER_CODE = (SELECT COPE_PAPER_CODE FROM TB_PAPER_MGT_MST WHERE PAPER_CODE = T1.PAPER_CODE))
       ) B
WHERE  B.REF_ID(+) = A.REF_ID
AND    (B.DUE_DATE IS NOT NULL OR B.URGENT_DATE IS NOT NULL)
AND    A.JOB_MAN = 'P000000001'
) TEMP__1) TEMP__2 WHERE TEMP__2.ROW_NUM > 0 AND TEMP__2.ROW_NUM <= 50
Result : 50 Row(s) Selected
Laptime : 0.737
================================================================================
[2022-06-10 10:04:48.115] /anyfive.ipims.patent.applymgt.common.act.RetrieveExtMasterTabInfo.do
/ipims/patent/applymgt/common/common => /retrieveExtMasterTabInfo
SELECT M.RIGHT_DIV
     , M.INOUT_DIV
     , M.REF_NO
     , M2.GRP_ID
     , (SELECT COUNT(1) FROM TB_APP_EXT_GRP T WHERE T.GRP_ID = M2.GRP_ID) GROUP_EXIST
FROM   TB_APP_MST M
     , TB_APP_MST_EXT M2
WHERE  M.REF_ID = '000000000002513'
AND    M.REF_ID = M2.REF_ID(+)
Result : 1 Row(s) Selected
Laptime : 0.047
================================================================================
[2022-06-10 10:04:48.769] /anyfive.ipims.patent.applymgt.extpatent.master.act.RetrieveExtPatentMaster.do
/ipims/patent/applymgt/extpatent/master => /retrieveExtPatentMaster
SELECT A.REF_ID
     , B.GRP_ID
     , A.REF_NO
     , A.RIGHT_DIV
     , FN_COM_CODE_NAME('RIGHT_DIV', A.RIGHT_DIV, 'ko-kr', 'ko-kr') RIGHT_DIV_NAME
     , A.COUNTRY_CODE
     , FN_COUNTRY_NAME(A.COUNTRY_CODE) AS COUNTRY_CODE_NAME
     , C.GRP_NO
     , A.JOB_MAN
     , FN_USER_NAME(A.JOB_MAN) AS JOB_MAN_NAME
     , A.EXAMREQ_YN
     , C.FIRSTAPP_DATE
     , A.CORGT_YN
     , A.CORGT_MAN
     , A.COSTSHARE_YN
     , A.COSTSHARE_RATIO
     , A.LAB_CODE
     , FN_LAB_NAME(A.LAB_CODE) AS LAB_NAME
     , A.DEPT_CODE
     , FN_DEPT_NAME(A.DEPT_CODE) AS DEPT_NAME
     , A.KO_APP_TITLE
     , A.EN_APP_TITLE
     , A.DIVISION_PRIOR_REF_ID
     , FN_REF_NO(A.DIVISION_PRIOR_REF_ID) DIVISION_PRIOR_REF_NO
     , A.DIVISION_TYPE
     , FN_COM_CODE_NAME('OL_DIVISION_TYPE', A.DIVISION_TYPE, 'ko-kr', 'ko-kr') DIVISION_TYPE_NAME
     , A.OFFICE_CODE
     , FN_OFFICE_NAME(A.OFFICE_CODE) AS OFFICE_NAME
     , A.OFFICE_SEND_DATE
     , A.OFFICE_REF_NO
     , A.OFFICE_JOB_MAN
     , FN_USER_NAME(A.OFFICE_JOB_MAN) AS OFFICE_JOB_MAN_NAME
     , A.OFFICE_CONTACT_YN
     , B.EXT_OFFICE_CODE
     , FN_OFFICE_NAME(EXT_OFFICE_CODE) AS EXT_OFFICE_NAME
     , B.EXT_OFFICE_REF_NO
     , A.STATUS
     , FN_PAPER_NAME(A.STATUS) AS STATUS_NAME
     , A.STATUS_DATE
     , B.BUY_DATE
     , B.BUY_COUNTRY
     , FN_COUNTRY_NAME(B.BUY_COUNTRY) AS BUY_COUNTRY_NAME
     , B.PRIORITY_CLAIM_YN
     , B.PRIORITY_CLAIM_COUNTRY
     , FN_COUNTRY_NAME(B.PRIORITY_CLAIM_COUNTRY) AS PRIORITY_CLAIM_COUNTRY_NAME
     , A.APP_NO
     , A.APP_DATE
     , A.PUB_NO
     , A.PUB_DATE
     , A.NOTICE_NO
     , A.NOTICE_DATE
     , A.REG_NO
     , A.REG_DATE
     , A.IPC_CLS_CODE
     , A.ABD_YN
     , A.ABD_DATE
     , A.ABD_MEMO
     , A.ETC_MEMO
     , D.ABSTRACT AB_ABSTRACT
     , D.CLAIM AB_CLAIM
     , A.SALE_YN
     , A.SALE_PLACE
     , A.SALE_DATE
     , A.PAT_APP_NO
     , A.COSTSHARE_OWNER
     , FN_APP_MAN_NAME(A.COSTSHARE_OWNER) COSTSHARE_OWNER_NAME
FROM   TB_APP_MST A
     , TB_APP_MST_EXT B
     , TB_APP_EXT_GRP C
     , TB_APP_ABSTRACT D
WHERE  A.REF_ID = '000000000002513'
AND    A.REF_ID = B.REF_ID(+)
AND    B.GRP_ID = C.GRP_ID(+)
AND    A.REF_ID = D.REF_ID(+)
Result : 1 Row(s) Selected
Laptime : 0.323
================================================================================
[2022-06-10 10:04:49.107] /anyfive.ipims.patent.applymgt.extpatent.master.act.RetrieveExtPatentMaster.do
/ipims/patent/common/mapping/inventor => /retrieveInventorList
SELECT A.INV_USER USER_ID
     , NVL(C.EMP_NO,A.INV_USER)EMP_NO
     , A.MAIN_INVENTOR_YN
     , B.EMP_HNAME
     , B.EMP_ENAME
     , B.EMP_CNAME
     , C.DIVISN_NAME
     , C.DEPT_NAME
     , A.QUOTA_RATIO
     , C.IN_INVENTOR_YN
     , C.INOUT_NAME
     , C.HOME_ADDR
     , C.POSITION_NAME
FROM   TB_MAPP_INVENTOR A
     , TB_USR_MST B
     , (SELECT T1.USER_ID
             , T1.EMP_NO
             , FN_DIVISN_NAME(T1.DIVISN_CODE) DIVISN_NAME
             , FN_DEPT_NAME(T1.DEPT_CODE) DEPT_NAME
             , '1' IN_INVENTOR_YN
             , '내부' INOUT_NAME
             , T1.HOME_ADDR
             , T1.POSITION_NAME
        FROM   TB_MAPP_INVENTOR I1
             , TB_USR_PATENT T1
        WHERE  I1.REF_ID = '000000000002511'
        AND    I1.INV_USER = T1.USER_ID
        UNION ALL
        SELECT T2.USER_ID
             , T2.EMP_NO
             , NULL DIVISN_NAME
             , CASE WHEN T2.COMPANY_NAME IS NOT NULL
                    THEN FN_APP_MAN_NAME(T2.COMPANY_NAME) || ' (' || NVL(T2.DEPT_NAME,'') || ')'
                    ELSE ''
               END DEPT_NAME
             , '0' IN_INVENTOR_YN
             , '외부' INOUT_NAME
             , T2.HOME_ADDR
             , T2.POSITION_NAME
        FROM   TB_MAPP_INVENTOR I2
             , TB_USR_OUT_INVENTOR T2
        WHERE  I2.REF_ID = '000000000002511'
        AND    I2.INV_USER = T2.USER_ID
       ) C
WHERE  A.REF_ID = '000000000002511'
AND    A.INV_USER = B.USER_ID(+)
AND    A.INV_USER = C.USER_ID(+)
ORDER BY MAIN_INVENTOR_YN DESC, QUOTA_RATIO DESC, EMP_HNAME
Result : 1 Row(s) Selected
Laptime : 0.281
================================================================================
[2022-06-10 10:04:49.215] /anyfive.ipims.patent.applymgt.extpatent.master.act.RetrieveExtPatentMaster.do
/ipims/patent/common/mapping/refno => /retrieveRefNoList
SELECT A.REF_ID
     , A.REF_NO
     , FN_COM_CODE_NAME('RIGHT_DIV', A.RIGHT_DIV, 'ko-kr', 'ko-kr') RIGHT_DIV_NAME
     , FN_USER_NAME(A.JOB_MAN) JOB_MAN_NAME
     , A.KO_APP_TITLE
     , A.APP_NO
     , A.APP_DATE
     , A.REG_NO
     , A.REG_DATE
FROM   TB_MAPP_REF_ID M
     , TB_APP_MST A
WHERE  M.GRP_ID = '000000000002511'
AND    M.MAPP_KIND = 'G'
AND    M.MAPP_DIV = 'N'
AND    M.REF_ID = A.REF_ID
Result : 1 Row(s) Selected
Laptime : 0.066
================================================================================
[2022-06-10 10:04:49.390] /anyfive.ipims.patent.applymgt.extpatent.master.act.RetrieveExtPatentMaster.do
/ipims/patent/common/mapping/appmc => /retrieveAppManCodeList
SELECT FN_APP_MAN_NAME(APP_MAN_CODE) APP_MAN_NAME
     , APP_MAN_CODE
     , MAPP_DIV
     , REF_ID
FROM TB_MAPP_APP_MAN
WHERE REF_ID = '000000000002511'
AND   MAPP_DIV = 'N'
ORDER BY APP_MAN_CODE
Result : 1 Row(s) Selected
Laptime : 0.148
================================================================================
[2022-06-10 10:04:55.877] /anyfive.framework.grid.act.RetrieveGridSortingList.do
/framework/gridconfig => /retrieveGridConfig
SELECT COLUMN_YN
     , SORTING_YN
FROM   TB_USR_GRID_CONFIG
WHERE  USER_ID = 'P000000001'
AND    GRID_ID = 'e0c3b1fcc2442fedf967b49f64d3e134'
Result : 0 Row(s) Selected
Laptime : 0.003
================================================================================
[2022-06-10 10:04:55.877] /anyfive.framework.grid.act.RetrieveGridColumnList.do
/framework/gridconfig => /retrieveGridConfig
SELECT COLUMN_YN
     , SORTING_YN
FROM   TB_USR_GRID_CONFIG
WHERE  USER_ID = 'P000000001'
AND    GRID_ID = 'e0c3b1fcc2442fedf967b49f64d3e134'
Result : 0 Row(s) Selected
Laptime : 0.003
================================================================================
[2022-06-10 10:04:55.883] /anyfive.framework.grid.act.RetrieveGridColumnList.do
/framework/gridconfig => /retrieveGridColumnList
SELECT COL_ID
     , COL_INDEX
     , COL_SHOW
     , COL_FROZEN
     , COL_WIDTH
FROM   TB_USR_GRID_COLUMN
WHERE  USER_ID = 'P000000001'
AND    GRID_ID = 'e0c3b1fcc2442fedf967b49f64d3e134'
ORDER  BY COL_INDEX
Result : 0 Row(s) Selected
Laptime : 0.004
================================================================================
[2022-06-10 10:04:55.883] /anyfive.framework.grid.act.RetrieveGridSortingList.do
/framework/gridconfig => /retrieveGridSortingList
SELECT COL_ID
     , SORT_INDEX
     , SORT_TYPE
FROM   TB_USR_GRID_SORTING
WHERE  USER_ID = 'P000000001'
AND    GRID_ID = 'e0c3b1fcc2442fedf967b49f64d3e134'
ORDER  BY SORT_INDEX
Result : 0 Row(s) Selected
Laptime : 0.004
================================================================================
[2022-06-10 10:04:55.995] /anyfive.framework.codedata.act.RetrieveCodeData.do
/applymgt/oaPaperCode
SELECT A.PAPER_CODE CODE
     , '[' || FN_COM_CODE_NAME('PAPER_DIV', A.PAPER_DIV, 'ko-kr', 'ko-kr') ||
       ' - ' || FN_COM_CODE_NAME('PAPER_INOUT_DIV', A.INOUT_DIV, 'ko-kr', 'ko-kr') || '] ' ||
       A.PAPER_NAME NAME
FROM   TB_PAPER_MGT_MST A
WHERE  A.OA_MGT_STEP = 'S'
ORDER BY A.PAPER_CODE
Result : 12 Row(s) Selected
Laptime : 0.062
================================================================================
[2022-06-10 10:04:56.008] /anyfive.framework.codedata.act.RetrieveCodeData.do
/common/jobManAll
SELECT DISTINCT
       USER_ID CODE
     , FN_USER_NAME(USER_ID) NAME
FROM   TB_MNU_GROUP_USER
WHERE  SYSTEM_TYPE = 'PATENT'
AND    GROUP_CODE IN ('PAT', 'TRA', 'DES')
Result : 16 Row(s) Selected
Laptime : 0.009
================================================================================
[2022-06-10 10:04:56.208] /anyfive.ipims.patent.applymgt.priorjob.oalist.act.RetrieveOAList.do
/ipims/patent/applymgt/priorjob/oalist => /retrieveOAList
/ipims/patent/applymgt/priorjob/oalist => /retrieveOAList/jobMan
/ipims/patent/applymgt/priorjob/oalist => /retrieveOAList/endYn
SELECT COUNT(1) AS TOTAL_COUNT FROM (
SELECT A.REF_ID
     , A.OA_SEQ
     , B.INOUT_DIV
     , B.REF_NO
     , B.APP_NO
     , A.START_PAPER_SEQ
     , FN_PAPER_NAME(C.PAPER_CODE) START_PAPER_NAME
     , D.LIST_SEQ LAST_PAPER_SEQ
     , FN_PAPER_NAME((SELECT S1.PAPER_CODE FROM TB_PAPER_LIST S1 WHERE S1.REF_ID = D.REF_ID AND S1.LIST_SEQ = D.LIST_SEQ)) LAST_PAPER_NAME
     , FN_INVENTOR_NAMES(A.REF_ID) INVENTOR_NAMES
     , C.PAPER_DATE START_PAPER_DATE
     , A.DUE_DATE
     , FN_OFFICE_NAME(B.OFFICE_CODE) OFFICE_NAME
     , FN_USER_NAME(B.JOB_MAN) JOB_MAN_NAME
     , FN_COM_CODE_NAME('YES_NO', A.END_YN, 'ko-kr', 'ko-kr') END_YN_NAME
FROM   TB_OA_HIST A
     , TB_APP_MST B
     , TB_PAPER_LIST C
     , (SELECT X.REF_ID
             , X.OA_SEQ
             , MAX(X.LIST_SEQ) LIST_SEQ
        FROM   TB_PAPER_LIST X
        WHERE  X.PAPER_CODE IN (SELECT PAPER_CODE FROM TB_PAPER_MGT_MST WHERE PAPER_STEP = 'OA')
        GROUP BY X.REF_ID, X.OA_SEQ
       ) D
WHERE  A.REF_ID = B.REF_ID
AND    A.REF_ID = C.REF_ID
AND    A.START_PAPER_SEQ = C.LIST_SEQ
AND    A.REF_ID = D.REF_ID(+)
AND    A.OA_SEQ = D.OA_SEQ(+)
AND    B.JOB_MAN = 'P000000001'
AND    A.END_YN = '0'
) TEMP__1
Result : 1 Row(s) Selected
Laptime : 0.066
================================================================================
[2022-06-10 10:04:56.409] /anyfive.ipims.patent.applymgt.priorjob.oalist.act.RetrieveOAList.do
/ipims/patent/applymgt/priorjob/oalist => /retrieveOAList
/ipims/patent/applymgt/priorjob/oalist => /retrieveOAList/jobMan
/ipims/patent/applymgt/priorjob/oalist => /retrieveOAList/endYn
SELECT TEMP__2.* FROM (SELECT ROW_NUMBER() OVER(ORDER BY "START_PAPER_DATE" DESC) AS ROW_NUM, TEMP__1.* FROM (
SELECT A.REF_ID
     , A.OA_SEQ
     , B.INOUT_DIV
     , B.REF_NO
     , B.APP_NO
     , A.START_PAPER_SEQ
     , FN_PAPER_NAME(C.PAPER_CODE) START_PAPER_NAME
     , D.LIST_SEQ LAST_PAPER_SEQ
     , FN_PAPER_NAME((SELECT S1.PAPER_CODE FROM TB_PAPER_LIST S1 WHERE S1.REF_ID = D.REF_ID AND S1.LIST_SEQ = D.LIST_SEQ)) LAST_PAPER_NAME
     , FN_INVENTOR_NAMES(A.REF_ID) INVENTOR_NAMES
     , C.PAPER_DATE START_PAPER_DATE
     , A.DUE_DATE
     , FN_OFFICE_NAME(B.OFFICE_CODE) OFFICE_NAME
     , FN_USER_NAME(B.JOB_MAN) JOB_MAN_NAME
     , FN_COM_CODE_NAME('YES_NO', A.END_YN, 'ko-kr', 'ko-kr') END_YN_NAME
FROM   TB_OA_HIST A
     , TB_APP_MST B
     , TB_PAPER_LIST C
     , (SELECT X.REF_ID
             , X.OA_SEQ
             , MAX(X.LIST_SEQ) LIST_SEQ
        FROM   TB_PAPER_LIST X
        WHERE  X.PAPER_CODE IN (SELECT PAPER_CODE FROM TB_PAPER_MGT_MST WHERE PAPER_STEP = 'OA')
        GROUP BY X.REF_ID, X.OA_SEQ
       ) D
WHERE  A.REF_ID = B.REF_ID
AND    A.REF_ID = C.REF_ID
AND    A.START_PAPER_SEQ = C.LIST_SEQ
AND    A.REF_ID = D.REF_ID(+)
AND    A.OA_SEQ = D.OA_SEQ(+)
AND    B.JOB_MAN = 'P000000001'
AND    A.END_YN = '0'
) TEMP__1) TEMP__2 WHERE TEMP__2.ROW_NUM > 0 AND TEMP__2.ROW_NUM <= 50
Result : 5 Row(s) Selected
Laptime : 0.200
================================================================================
[2022-06-10 10:04:58.356] /anyfive.ipims.patent.applymgt.common.act.RetrieveExtMasterTabInfo.do
/ipims/patent/applymgt/common/common => /retrieveExtMasterTabInfo
SELECT M.RIGHT_DIV
     , M.INOUT_DIV
     , M.REF_NO
     , M2.GRP_ID
     , (SELECT COUNT(1) FROM TB_APP_EXT_GRP T WHERE T.GRP_ID = M2.GRP_ID) GROUP_EXIST
FROM   TB_APP_MST M
     , TB_APP_MST_EXT M2
WHERE  M.REF_ID = '000000000002531'
AND    M.REF_ID = M2.REF_ID(+)
Result : 1 Row(s) Selected
Laptime : 0.004
================================================================================
[2022-06-10 10:04:58.625] /anyfive.framework.grid.act.RetrieveGridSortingList.do
/framework/gridconfig => /retrieveGridConfig
SELECT COLUMN_YN
     , SORTING_YN
FROM   TB_USR_GRID_CONFIG
WHERE  USER_ID = 'P000000001'
AND    GRID_ID = 'b800146ca35884e772f89cc2cb46a7f0'
Result : 0 Row(s) Selected
Laptime : 0.003
================================================================================
[2022-06-10 10:04:58.626] /anyfive.framework.grid.act.RetrieveGridColumnList.do
/framework/gridconfig => /retrieveGridConfig
SELECT COLUMN_YN
     , SORTING_YN
FROM   TB_USR_GRID_CONFIG
WHERE  USER_ID = 'P000000001'
AND    GRID_ID = 'b800146ca35884e772f89cc2cb46a7f0'
Result : 0 Row(s) Selected
Laptime : 0.003
================================================================================
[2022-06-10 10:04:58.630] /anyfive.framework.grid.act.RetrieveGridSortingList.do
/framework/gridconfig => /retrieveGridSortingList
SELECT COL_ID
     , SORT_INDEX
     , SORT_TYPE
FROM   TB_USR_GRID_SORTING
WHERE  USER_ID = 'P000000001'
AND    GRID_ID = 'b800146ca35884e772f89cc2cb46a7f0'
ORDER  BY SORT_INDEX
Result : 0 Row(s) Selected
Laptime : 0.003
================================================================================
[2022-06-10 10:04:58.630] /anyfive.framework.grid.act.RetrieveGridColumnList.do
/framework/gridconfig => /retrieveGridColumnList
SELECT COL_ID
     , COL_INDEX
     , COL_SHOW
     , COL_FROZEN
     , COL_WIDTH
FROM   TB_USR_GRID_COLUMN
WHERE  USER_ID = 'P000000001'
AND    GRID_ID = 'b800146ca35884e772f89cc2cb46a7f0'
ORDER  BY COL_INDEX
Result : 0 Row(s) Selected
Laptime : 0.003
================================================================================
[2022-06-10 10:04:58.644] /anyfive.ipims.patent.common.abstractinfo.act.RetrieveAbstractInfo.do
/ipims/patent/common/abstractinfo/abstractinfo => /retrieveAbstractMstDiv
SELECT MST_DIV
FROM   V_MASTER_ALL
WHERE  REF_ID = '000000000002531'
Result : 1 Row(s) Selected
Laptime : 0.007
================================================================================
[2022-06-10 10:04:58.660] /anyfive.ipims.patent.common.abstractinfo.act.RetrieveAbstractInfo.do
/ipims/patent/common/abstractinfo/abstractinfo => /retrieveAbstractInfoA
SELECT 'A' MST_DIV
     , A.REF_NO
     , A.RIGHT_DIV
     , A.INOUT_DIV
     , FN_INVENTOR_NAMES(A.REF_ID) INVENTOR_NAMES
     , FN_USER_NAME(A.JOB_MAN) JOB_MAN_NAME
     , A.KO_APP_TITLE
     , FN_USER_NAME(A.OFFICE_JOB_MAN) OFFICE_JOB_MAN_NAME
     , FN_PAPER_NAME(A.STATUS) STATUS_NAME
     , A.STATUS_DATE
     , A.OFFICE_CODE
     , FN_OFFICE_NAME(A.OFFICE_CODE) OFFICE_NAME
     , A.APP_NO
     , A.APP_DATE
     , A.OFFICE_REF_NO
     , A.PAT_APP_NO
     , B.EXT_OFFICE_CODE
     , FN_OFFICE_NAME(B.EXT_OFFICE_CODE) AS EXT_OFFICE_NAME
     , A.REG_NO
     , A.REG_DATE
     , B.EXT_OFFICE_REF_NO
FROM   TB_APP_MST A , TB_APP_MST_EXT B
WHERE A.REF_ID = B.REF_ID(+)
AND   A.REF_ID = '000000000002531'
Result : 1 Row(s) Selected
Laptime : 0.014
================================================================================
[2022-06-10 10:04:58.733] /anyfive.ipims.share.docpaper.docpaper.act.RetrieveDocPaperDetailList.do
/ipims/share/docpaper/docpaper => /retrieveDocPaperDetailList
SELECT A.LIST_SEQ
     , B.PAPER_NAME || '-' || C.PAPER_SUBNAME PAPER_FULL_NAME
     , A.PAPER_REF_NO
     , A.COMMENTS
     , A.PAPER_DATE
     , A.INPUT_OWNER
     , FN_COM_CODE_NAME('DOC_INPUT_OWNER', A.INPUT_OWNER, 'ko-kr', 'ko-kr') INPUT_OWNER_NAME
     , A.URGENT_DATE
     , A.DUE_DATE
     , A.CRE_DATE
     , A.CONFIRM_DATE
     , DECODE(FN_PAPER_CONFIRM_OWNER(A.REF_ID, A.LIST_SEQ), NULL,'-', NVL(A.CONFIRM_DATE, '미확인')) CONFIRM_DATE2
FROM   TB_PAPER_LIST A
     , TB_PAPER_MGT_MST B
     , TB_PAPER_MGT_SUB C
WHERE  A.REF_ID = '000000000002531'
AND    A.PAPER_CODE = B.PAPER_CODE
AND    A.PAPER_CODE = C.PAPER_CODE
AND    A.PAPER_SUBCODE = C.PAPER_SUBCODE
ORDER BY A.PAPER_DATE DESC, A.LIST_SEQ DESC
Result : 23 Row(s) Selected
Laptime : 0.021
================================================================================
[2022-06-10 10:04:59.112] /anyfive.ipims.share.docpaper.docpaper.act.RetrieveDocPaper.do
/ipims/share/docpaper/docpaper => /retrieveDocPaper
SELECT A.LIST_SEQ
     , B.PAPER_NAME
     , C.PAPER_SUBNAME
     , A.CRE_DATE
     , A.PAPER_DATE
     , A.URGENT_DATE
     , A.DUE_DATE
     , A.PAPER_REF_NO
     , A.COMMENTS
     , A.REMARK
     , A.FILE_ID
     , A.OFFICE_DISP_YN
     , A.INVENTOR_DISP_YN
     , A.INPUT_OWNER
     , FN_PAPER_CONFIRM_OWNER(A.REF_ID, A.LIST_SEQ) CONFIRM_OWNER
     , A.CRE_USER
     , A.CONFIRM_DATE
     , DECODE(FN_PAPER_CONFIRM_OWNER(A.REF_ID, A.LIST_SEQ), NULL,'-', NVL(A.CONFIRM_DATE, '미확인')) CONFIRM_DATE2
     , B.INPUT_HELP
     , B.OA_MGT_STEP
     , NVL(B.BIZ_BUTTON_NAME, C.BIZ_BUTTON_NAME) BIZ_BUTTON_NAME
     , NVL(B.BIZ_VIEW_PATH, C.BIZ_VIEW_PATH) BIZ_VIEW_PATH
     , B.PATTEAM_INPUT_YN
     , B.INVENTOR_INPUT_YN
     , D.PAPER_CODE COPE_PAPER_CODE
     , D.BIZ_BUTTON_NAME COPE_BIZ_BUTTON_NAME
     , D.BIZ_VIEW_PATH COPE_BIZ_VIEW_PATH
     , D.PATTEAM_INPUT_YN COPE_PATTEAM_INPUT_YN
     , D.INVENTOR_INPUT_YN COPE_INVENTOR_INPUT_YN
     , B.PATTEAM_COPE_BUTTON
     , B.PATTEAM_COPE_VIEW
     , B.INVENTOR_COPE_BUTTON
     , B.INVENTOR_COPE_VIEW
     , (SELECT JOB_MAN FROM V_MASTER_ALL T WHERE T.REF_ID = A.REF_ID AND MST_DIV NOT IN ('C') ) JOB_MAN
FROM   TB_PAPER_LIST A
     , TB_PAPER_MGT_MST B
     , TB_PAPER_MGT_SUB C
     , (SELECT PAPER_CODE
             , BIZ_BUTTON_NAME
             , BIZ_VIEW_PATH
             , PATTEAM_INPUT_YN
             , INVENTOR_INPUT_YN
        FROM   TB_PAPER_MGT_MST
       ) D
WHERE  A.REF_ID = '000000000002531'
AND    A.LIST_SEQ = '00022'
AND    A.PAPER_CODE = B.PAPER_CODE
AND    A.PAPER_CODE = C.PAPER_CODE
AND    A.PAPER_SUBCODE = C.PAPER_SUBCODE
AND    B.COPE_PAPER_CODE = D.PAPER_CODE(+)
ORDER BY A.PAPER_DATE DESC, A.LIST_SEQ DESC
Result : 1 Row(s) Selected
Laptime : 0.075
================================================================================
[2022-06-10 10:04:59.238] /anyfive.framework.file.act.RetrieveFileList.do
/framework/file => /retrieveFileList
SELECT FILE_ID
     , FILE_SEQ
     , FILE_POLICY
     , FILE_REPOSITORY
     , FILE_PATH
     , FILE_NAME_ORG
     , FILE_NAME
     , FILE_SIZE
     , DOWNLOAD_KEY
FROM   TB_COM_FILE
WHERE  FILE_ID = '000000002833'
ORDER  BY FILE_SEQ
Result : 0 Row(s) Selected
Laptime : 0.096
